<?xml version="1.0" encoding="UTF-8"?>
<coverage generated="1767157952336" clover="3.2.0">
  <project timestamp="1767157952336" name="All files">
    <metrics statements="2403" coveredstatements="1364" conditionals="2158" coveredconditionals="1050" methods="723" coveredmethods="316" elements="5284" coveredelements="2730" complexity="0" loc="2403" ncloc="2403" packages="13" files="86" classes="86"/>
    <package name="src">
      <metrics statements="38" coveredstatements="24" conditionals="47" coveredconditionals="19" methods="5" coveredmethods="4"/>
      <file name="config.ts" path="C:\Users\WIN10\האחסון שלי\projects\winwin\src\config.ts">
        <metrics statements="19" coveredstatements="16" conditionals="23" coveredconditionals="13" methods="3" coveredmethods="3"/>
        <line num="12" count="16" type="cond" truecount="1" falsecount="0"/>
        <line num="14" count="32" type="stmt"/>
        <line num="15" count="32" type="cond" truecount="1" falsecount="1"/>
        <line num="16" count="32" type="cond" truecount="1" falsecount="2"/>
        <line num="19" count="0" type="cond" truecount="0" falsecount="4"/>
        <line num="20" count="0" type="cond" truecount="0" falsecount="2"/>
        <line num="22" count="0" type="stmt"/>
        <line num="25" count="16" type="stmt"/>
        <line num="34" count="16" type="stmt"/>
        <line num="45" count="16" type="stmt"/>
        <line num="47" count="72" type="cond" truecount="2" falsecount="0"/>
        <line num="48" count="66" type="stmt"/>
        <line num="49" count="66" type="cond" truecount="2" falsecount="0"/>
        <line num="52" count="6" type="stmt"/>
        <line num="58" count="16" type="stmt"/>
        <line num="59" count="2" type="cond" truecount="3" falsecount="1"/>
        <line num="61" count="2" type="stmt"/>
        <line num="62" count="2" type="stmt"/>
        <line num="64" count="2" type="cond" truecount="3" falsecount="0"/>
      </file>
      <file name="supabaseClient.ts" path="C:\Users\WIN10\האחסון שלי\projects\winwin\src\supabaseClient.ts">
        <metrics statements="19" coveredstatements="8" conditionals="24" coveredconditionals="6" methods="2" coveredmethods="1"/>
        <line num="11" count="11" type="stmt"/>
        <line num="13" count="22" type="cond" truecount="1" falsecount="1"/>
        <line num="14" count="22" type="cond" truecount="1" falsecount="1"/>
        <line num="15" count="22" type="cond" truecount="1" falsecount="1"/>
        <line num="18" count="0" type="cond" truecount="0" falsecount="4"/>
        <line num="19" count="0" type="stmt"/>
        <line num="20" count="0" type="cond" truecount="0" falsecount="2"/>
        <line num="22" count="0" type="stmt"/>
        <line num="26" count="11" type="stmt"/>
        <line num="27" count="11" type="stmt"/>
        <line num="30" count="11" type="cond" truecount="3" falsecount="1"/>
        <line num="31" count="0" type="stmt"/>
        <line num="32" count="0" type="cond" truecount="0" falsecount="2"/>
        <line num="33" count="0" type="cond" truecount="0" falsecount="2"/>
        <line num="35" count="0" type="stmt"/>
        <line num="37" count="0" type="cond" truecount="0" falsecount="4"/>
        <line num="38" count="0" type="stmt"/>
        <line num="43" count="11" type="stmt"/>
        <line num="50" count="0" type="stmt"/>
      </file>
    </package>
    <package name="src.components">
      <metrics statements="60" coveredstatements="52" conditionals="97" coveredconditionals="83" methods="17" coveredmethods="12"/>
      <file name="AdminLayout.tsx" path="C:\Users\WIN10\האחסון שלי\projects\winwin\src\components\AdminLayout.tsx">
        <metrics statements="42" coveredstatements="36" conditionals="82" coveredconditionals="72" methods="16" coveredmethods="11"/>
        <line num="43" count="4" type="stmt"/>
        <line num="44" count="61" type="stmt"/>
        <line num="59" count="4" type="stmt"/>
        <line num="60" count="12" type="stmt"/>
        <line num="61" count="12" type="stmt"/>
        <line num="62" count="12" type="stmt"/>
        <line num="63" count="12" type="stmt"/>
        <line num="65" count="12" type="stmt"/>
        <line num="66" count="10" type="cond" truecount="2" falsecount="0"/>
        <line num="67" count="1" type="stmt"/>
        <line num="68" count="1" type="stmt"/>
        <line num="70" count="9" type="stmt"/>
        <line num="71" count="9" type="stmt"/>
        <line num="73" count="10" type="stmt"/>
        <line num="74" count="10" type="stmt"/>
        <line num="75" count="10" type="stmt"/>
        <line num="79" count="12" type="stmt"/>
        <line num="82" count="0" type="stmt"/>
        <line num="85" count="0" type="stmt"/>
        <line num="89" count="12" type="stmt"/>
        <line num="90" count="8" type="cond" truecount="2" falsecount="0"/>
        <line num="91" count="8" type="stmt"/>
        <line num="92" count="56" type="cond" truecount="2" falsecount="0"/>
        <line num="93" count="40" type="cond" truecount="4" falsecount="0"/>
        <line num="94" count="31" type="stmt"/>
        <line num="98" count="12" type="stmt"/>
        <line num="99" count="8" type="cond" truecount="1" falsecount="1"/>
        <line num="100" count="8" type="cond" truecount="2" falsecount="0"/>
        <line num="101" count="3" type="stmt"/>
        <line num="104" count="12" type="stmt"/>
        <line num="105" count="8" type="cond" truecount="1" falsecount="1"/>
        <line num="106" count="8" type="stmt"/>
        <line num="107" count="8" type="cond" truecount="1" falsecount="1"/>
        <line num="108" count="8" type="stmt"/>
        <line num="110" count="0" type="stmt"/>
        <line num="113" count="12" type="stmt"/>
        <line num="126" count="2" type="stmt"/>
        <line num="139" count="75" type="cond" truecount="2" falsecount="0"/>
        <line num="148" count="0" type="stmt"/>
        <line num="195" count="75" type="cond" truecount="2" falsecount="0"/>
        <line num="200" count="0" type="stmt"/>
        <line num="317" count="0" type="stmt"/>
      </file>
      <file name="ProtectedRoute.tsx" path="C:\Users\WIN10\האחסון שלי\projects\winwin\src\components\ProtectedRoute.tsx">
        <metrics statements="18" coveredstatements="16" conditionals="15" coveredconditionals="11" methods="1" coveredmethods="1"/>
        <line num="18" count="1" type="stmt"/>
        <line num="23" count="4" type="stmt"/>
        <line num="24" count="4" type="stmt"/>
        <line num="25" count="4" type="stmt"/>
        <line num="26" count="4" type="stmt"/>
        <line num="27" count="4" type="stmt"/>
        <line num="29" count="4" type="cond" truecount="4" falsecount="0"/>
        <line num="30" count="1" type="stmt"/>
        <line num="33" count="3" type="cond" truecount="2" falsecount="0"/>
        <line num="34" count="1" type="stmt"/>
        <line num="41" count="2" type="stmt"/>
        <line num="43" count="2" type="cond" truecount="2" falsecount="2"/>
        <line num="44" count="2" type="stmt"/>
        <line num="45" count="0" type="cond" truecount="0" falsecount="2"/>
        <line num="46" count="0" type="stmt"/>
        <line num="49" count="2" type="cond" truecount="2" falsecount="0"/>
        <line num="50" count="1" type="stmt"/>
        <line num="53" count="1" type="stmt"/>
      </file>
    </package>
    <package name="src.components.admin">
      <metrics statements="800" coveredstatements="288" conditionals="702" coveredconditionals="241" methods="240" coveredmethods="67"/>
      <file name="ActionLogPanel.tsx" path="C:\Users\WIN10\האחסון שלי\projects\winwin\src\components\admin\ActionLogPanel.tsx">
        <metrics statements="101" coveredstatements="56" conditionals="109" coveredconditionals="58" methods="29" coveredmethods="12"/>
        <line num="17" count="2" type="stmt"/>
        <line num="31" count="2" type="stmt"/>
        <line num="42" count="14" type="stmt"/>
        <line num="43" count="14" type="stmt"/>
        <line num="45" count="14" type="cond" truecount="2" falsecount="0"/>
        <line num="46" count="14" type="stmt"/>
        <line num="47" count="14" type="stmt"/>
        <line num="48" count="14" type="stmt"/>
        <line num="49" count="14" type="stmt"/>
        <line num="50" count="14" type="stmt"/>
        <line num="51" count="14" type="stmt"/>
        <line num="53" count="14" type="stmt"/>
        <line num="55" count="14" type="stmt"/>
        <line num="57" count="14" type="stmt"/>
        <line num="58" count="7" type="stmt"/>
        <line num="60" count="0" type="cond" truecount="0" falsecount="2"/>
        <line num="61" count="0" type="stmt"/>
        <line num="67" count="7" type="cond" truecount="1" falsecount="1"/>
        <line num="68" count="7" type="stmt"/>
        <line num="72" count="14" type="stmt"/>
        <line num="73" count="7" type="cond" truecount="2" falsecount="0"/>
        <line num="74" count="4" type="stmt"/>
        <line num="79" count="14" type="stmt"/>
        <line num="80" count="7" type="cond" truecount="5" falsecount="0"/>
        <line num="81" count="3" type="stmt"/>
        <line num="85" count="14" type="stmt"/>
        <line num="86" count="0" type="stmt"/>
        <line num="87" count="0" type="stmt"/>
        <line num="90" count="14" type="stmt"/>
        <line num="91" count="4" type="cond" truecount="1" falsecount="1"/>
        <line num="92" count="4" type="stmt"/>
        <line num="93" count="4" type="stmt"/>
        <line num="94" count="4" type="stmt"/>
        <line num="95" count="4" type="cond" truecount="1" falsecount="1"/>
        <line num="96" count="3" type="stmt"/>
        <line num="97" count="3" type="cond" truecount="1" falsecount="1"/>
        <line num="98" count="3" type="stmt"/>
        <line num="100" count="3" type="stmt"/>
        <line num="101" count="3" type="cond" truecount="1" falsecount="1"/>
        <line num="103" count="0" type="stmt"/>
        <line num="104" count="0" type="cond" truecount="0" falsecount="2"/>
        <line num="106" count="3" type="stmt"/>
        <line num="110" count="14" type="stmt"/>
        <line num="111" count="0" type="cond" truecount="0" falsecount="2"/>
        <line num="112" count="0" type="stmt"/>
        <line num="113" count="0" type="stmt"/>
        <line num="114" count="0" type="stmt"/>
        <line num="115" count="0" type="stmt"/>
        <line num="116" count="0" type="stmt"/>
        <line num="117" count="0" type="stmt"/>
        <line num="119" count="0" type="stmt"/>
        <line num="123" count="14" type="stmt"/>
        <line num="124" count="0" type="stmt"/>
        <line num="125" count="0" type="stmt"/>
        <line num="126" count="0" type="stmt"/>
        <line num="127" count="0" type="stmt"/>
        <line num="128" count="0" type="stmt"/>
        <line num="129" count="0" type="stmt"/>
        <line num="130" count="0" type="cond" truecount="0" falsecount="2"/>
        <line num="132" count="0" type="stmt"/>
        <line num="134" count="0" type="stmt"/>
        <line num="138" count="14" type="stmt"/>
        <line num="139" count="0" type="cond" truecount="0" falsecount="2"/>
        <line num="140" count="0" type="cond" truecount="0" falsecount="2"/>
        <line num="142" count="0" type="stmt"/>
        <line num="148" count="0" type="stmt"/>
        <line num="149" count="0" type="stmt"/>
        <line num="150" count="0" type="stmt"/>
        <line num="151" count="0" type="stmt"/>
        <line num="152" count="0" type="stmt"/>
        <line num="153" count="0" type="cond" truecount="0" falsecount="2"/>
        <line num="155" count="0" type="stmt"/>
        <line num="157" count="0" type="stmt"/>
        <line num="163" count="14" type="stmt"/>
        <line num="164" count="0" type="stmt"/>
        <line num="165" count="0" type="stmt"/>
        <line num="168" count="14" type="stmt"/>
        <line num="169" count="26" type="cond" truecount="1" falsecount="1"/>
        <line num="170" count="26" type="stmt"/>
        <line num="171" count="26" type="cond" truecount="1" falsecount="1"/>
        <line num="172" count="0" type="stmt"/>
        <line num="175" count="14" type="stmt"/>
        <line num="176" count="14" type="cond" truecount="4" falsecount="0"/>
        <line num="177" count="11" type="cond" truecount="2" falsecount="0"/>
        <line num="183" count="6" type="stmt"/>
        <line num="184" count="6" type="stmt"/>
        <line num="186" count="6" type="cond" truecount="3" falsecount="3"/>
        <line num="187" count="0" type="cond" truecount="0" falsecount="2"/>
        <line num="188" count="0" type="stmt"/>
        <line num="190" count="6" type="stmt"/>
        <line num="196" count="14" type="stmt"/>
        <line num="229" count="26" type="stmt"/>
        <line num="230" count="26" type="stmt"/>
        <line num="231" count="26" type="stmt"/>
        <line num="233" count="26" type="stmt"/>
        <line num="248" count="0" type="cond" truecount="0" falsecount="2"/>
        <line num="255" count="0" type="cond" truecount="0" falsecount="2"/>
        <line num="267" count="0" type="stmt"/>
        <line num="268" count="0" type="stmt"/>
        <line num="272" count="0" type="stmt"/>
        <line num="273" count="0" type="cond" truecount="3" falsecount="3"/>
      </file>
      <file name="AdminMobileMenu.tsx" path="C:\Users\WIN10\האחסון שלי\projects\winwin\src\components\admin\AdminMobileMenu.tsx">
        <metrics statements="32" coveredstatements="18" conditionals="44" coveredconditionals="15" methods="13" coveredmethods="4"/>
        <line num="10" count="1" type="stmt"/>
        <line num="31" count="1" type="stmt"/>
        <line num="49" count="1" type="stmt"/>
        <line num="50" count="1" type="stmt"/>
        <line num="51" count="1" type="stmt"/>
        <line num="52" count="1" type="cond" truecount="2" falsecount="0"/>
        <line num="53" count="1" type="stmt"/>
        <line num="55" count="1" type="stmt"/>
        <line num="56" count="0" type="cond" truecount="0" falsecount="2"/>
        <line num="57" count="0" type="cond" truecount="0" falsecount="4"/>
        <line num="58" count="0" type="stmt"/>
        <line num="62" count="1" type="stmt"/>
        <line num="63" count="1" type="cond" truecount="1" falsecount="1"/>
        <line num="64" count="1" type="stmt"/>
        <line num="65" count="1" type="stmt"/>
        <line num="67" count="0" type="stmt"/>
        <line num="68" count="0" type="stmt"/>
        <line num="70" count="1" type="stmt"/>
        <line num="71" count="1" type="stmt"/>
        <line num="72" count="1" type="stmt"/>
        <line num="76" count="1" type="stmt"/>
        <line num="77" count="0" type="stmt"/>
        <line num="78" count="0" type="stmt"/>
        <line num="81" count="1" type="stmt"/>
        <line num="86" count="0" type="stmt"/>
        <line num="125" count="0" type="cond" truecount="0" falsecount="2"/>
        <line num="130" count="0" type="stmt"/>
        <line num="147" count="0" type="stmt"/>
        <line num="155" count="0" type="stmt"/>
        <line num="169" count="1" type="stmt"/>
        <line num="176" count="0" type="stmt"/>
        <line num="183" count="0" type="stmt"/>
      </file>
      <file name="AdminSidebar.tsx" path="C:\Users\WIN10\האחסון שלי\projects\winwin\src\components\admin\AdminSidebar.tsx">
        <metrics statements="17" coveredstatements="6" conditionals="36" coveredconditionals="4" methods="8" coveredmethods="1"/>
        <line num="19" count="2" type="stmt"/>
        <line num="30" count="2" type="stmt"/>
        <line num="31" count="2" type="stmt"/>
        <line num="32" count="2" type="stmt"/>
        <line num="34" count="2" type="stmt"/>
        <line num="35" count="0" type="stmt"/>
        <line num="36" count="0" type="stmt"/>
        <line num="37" count="0" type="cond" truecount="0" falsecount="2"/>
        <line num="38" count="0" type="stmt"/>
        <line num="39" count="0" type="stmt"/>
        <line num="41" count="0" type="stmt"/>
        <line num="42" count="0" type="stmt"/>
        <line num="47" count="2" type="stmt"/>
        <line num="53" count="0" type="cond" truecount="0" falsecount="2"/>
        <line num="58" count="0" type="stmt"/>
        <line num="59" count="0" type="stmt"/>
        <line num="117" count="0" type="stmt"/>
      </file>
      <file name="AiSettings.tsx" path="C:\Users\WIN10\האחסון שלי\projects\winwin\src\components\admin\AiSettings.tsx">
        <metrics statements="59" coveredstatements="31" conditionals="54" coveredconditionals="24" methods="16" coveredmethods="3"/>
        <line num="14" count="2" type="stmt"/>
        <line num="21" count="2" type="stmt"/>
        <line num="22" count="4" type="stmt"/>
        <line num="23" count="4" type="stmt"/>
        <line num="24" count="4" type="stmt"/>
        <line num="26" count="4" type="stmt"/>
        <line num="27" count="4" type="stmt"/>
        <line num="28" count="4" type="stmt"/>
        <line num="29" count="4" type="stmt"/>
        <line num="31" count="4" type="stmt"/>
        <line num="32" count="4" type="stmt"/>
        <line num="33" count="4" type="stmt"/>
        <line num="34" count="4" type="stmt"/>
        <line num="36" count="4" type="stmt"/>
        <line num="37" count="2" type="cond" truecount="2" falsecount="0"/>
        <line num="38" count="2" type="cond" truecount="2" falsecount="0"/>
        <line num="39" count="2" type="cond" truecount="2" falsecount="0"/>
        <line num="42" count="4" type="stmt"/>
        <line num="44" count="4" type="stmt"/>
        <line num="45" count="4" type="cond" truecount="2" falsecount="0"/>
        <line num="46" count="4" type="cond" truecount="2" falsecount="0"/>
        <line num="47" count="4" type="cond" truecount="2" falsecount="0"/>
        <line num="49" count="4" type="stmt"/>
        <line num="50" count="4" type="stmt"/>
        <line num="51" count="4" type="stmt"/>
        <line num="53" count="4" type="cond" truecount="3" falsecount="0"/>
        <line num="56" count="4" type="stmt"/>
        <line num="57" count="0" type="stmt"/>
        <line num="58" count="0" type="cond" truecount="0" falsecount="4"/>
        <line num="59" count="0" type="stmt"/>
        <line num="60" count="0" type="stmt"/>
        <line num="64" count="4" type="stmt"/>
        <line num="65" count="0" type="stmt"/>
        <line num="70" count="0" type="stmt"/>
        <line num="75" count="4" type="stmt"/>
        <line num="76" count="0" type="stmt"/>
        <line num="77" count="0" type="stmt"/>
        <line num="78" count="0" type="stmt"/>
        <line num="79" count="0" type="stmt"/>
        <line num="80" count="0" type="stmt"/>
        <line num="81" count="0" type="stmt"/>
        <line num="84" count="4" type="stmt"/>
        <line num="85" count="0" type="stmt"/>
        <line num="86" count="0" type="stmt"/>
        <line num="87" count="0" type="stmt"/>
        <line num="88" count="0" type="stmt"/>
        <line num="98" count="0" type="cond" truecount="0" falsecount="2"/>
        <line num="99" count="0" type="stmt"/>
        <line num="100" count="0" type="stmt"/>
        <line num="101" count="0" type="cond" truecount="0" falsecount="2"/>
        <line num="102" count="0" type="stmt"/>
        <line num="104" count="0" type="stmt"/>
        <line num="106" count="0" type="stmt"/>
        <line num="110" count="4" type="stmt"/>
        <line num="151" count="0" type="stmt"/>
        <line num="180" count="0" type="stmt"/>
        <line num="197" count="0" type="stmt"/>
        <line num="213" count="0" type="stmt"/>
        <line num="215" count="0" type="stmt"/>
      </file>
      <file name="ClassesManager.tsx" path="C:\Users\WIN10\האחסון שלי\projects\winwin\src\components\admin\ClassesManager.tsx">
        <metrics statements="209" coveredstatements="46" conditionals="96" coveredconditionals="11" methods="53" coveredmethods="16"/>
        <line num="21" count="4" type="stmt"/>
        <line num="30" count="4" type="stmt"/>
        <line num="36" count="4" type="stmt"/>
        <line num="37" count="9" type="stmt"/>
        <line num="38" count="9" type="stmt"/>
        <line num="40" count="9" type="stmt"/>
        <line num="41" count="9" type="stmt"/>
        <line num="42" count="9" type="stmt"/>
        <line num="44" count="9" type="stmt"/>
        <line num="45" count="9" type="stmt"/>
        <line num="46" count="9" type="stmt"/>
        <line num="48" count="9" type="stmt"/>
        <line num="49" count="0" type="stmt"/>
        <line num="57" count="9" type="stmt"/>
        <line num="58" count="9" type="stmt"/>
        <line num="59" count="9" type="stmt"/>
        <line num="60" count="9" type="stmt"/>
        <line num="61" count="9" type="stmt"/>
        <line num="63" count="9" type="stmt"/>
        <line num="64" count="9" type="stmt"/>
        <line num="65" count="9" type="stmt"/>
        <line num="66" count="9" type="stmt"/>
        <line num="67" count="9" type="stmt"/>
        <line num="69" count="10" type="stmt"/>
        <line num="71" count="9" type="stmt"/>
        <line num="72" count="5" type="stmt"/>
        <line num="73" count="6" type="stmt"/>
        <line num="74" count="1" type="stmt"/>
        <line num="77" count="9" type="stmt"/>
        <line num="78" count="0" type="stmt"/>
        <line num="79" count="0" type="stmt"/>
        <line num="80" count="0" type="cond" truecount="0" falsecount="4"/>
        <line num="82" count="0" type="stmt"/>
        <line num="83" count="0" type="stmt"/>
        <line num="89" count="0" type="cond" truecount="0" falsecount="2"/>
        <line num="91" count="0" type="stmt"/>
        <line num="92" count="0" type="stmt"/>
        <line num="93" count="0" type="stmt"/>
        <line num="94" count="0" type="stmt"/>
        <line num="95" count="0" type="cond" truecount="0" falsecount="2"/>
        <line num="96" count="0" type="stmt"/>
        <line num="98" count="0" type="stmt"/>
        <line num="102" count="9" type="stmt"/>
        <line num="103" count="0" type="stmt"/>
        <line num="104" count="0" type="cond" truecount="0" falsecount="2"/>
        <line num="106" count="0" type="stmt"/>
        <line num="107" count="0" type="cond" truecount="0" falsecount="2"/>
        <line num="109" count="0" type="stmt"/>
        <line num="110" count="0" type="stmt"/>
        <line num="115" count="0" type="cond" truecount="0" falsecount="2"/>
        <line num="117" count="0" type="stmt"/>
        <line num="118" count="0" type="stmt"/>
        <line num="119" count="0" type="stmt"/>
        <line num="120" count="0" type="stmt"/>
        <line num="121" count="0" type="cond" truecount="0" falsecount="2"/>
        <line num="122" count="0" type="stmt"/>
        <line num="124" count="0" type="stmt"/>
        <line num="128" count="9" type="stmt"/>
        <line num="129" count="0" type="stmt"/>
        <line num="130" count="0" type="stmt"/>
        <line num="131" count="0" type="stmt"/>
        <line num="132" count="0" type="stmt"/>
        <line num="135" count="0" type="stmt"/>
        <line num="136" count="0" type="stmt"/>
        <line num="137" count="0" type="cond" truecount="0" falsecount="2"/>
        <line num="139" count="0" type="stmt"/>
        <line num="140" count="0" type="cond" truecount="0" falsecount="2"/>
        <line num="141" count="0" type="stmt"/>
        <line num="142" count="0" type="stmt"/>
        <line num="144" count="0" type="stmt"/>
        <line num="145" count="0" type="stmt"/>
        <line num="146" count="0" type="stmt"/>
        <line num="147" count="0" type="stmt"/>
        <line num="148" count="0" type="stmt"/>
        <line num="150" count="0" type="stmt"/>
        <line num="154" count="9" type="stmt"/>
        <line num="155" count="0" type="stmt"/>
        <line num="156" count="0" type="stmt"/>
        <line num="157" count="0" type="cond" truecount="0" falsecount="5"/>
        <line num="159" count="0" type="stmt"/>
        <line num="160" count="0" type="stmt"/>
        <line num="166" count="0" type="cond" truecount="0" falsecount="2"/>
        <line num="168" count="0" type="stmt"/>
        <line num="169" count="0" type="stmt"/>
        <line num="170" count="0" type="stmt"/>
        <line num="171" count="0" type="cond" truecount="0" falsecount="2"/>
        <line num="172" count="0" type="stmt"/>
        <line num="174" count="0" type="stmt"/>
        <line num="178" count="9" type="stmt"/>
        <line num="179" count="0" type="stmt"/>
        <line num="180" count="0" type="cond" truecount="0" falsecount="2"/>
        <line num="182" count="0" type="stmt"/>
        <line num="183" count="0" type="cond" truecount="0" falsecount="2"/>
        <line num="185" count="0" type="stmt"/>
        <line num="186" count="0" type="stmt"/>
        <line num="190" count="0" type="cond" truecount="0" falsecount="2"/>
        <line num="192" count="0" type="stmt"/>
        <line num="193" count="0" type="stmt"/>
        <line num="194" count="0" type="stmt"/>
        <line num="195" count="0" type="stmt"/>
        <line num="196" count="0" type="cond" truecount="0" falsecount="2"/>
        <line num="197" count="0" type="stmt"/>
        <line num="199" count="0" type="stmt"/>
        <line num="203" count="9" type="stmt"/>
        <line num="204" count="0" type="stmt"/>
        <line num="210" count="0" type="stmt"/>
        <line num="211" count="0" type="stmt"/>
        <line num="212" count="0" type="stmt"/>
        <line num="213" count="0" type="stmt"/>
        <line num="214" count="0" type="cond" truecount="0" falsecount="2"/>
        <line num="215" count="0" type="stmt"/>
        <line num="217" count="0" type="stmt"/>
        <line num="223" count="9" type="stmt"/>
        <line num="224" count="0" type="stmt"/>
        <line num="225" count="0" type="cond" truecount="0" falsecount="4"/>
        <line num="227" count="0" type="stmt"/>
        <line num="228" count="0" type="stmt"/>
        <line num="230" count="0" type="stmt"/>
        <line num="231" count="0" type="stmt"/>
        <line num="232" count="0" type="stmt"/>
        <line num="233" count="0" type="cond" truecount="0" falsecount="4"/>
        <line num="235" count="0" type="stmt"/>
        <line num="236" count="0" type="stmt"/>
        <line num="237" count="0" type="stmt"/>
        <line num="238" count="0" type="stmt"/>
        <line num="239" count="0" type="stmt"/>
        <line num="241" count="0" type="stmt"/>
        <line num="242" count="0" type="stmt"/>
        <line num="243" count="0" type="cond" truecount="0" falsecount="2"/>
        <line num="244" count="0" type="stmt"/>
        <line num="245" count="0" type="stmt"/>
        <line num="249" count="0" type="cond" truecount="0" falsecount="2"/>
        <line num="251" count="0" type="stmt"/>
        <line num="252" count="0" type="stmt"/>
        <line num="253" count="0" type="stmt"/>
        <line num="254" count="0" type="cond" truecount="0" falsecount="2"/>
        <line num="257" count="0" type="cond" truecount="0" falsecount="4"/>
        <line num="259" count="0" type="stmt"/>
        <line num="261" count="0" type="stmt"/>
        <line num="262" count="0" type="stmt"/>
        <line num="263" count="0" type="stmt"/>
        <line num="264" count="0" type="cond" truecount="0" falsecount="4"/>
        <line num="265" count="0" type="stmt"/>
        <line num="266" count="0" type="stmt"/>
        <line num="267" count="0" type="cond" truecount="0" falsecount="2"/>
        <line num="268" count="0" type="cond" truecount="0" falsecount="4"/>
        <line num="269" count="0" type="cond" truecount="0" falsecount="2"/>
        <line num="270" count="0" type="cond" truecount="0" falsecount="2"/>
        <line num="271" count="0" type="stmt"/>
        <line num="275" count="0" type="stmt"/>
        <line num="276" count="0" type="stmt"/>
        <line num="277" count="0" type="stmt"/>
        <line num="278" count="0" type="stmt"/>
        <line num="280" count="0" type="stmt"/>
        <line num="281" count="0" type="stmt"/>
        <line num="282" count="0" type="cond" truecount="0" falsecount="2"/>
        <line num="283" count="0" type="stmt"/>
        <line num="284" count="0" type="stmt"/>
        <line num="285" count="0" type="stmt"/>
        <line num="286" count="0" type="cond" truecount="0" falsecount="2"/>
        <line num="287" count="0" type="stmt"/>
        <line num="288" count="0" type="stmt"/>
        <line num="290" count="0" type="cond" truecount="0" falsecount="2"/>
        <line num="291" count="0" type="stmt"/>
        <line num="292" count="0" type="stmt"/>
        <line num="293" count="0" type="cond" truecount="0" falsecount="2"/>
        <line num="294" count="0" type="stmt"/>
        <line num="298" count="0" type="stmt"/>
        <line num="299" count="0" type="stmt"/>
        <line num="300" count="0" type="cond" truecount="0" falsecount="2"/>
        <line num="301" count="0" type="stmt"/>
        <line num="303" count="0" type="stmt"/>
        <line num="305" count="0" type="stmt"/>
        <line num="306" count="0" type="stmt"/>
        <line num="309" count="0" type="stmt"/>
        <line num="312" count="9" type="stmt"/>
        <line num="333" count="0" type="stmt"/>
        <line num="334" count="0" type="stmt"/>
        <line num="335" count="0" type="stmt"/>
        <line num="336" count="0" type="stmt"/>
        <line num="337" count="0" type="stmt"/>
        <line num="348" count="0" type="stmt"/>
        <line num="377" count="0" type="stmt"/>
        <line num="388" count="0" type="cond" truecount="0" falsecount="2"/>
        <line num="394" count="0" type="stmt"/>
        <line num="413" count="20" type="stmt"/>
        <line num="425" count="20" type="stmt"/>
        <line num="430" count="1" type="stmt"/>
        <line num="441" count="20" type="stmt"/>
        <line num="442" count="1" type="cond" truecount="2" falsecount="0"/>
        <line num="444" count="1" type="stmt"/>
        <line num="449" count="0" type="stmt"/>
        <line num="461" count="0" type="stmt"/>
        <line num="470" count="0" type="stmt"/>
        <line num="481" count="126" type="cond" truecount="2" falsecount="0"/>
        <line num="490" count="0" type="stmt"/>
        <line num="500" count="0" type="stmt"/>
        <line num="508" count="0" type="stmt"/>
        <line num="518" count="0" type="stmt"/>
        <line num="528" count="0" type="stmt"/>
        <line num="540" count="0" type="stmt"/>
        <line num="551" count="0" type="stmt"/>
        <line num="562" count="0" type="stmt"/>
        <line num="574" count="2" type="stmt"/>
        <line num="579" count="4" type="stmt"/>
        <line num="583" count="4" type="stmt"/>
        <line num="584" count="1" type="stmt"/>
        <line num="585" count="0" type="stmt"/>
        <line num="595" count="0" type="stmt"/>
      </file>
      <file name="GoalsManagement.tsx" path="C:\Users\WIN10\האחסון שלי\projects\winwin\src\components\admin\GoalsManagement.tsx">
        <metrics statements="34" coveredstatements="9" conditionals="16" coveredconditionals="0" methods="11" coveredmethods="1"/>
        <line num="13" count="1" type="stmt"/>
        <line num="23" count="1" type="stmt"/>
        <line num="30" count="1" type="stmt"/>
        <line num="31" count="1" type="stmt"/>
        <line num="33" count="1" type="stmt"/>
        <line num="35" count="1" type="stmt"/>
        <line num="36" count="0" type="stmt"/>
        <line num="37" count="0" type="stmt"/>
        <line num="40" count="1" type="stmt"/>
        <line num="41" count="0" type="stmt"/>
        <line num="42" count="0" type="stmt"/>
        <line num="45" count="1" type="stmt"/>
        <line num="79" count="0" type="stmt"/>
        <line num="89" count="0" type="cond" truecount="0" falsecount="2"/>
        <line num="90" count="0" type="cond" truecount="0" falsecount="2"/>
        <line num="91" count="0" type="stmt"/>
        <line num="92" count="0" type="cond" truecount="0" falsecount="2"/>
        <line num="94" count="0" type="stmt"/>
        <line num="115" count="0" type="stmt"/>
        <line num="125" count="1" type="stmt"/>
        <line num="126" count="0" type="stmt"/>
        <line num="127" count="0" type="cond" truecount="0" falsecount="2"/>
        <line num="128" count="0" type="stmt"/>
        <line num="129" count="0" type="stmt"/>
        <line num="131" count="0" type="stmt"/>
        <line num="132" count="0" type="stmt"/>
        <line num="133" count="0" type="cond" truecount="0" falsecount="2"/>
        <line num="134" count="0" type="stmt"/>
        <line num="135" count="0" type="stmt"/>
        <line num="136" count="0" type="stmt"/>
        <line num="137" count="0" type="stmt"/>
        <line num="138" count="0" type="stmt"/>
        <line num="141" count="0" type="stmt"/>
        <line num="146" count="0" type="stmt"/>
      </file>
      <file name="MessagesManager.tsx" path="C:\Users\WIN10\האחסון שלי\projects\winwin\src\components\admin\MessagesManager.tsx">
        <metrics statements="62" coveredstatements="25" conditionals="28" coveredconditionals="6" methods="26" coveredmethods="8"/>
        <line num="20" count="2" type="stmt"/>
        <line num="22" count="2" type="stmt"/>
        <line num="23" count="4" type="stmt"/>
        <line num="25" count="2" type="stmt"/>
        <line num="26" count="4" type="stmt"/>
        <line num="36" count="2" type="stmt"/>
        <line num="37" count="4" type="stmt"/>
        <line num="38" count="4" type="stmt"/>
        <line num="39" count="4" type="stmt"/>
        <line num="40" count="4" type="stmt"/>
        <line num="41" count="4" type="stmt"/>
        <line num="43" count="4" type="stmt"/>
        <line num="44" count="4" type="stmt"/>
        <line num="45" count="4" type="stmt"/>
        <line num="47" count="4" type="stmt"/>
        <line num="64" count="4" type="stmt"/>
        <line num="65" count="0" type="cond" truecount="0" falsecount="2"/>
        <line num="66" count="0" type="stmt"/>
        <line num="69" count="4" type="stmt"/>
        <line num="70" count="0" type="stmt"/>
        <line num="71" count="0" type="stmt"/>
        <line num="72" count="0" type="cond" truecount="0" falsecount="2"/>
        <line num="73" count="0" type="stmt"/>
        <line num="74" count="0" type="stmt"/>
        <line num="75" count="0" type="stmt"/>
        <line num="76" count="0" type="stmt"/>
        <line num="78" count="0" type="stmt"/>
        <line num="82" count="4" type="stmt"/>
        <line num="83" count="0" type="stmt"/>
        <line num="84" count="0" type="cond" truecount="0" falsecount="4"/>
        <line num="85" count="0" type="stmt"/>
        <line num="86" count="0" type="stmt"/>
        <line num="87" count="0" type="stmt"/>
        <line num="88" count="0" type="stmt"/>
        <line num="90" count="0" type="stmt"/>
        <line num="95" count="4" type="stmt"/>
        <line num="96" count="0" type="cond" truecount="0" falsecount="6"/>
        <line num="97" count="0" type="stmt"/>
        <line num="98" count="0" type="stmt"/>
        <line num="99" count="0" type="cond" truecount="0" falsecount="2"/>
        <line num="100" count="0" type="stmt"/>
        <line num="101" count="0" type="stmt"/>
        <line num="102" count="0" type="stmt"/>
        <line num="104" count="0" type="stmt"/>
        <line num="106" count="0" type="stmt"/>
        <line num="109" count="4" type="stmt"/>
        <line num="134" count="0" type="stmt"/>
        <line num="146" count="56" type="stmt"/>
        <line num="149" count="0" type="stmt"/>
        <line num="177" count="4" type="stmt"/>
        <line num="192" count="0" type="cond" truecount="1" falsecount="1"/>
        <line num="194" count="0" type="cond" truecount="1" falsecount="1"/>
        <line num="202" count="1" type="stmt"/>
        <line num="207" count="0" type="stmt"/>
        <line num="210" count="1" type="stmt"/>
        <line num="211" count="0" type="stmt"/>
        <line num="229" count="0" type="stmt"/>
        <line num="232" count="0" type="stmt"/>
        <line num="236" count="0" type="stmt"/>
        <line num="248" count="56" type="stmt"/>
        <line num="251" count="0" type="stmt"/>
        <line num="263" count="0" type="stmt"/>
      </file>
      <file name="MyClassStatus.tsx" path="C:\Users\WIN10\האחסון שלי\projects\winwin\src\components\admin\MyClassStatus.tsx">
        <metrics statements="25" coveredstatements="16" conditionals="26" coveredconditionals="5" methods="13" coveredmethods="5"/>
        <line num="13" count="1" type="stmt"/>
        <line num="14" count="1" type="stmt"/>
        <line num="15" count="1" type="stmt"/>
        <line num="16" count="1" type="stmt"/>
        <line num="18" count="1" type="stmt"/>
        <line num="19" count="1" type="cond" truecount="1" falsecount="1"/>
        <line num="22" count="1" type="stmt"/>
        <line num="24" count="1" type="stmt"/>
        <line num="25" count="1" type="cond" truecount="1" falsecount="1"/>
        <line num="26" count="1" type="stmt"/>
        <line num="27" count="1" type="stmt"/>
        <line num="28" count="1" type="stmt"/>
        <line num="29" count="0" type="cond" truecount="0" falsecount="4"/>
        <line num="30" count="0" type="stmt"/>
        <line num="32" count="0" type="stmt"/>
        <line num="36" count="1" type="stmt"/>
        <line num="37" count="1" type="stmt"/>
        <line num="40" count="1" type="cond" truecount="1" falsecount="1"/>
        <line num="41" count="0" type="stmt"/>
        <line num="49" count="1" type="stmt"/>
        <line num="61" count="0" type="stmt"/>
        <line num="64" count="0" type="stmt"/>
        <line num="65" count="0" type="stmt"/>
        <line num="92" count="0" type="stmt"/>
        <line num="110" count="0" type="stmt"/>
      </file>
      <file name="PointsManager.tsx" path="C:\Users\WIN10\האחסון שלי\projects\winwin\src\components\admin\PointsManager.tsx">
        <metrics statements="17" coveredstatements="10" conditionals="32" coveredconditionals="20" methods="9" coveredmethods="2"/>
        <line num="14" count="2" type="stmt"/>
        <line num="22" count="2" type="stmt"/>
        <line num="23" count="2" type="stmt"/>
        <line num="24" count="2" type="stmt"/>
        <line num="26" count="2" type="stmt"/>
        <line num="45" count="2" type="cond" truecount="2" falsecount="2"/>
        <line num="47" count="2" type="cond" truecount="2" falsecount="0"/>
        <line num="50" count="2" type="stmt"/>
        <line num="51" count="2" type="cond" truecount="1" falsecount="1"/>
        <line num="52" count="0" type="stmt"/>
        <line num="53" count="0" type="cond" truecount="0" falsecount="2"/>
        <line num="57" count="2" type="stmt"/>
        <line num="70" count="0" type="stmt"/>
        <line num="74" count="0" type="stmt"/>
        <line num="85" count="0" type="stmt"/>
        <line num="105" count="0" type="stmt"/>
        <line num="129" count="0" type="stmt"/>
      </file>
      <file name="SchoolSettings.tsx" path="C:\Users\WIN10\האחסון שלי\projects\winwin\src\components\admin\SchoolSettings.tsx">
        <metrics statements="101" coveredstatements="25" conditionals="141" coveredconditionals="48" methods="30" coveredmethods="2"/>
        <line num="19" count="3" type="stmt"/>
        <line num="32" count="3" type="stmt"/>
        <line num="33" count="8" type="stmt"/>
        <line num="34" count="8" type="stmt"/>
        <line num="35" count="8" type="stmt"/>
        <line num="36" count="8" type="stmt"/>
        <line num="38" count="8" type="stmt"/>
        <line num="50" count="8" type="stmt"/>
        <line num="51" count="8" type="stmt"/>
        <line num="52" count="8" type="stmt"/>
        <line num="54" count="8" type="stmt"/>
        <line num="55" count="8" type="stmt"/>
        <line num="57" count="8" type="stmt"/>
        <line num="58" count="8" type="stmt"/>
        <line num="60" count="8" type="stmt"/>
        <line num="63" count="8" type="stmt"/>
        <line num="64" count="4" type="cond" truecount="3" falsecount="1"/>
        <line num="65" count="4" type="stmt"/>
        <line num="66" count="4" type="stmt"/>
        <line num="70" count="8" type="stmt"/>
        <line num="71" count="0" type="stmt"/>
        <line num="72" count="0" type="stmt"/>
        <line num="73" count="0" type="stmt"/>
        <line num="76" count="8" type="stmt"/>
        <line num="77" count="0" type="cond" truecount="0" falsecount="2"/>
        <line num="78" count="0" type="cond" truecount="0" falsecount="2"/>
        <line num="80" count="0" type="cond" truecount="0" falsecount="2"/>
        <line num="82" count="0" type="cond" truecount="0" falsecount="2"/>
        <line num="83" count="0" type="stmt"/>
        <line num="84" count="0" type="stmt"/>
        <line num="87" count="0" type="stmt"/>
        <line num="88" count="0" type="stmt"/>
        <line num="90" count="0" type="stmt"/>
        <line num="91" count="0" type="cond" truecount="0" falsecount="2"/>
        <line num="92" count="0" type="stmt"/>
        <line num="95" count="0" type="stmt"/>
        <line num="116" count="0" type="stmt"/>
        <line num="120" count="0" type="cond" truecount="0" falsecount="2"/>
        <line num="122" count="0" type="stmt"/>
        <line num="123" count="0" type="stmt"/>
        <line num="124" count="0" type="stmt"/>
        <line num="126" count="0" type="cond" truecount="0" falsecount="2"/>
        <line num="127" count="0" type="stmt"/>
        <line num="129" count="0" type="stmt"/>
        <line num="132" count="0" type="stmt"/>
        <line num="133" count="0" type="cond" truecount="0" falsecount="2"/>
        <line num="135" count="0" type="stmt"/>
        <line num="140" count="8" type="stmt"/>
        <line num="141" count="0" type="stmt"/>
        <line num="142" count="0" type="stmt"/>
        <line num="143" count="0" type="cond" truecount="0" falsecount="2"/>
        <line num="145" count="0" type="cond" truecount="0" falsecount="2"/>
        <line num="146" count="0" type="stmt"/>
        <line num="147" count="0" type="stmt"/>
        <line num="149" count="0" type="stmt"/>
        <line num="150" count="0" type="stmt"/>
        <line num="151" count="0" type="cond" truecount="0" falsecount="2"/>
        <line num="152" count="0" type="stmt"/>
        <line num="154" count="0" type="stmt"/>
        <line num="155" count="0" type="stmt"/>
        <line num="156" count="0" type="stmt"/>
        <line num="157" count="0" type="cond" truecount="0" falsecount="2"/>
        <line num="158" count="0" type="stmt"/>
        <line num="159" count="0" type="stmt"/>
        <line num="161" count="0" type="stmt"/>
        <line num="163" count="0" type="stmt"/>
        <line num="167" count="8" type="stmt"/>
        <line num="168" count="0" type="cond" truecount="0" falsecount="4"/>
        <line num="169" count="0" type="stmt"/>
        <line num="170" count="0" type="cond" truecount="0" falsecount="2"/>
        <line num="171" count="0" type="stmt"/>
        <line num="172" count="0" type="cond" truecount="0" falsecount="2"/>
        <line num="173" count="0" type="stmt"/>
        <line num="174" count="0" type="stmt"/>
        <line num="175" count="0" type="stmt"/>
        <line num="178" count="8" type="stmt"/>
        <line num="179" count="0" type="cond" truecount="0" falsecount="2"/>
        <line num="180" count="0" type="stmt"/>
        <line num="182" count="0" type="stmt"/>
        <line num="187" count="0" type="stmt"/>
        <line num="188" count="0" type="stmt"/>
        <line num="193" count="8" type="stmt"/>
        <line num="206" count="0" type="stmt"/>
        <line num="215" count="0" type="stmt"/>
        <line num="226" count="0" type="stmt"/>
        <line num="236" count="0" type="stmt"/>
        <line num="258" count="0" type="stmt"/>
        <line num="269" count="0" type="stmt"/>
        <line num="303" count="0" type="stmt"/>
        <line num="310" count="0" type="stmt"/>
        <line num="331" count="0" type="stmt"/>
        <line num="338" count="0" type="stmt"/>
        <line num="360" count="0" type="stmt"/>
        <line num="391" count="0" type="cond" truecount="0" falsecount="2"/>
        <line num="401" count="0" type="cond" truecount="0" falsecount="2"/>
        <line num="411" count="0" type="cond" truecount="0" falsecount="2"/>
        <line num="421" count="0" type="stmt"/>
        <line num="426" count="0" type="stmt"/>
        <line num="439" count="0" type="cond" truecount="2" falsecount="0"/>
        <line num="446" count="0" type="stmt"/>
        <line num="492" count="0" type="stmt"/>
      </file>
      <file name="UsersManager.tsx" path="C:\Users\WIN10\האחסון שלי\projects\winwin\src\components\admin\UsersManager.tsx">
        <metrics statements="143" coveredstatements="46" conditionals="120" coveredconditionals="50" methods="32" coveredmethods="13"/>
        <line num="30" count="5" type="stmt"/>
        <line num="31" count="13" type="stmt"/>
        <line num="32" count="13" type="stmt"/>
        <line num="34" count="13" type="stmt"/>
        <line num="35" count="13" type="stmt"/>
        <line num="36" count="13" type="stmt"/>
        <line num="38" count="13" type="stmt"/>
        <line num="39" count="13" type="stmt"/>
        <line num="40" count="13" type="stmt"/>
        <line num="41" count="13" type="stmt"/>
        <line num="42" count="13" type="stmt"/>
        <line num="43" count="13" type="stmt"/>
        <line num="44" count="13" type="stmt"/>
        <line num="46" count="13" type="stmt"/>
        <line num="47" count="13" type="stmt"/>
        <line num="48" count="13" type="stmt"/>
        <line num="49" count="13" type="stmt"/>
        <line num="51" count="13" type="stmt"/>
        <line num="53" count="13" type="stmt"/>
        <line num="54" count="6" type="cond" truecount="2" falsecount="0"/>
        <line num="55" count="1" type="stmt"/>
        <line num="56" count="5" type="cond" truecount="2" falsecount="0"/>
        <line num="57" count="4" type="stmt"/>
        <line num="61" count="13" type="stmt"/>
        <line num="62" count="4" type="cond" truecount="1" falsecount="1"/>
        <line num="64" count="4" type="stmt"/>
        <line num="73" count="4" type="cond" truecount="1" falsecount="1"/>
        <line num="74" count="0" type="stmt"/>
        <line num="75" count="0" type="stmt"/>
        <line num="78" count="8" type="stmt"/>
        <line num="86" count="4" type="stmt"/>
        <line num="87" count="4" type="cond" truecount="1" falsecount="1"/>
        <line num="88" count="4" type="cond" truecount="2" falsecount="0"/>
        <line num="89" count="1" type="cond" truecount="1" falsecount="1"/>
        <line num="91" count="4" type="stmt"/>
        <line num="94" count="13" type="stmt"/>
        <line num="95" count="0" type="stmt"/>
        <line num="96" count="0" type="cond" truecount="0" falsecount="2"/>
        <line num="98" count="0" type="stmt"/>
        <line num="99" count="0" type="stmt"/>
        <line num="100" count="0" type="stmt"/>
        <line num="102" count="0" type="stmt"/>
        <line num="103" count="0" type="stmt"/>
        <line num="105" count="0" type="stmt"/>
        <line num="111" count="0" type="cond" truecount="0" falsecount="2"/>
        <line num="112" count="0" type="cond" truecount="0" falsecount="4"/>
        <line num="113" count="0" type="stmt"/>
        <line num="114" count="0" type="stmt"/>
        <line num="120" count="0" type="cond" truecount="0" falsecount="2"/>
        <line num="121" count="0" type="cond" truecount="0" falsecount="2"/>
        <line num="123" count="0" type="stmt"/>
        <line num="124" count="0" type="cond" truecount="0" falsecount="2"/>
        <line num="126" count="0" type="stmt"/>
        <line num="128" count="0" type="stmt"/>
        <line num="130" count="0" type="cond" truecount="0" falsecount="2"/>
        <line num="131" count="0" type="stmt"/>
        <line num="133" count="0" type="stmt"/>
        <line num="141" count="0" type="cond" truecount="0" falsecount="2"/>
        <line num="142" count="0" type="stmt"/>
        <line num="145" count="0" type="cond" truecount="0" falsecount="4"/>
        <line num="146" count="0" type="stmt"/>
        <line num="151" count="0" type="cond" truecount="0" falsecount="2"/>
        <line num="154" count="0" type="stmt"/>
        <line num="155" count="0" type="cond" truecount="0" falsecount="2"/>
        <line num="156" count="0" type="stmt"/>
        <line num="159" count="0" type="stmt"/>
        <line num="163" count="13" type="stmt"/>
        <line num="164" count="0" type="stmt"/>
        <line num="165" count="0" type="stmt"/>
        <line num="166" count="0" type="stmt"/>
        <line num="167" count="0" type="stmt"/>
        <line num="168" count="0" type="stmt"/>
        <line num="169" count="0" type="cond" truecount="0" falsecount="2"/>
        <line num="172" count="13" type="stmt"/>
        <line num="173" count="0" type="stmt"/>
        <line num="174" count="0" type="cond" truecount="0" falsecount="4"/>
        <line num="175" count="0" type="stmt"/>
        <line num="176" count="0" type="stmt"/>
        <line num="181" count="0" type="cond" truecount="0" falsecount="4"/>
        <line num="182" count="0" type="stmt"/>
        <line num="187" count="0" type="stmt"/>
        <line num="188" count="0" type="stmt"/>
        <line num="189" count="0" type="stmt"/>
        <line num="190" count="0" type="stmt"/>
        <line num="191" count="0" type="stmt"/>
        <line num="192" count="0" type="stmt"/>
        <line num="193" count="0" type="cond" truecount="0" falsecount="2"/>
        <line num="195" count="0" type="stmt"/>
        <line num="199" count="13" type="stmt"/>
        <line num="200" count="0" type="cond" truecount="0" falsecount="2"/>
        <line num="201" count="0" type="stmt"/>
        <line num="202" count="0" type="stmt"/>
        <line num="203" count="0" type="stmt"/>
        <line num="204" count="0" type="stmt"/>
        <line num="205" count="0" type="stmt"/>
        <line num="206" count="0" type="cond" truecount="0" falsecount="2"/>
        <line num="208" count="0" type="stmt"/>
        <line num="212" count="13" type="stmt"/>
        <line num="213" count="0" type="cond" truecount="0" falsecount="2"/>
        <line num="214" count="0" type="stmt"/>
        <line num="215" count="0" type="stmt"/>
        <line num="216" count="0" type="stmt"/>
        <line num="217" count="0" type="stmt"/>
        <line num="218" count="0" type="stmt"/>
        <line num="219" count="0" type="cond" truecount="0" falsecount="4"/>
        <line num="220" count="0" type="stmt"/>
        <line num="221" count="0" type="stmt"/>
        <line num="222" count="0" type="cond" truecount="0" falsecount="4"/>
        <line num="223" count="0" type="stmt"/>
        <line num="224" count="0" type="stmt"/>
        <line num="226" count="0" type="cond" truecount="0" falsecount="2"/>
        <line num="227" count="0" type="stmt"/>
        <line num="230" count="0" type="stmt"/>
        <line num="231" count="0" type="stmt"/>
        <line num="232" count="0" type="stmt"/>
        <line num="233" count="0" type="cond" truecount="0" falsecount="2"/>
        <line num="235" count="0" type="stmt"/>
        <line num="237" count="0" type="stmt"/>
        <line num="241" count="13" type="stmt"/>
        <line num="260" count="0" type="stmt"/>
        <line num="276" count="0" type="stmt"/>
        <line num="277" count="0" type="cond" truecount="0" falsecount="2"/>
        <line num="278" count="0" type="stmt"/>
        <line num="282" count="0" type="stmt"/>
        <line num="284" count="0" type="stmt"/>
        <line num="296" count="0" type="stmt"/>
        <line num="307" count="0" type="stmt"/>
        <line num="318" count="0" type="stmt"/>
        <line num="327" count="0" type="stmt"/>
        <line num="363" count="22" type="stmt"/>
        <line num="377" count="22" type="cond" truecount="2" falsecount="0"/>
        <line num="392" count="22" type="stmt"/>
        <line num="393" count="0" type="cond" truecount="2" falsecount="0"/>
        <line num="399" count="22" type="cond" truecount="4" falsecount="0"/>
        <line num="401" count="1" type="stmt"/>
        <line num="403" count="1" type="stmt"/>
        <line num="408" count="0" type="stmt"/>
        <line num="422" count="0" type="stmt"/>
        <line num="431" count="0" type="stmt"/>
        <line num="443" count="0" type="stmt"/>
        <line num="457" count="0" type="stmt"/>
        <line num="460" count="5" type="stmt"/>
        <line num="470" count="0" type="stmt"/>
      </file>
    </package>
    <package name="src.components.admin.settings">
      <metrics statements="121" coveredstatements="48" conditionals="213" coveredconditionals="126" methods="60" coveredmethods="12"/>
      <file name="BrandingPreview.tsx" path="C:\Users\WIN10\האחסון שלי\projects\winwin\src\components\admin\settings\BrandingPreview.tsx">
        <metrics statements="3" coveredstatements="3" conditionals="6" coveredconditionals="5" methods="1" coveredmethods="1"/>
        <line num="15" count="4" type="stmt"/>
        <line num="24" count="13" type="stmt"/>
        <line num="26" count="13" type="stmt"/>
      </file>
      <file name="GoalsManager.tsx" path="C:\Users\WIN10\האחסון שלי\projects\winwin\src\components\admin\settings\GoalsManager.tsx">
        <metrics statements="97" coveredstatements="37" conditionals="185" coveredconditionals="99" methods="43" coveredmethods="9"/>
        <line num="21" count="5" type="stmt"/>
        <line num="24" count="5" type="stmt"/>
        <line num="25" count="5" type="stmt"/>
        <line num="26" count="5" type="stmt"/>
        <line num="27" count="5" type="cond" truecount="1" falsecount="1"/>
        <line num="28" count="5" type="stmt"/>
        <line num="29" count="5" type="cond" truecount="2" falsecount="0"/>
        <line num="31" count="5" type="stmt"/>
        <line num="38" count="0" type="stmt"/>
        <line num="46" count="2" type="stmt"/>
        <line num="91" count="5" type="stmt"/>
        <line num="97" count="5" type="stmt"/>
        <line num="98" count="8" type="stmt"/>
        <line num="99" count="8" type="stmt"/>
        <line num="101" count="8" type="stmt"/>
        <line num="118" count="0" type="stmt"/>
        <line num="131" count="0" type="stmt"/>
        <line num="141" count="80" type="stmt"/>
        <line num="145" count="0" type="stmt"/>
        <line num="146" count="0" type="stmt"/>
        <line num="147" count="0" type="stmt"/>
        <line num="159" count="0" type="stmt"/>
        <line num="172" count="5" type="stmt"/>
        <line num="173" count="7" type="stmt"/>
        <line num="174" count="7" type="cond" truecount="1" falsecount="1"/>
        <line num="175" count="7" type="cond" truecount="2" falsecount="0"/>
        <line num="176" count="7" type="stmt"/>
        <line num="177" count="7" type="stmt"/>
        <line num="178" count="7" type="stmt"/>
        <line num="179" count="7" type="stmt"/>
        <line num="180" count="7" type="stmt"/>
        <line num="182" count="7" type="stmt"/>
        <line num="183" count="7" type="cond" truecount="2" falsecount="0"/>
        <line num="184" count="2" type="stmt"/>
        <line num="185" count="2" type="cond" truecount="1" falsecount="1"/>
        <line num="187" count="5" type="cond" truecount="2" falsecount="0"/>
        <line num="190" count="7" type="stmt"/>
        <line num="191" count="0" type="stmt"/>
        <line num="192" count="0" type="cond" truecount="0" falsecount="4"/>
        <line num="193" count="0" type="stmt"/>
        <line num="194" count="0" type="stmt"/>
        <line num="195" count="0" type="stmt"/>
        <line num="196" count="0" type="stmt"/>
        <line num="197" count="0" type="stmt"/>
        <line num="198" count="0" type="cond" truecount="0" falsecount="2"/>
        <line num="199" count="0" type="stmt"/>
        <line num="200" count="0" type="stmt"/>
        <line num="201" count="0" type="stmt"/>
        <line num="204" count="7" type="stmt"/>
        <line num="205" count="0" type="stmt"/>
        <line num="206" count="0" type="cond" truecount="0" falsecount="4"/>
        <line num="208" count="0" type="cond" truecount="0" falsecount="4"/>
        <line num="209" count="0" type="cond" truecount="0" falsecount="4"/>
        <line num="212" count="0" type="cond" truecount="0" falsecount="2"/>
        <line num="213" count="0" type="cond" truecount="0" falsecount="2"/>
        <line num="214" count="0" type="stmt"/>
        <line num="215" count="0" type="stmt"/>
        <line num="219" count="0" type="cond" truecount="0" falsecount="2"/>
        <line num="220" count="0" type="stmt"/>
        <line num="221" count="0" type="stmt"/>
        <line num="223" count="0" type="stmt"/>
        <line num="224" count="0" type="stmt"/>
        <line num="232" count="0" type="cond" truecount="0" falsecount="4"/>
        <line num="233" count="0" type="stmt"/>
        <line num="235" count="0" type="stmt"/>
        <line num="236" count="0" type="stmt"/>
        <line num="237" count="0" type="stmt"/>
        <line num="238" count="0" type="stmt"/>
        <line num="241" count="7" type="stmt"/>
        <line num="242" count="0" type="stmt"/>
        <line num="243" count="0" type="stmt"/>
        <line num="244" count="0" type="stmt"/>
        <line num="247" count="7" type="cond" truecount="2" falsecount="0"/>
        <line num="249" count="7" type="stmt"/>
        <line num="263" count="5" type="stmt"/>
        <line num="270" count="2" type="stmt"/>
        <line num="271" count="2" type="stmt"/>
        <line num="273" count="0" type="stmt"/>
        <line num="279" count="0" type="stmt"/>
        <line num="280" count="0" type="stmt"/>
        <line num="281" count="0" type="stmt"/>
        <line num="316" count="0" type="stmt"/>
        <line num="359" count="0" type="stmt"/>
        <line num="360" count="0" type="cond" truecount="0" falsecount="2"/>
        <line num="405" count="0" type="stmt"/>
        <line num="406" count="0" type="stmt"/>
        <line num="407" count="0" type="stmt"/>
        <line num="420" count="0" type="stmt"/>
        <line num="421" count="0" type="stmt"/>
        <line num="422" count="0" type="stmt"/>
        <line num="437" count="0" type="stmt"/>
        <line num="499" count="0" type="stmt"/>
        <line num="525" count="0" type="stmt"/>
        <line num="526" count="0" type="cond" truecount="0" falsecount="2"/>
        <line num="553" count="0" type="stmt"/>
        <line num="559" count="0" type="stmt"/>
        <line num="570" count="0" type="stmt"/>
      </file>
      <file name="VisualDesignSection.tsx" path="C:\Users\WIN10\האחסון שלי\projects\winwin\src\components\admin\settings\VisualDesignSection.tsx">
        <metrics statements="21" coveredstatements="8" conditionals="22" coveredconditionals="22" methods="16" coveredmethods="2"/>
        <line num="13" count="3" type="stmt"/>
        <line num="14" count="12" type="stmt"/>
        <line num="17" count="12" type="stmt"/>
        <line num="26" count="12" type="stmt"/>
        <line num="27" count="8" type="stmt"/>
        <line num="43" count="12" type="stmt"/>
        <line num="44" count="0" type="stmt"/>
        <line num="49" count="12" type="stmt"/>
        <line num="50" count="0" type="stmt"/>
        <line num="51" count="0" type="stmt"/>
        <line num="54" count="12" type="stmt"/>
        <line num="86" count="0" type="stmt"/>
        <line num="87" count="0" type="stmt"/>
        <line num="99" count="0" type="stmt"/>
        <line num="100" count="0" type="stmt"/>
        <line num="122" count="0" type="stmt"/>
        <line num="123" count="0" type="stmt"/>
        <line num="142" count="0" type="stmt"/>
        <line num="143" count="0" type="stmt"/>
        <line num="155" count="0" type="stmt"/>
        <line num="156" count="0" type="stmt"/>
      </file>
    </package>
    <package name="src.components.dashboard">
      <metrics statements="259" coveredstatements="207" conditionals="289" coveredconditionals="180" methods="50" coveredmethods="32"/>
      <file name="BackgroundMusic.tsx" path="C:\Users\WIN10\האחסון שלי\projects\winwin\src\components\dashboard\BackgroundMusic.tsx">
        <metrics statements="50" coveredstatements="40" conditionals="52" coveredconditionals="34" methods="8" coveredmethods="6"/>
        <line num="18" count="4" type="stmt"/>
        <line num="24" count="10" type="stmt"/>
        <line num="25" count="10" type="stmt"/>
        <line num="27" count="10" type="stmt"/>
        <line num="28" count="7" type="cond" truecount="2" falsecount="0"/>
        <line num="29" count="3" type="stmt"/>
        <line num="30" count="3" type="stmt"/>
        <line num="31" count="3" type="stmt"/>
        <line num="37" count="10" type="stmt"/>
        <line num="38" count="7" type="cond" truecount="2" falsecount="0"/>
        <line num="42" count="3" type="cond" truecount="4" falsecount="0"/>
        <line num="43" count="1" type="stmt"/>
        <line num="44" count="1" type="stmt"/>
        <line num="45" count="1" type="stmt"/>
        <line num="46" count="1" type="stmt"/>
        <line num="47" count="1" type="cond" truecount="2" falsecount="2"/>
        <line num="48" count="0" type="stmt"/>
        <line num="50" count="1" type="stmt"/>
        <line num="54" count="3" type="stmt"/>
        <line num="55" count="2" type="cond" truecount="1" falsecount="1"/>
        <line num="56" count="0" type="stmt"/>
        <line num="59" count="2" type="stmt"/>
        <line num="60" count="2" type="stmt"/>
        <line num="71" count="2" type="cond" truecount="1" falsecount="1"/>
        <line num="72" count="0" type="stmt"/>
        <line num="73" count="0" type="stmt"/>
        <line num="74" count="0" type="cond" truecount="0" falsecount="2"/>
        <line num="75" count="2" type="cond" truecount="1" falsecount="1"/>
        <line num="76" count="2" type="cond" truecount="1" falsecount="1"/>
        <line num="77" count="2" type="stmt"/>
        <line num="78" count="2" type="stmt"/>
        <line num="82" count="2" type="stmt"/>
        <line num="89" count="0" type="stmt"/>
        <line num="90" count="0" type="cond" truecount="0" falsecount="2"/>
        <line num="94" count="0" type="cond" truecount="0" falsecount="4"/>
        <line num="95" count="0" type="stmt"/>
        <line num="102" count="3" type="cond" truecount="4" falsecount="0"/>
        <line num="103" count="2" type="stmt"/>
        <line num="105" count="1" type="stmt"/>
        <line num="108" count="3" type="stmt"/>
        <line num="109" count="3" type="cond" truecount="2" falsecount="0"/>
        <line num="110" count="2" type="stmt"/>
        <line num="115" count="10" type="stmt"/>
        <line num="116" count="6" type="cond" truecount="4" falsecount="0"/>
        <line num="119" count="2" type="cond" truecount="1" falsecount="1"/>
        <line num="120" count="2" type="stmt"/>
        <line num="121" count="2" type="stmt"/>
        <line num="123" count="0" type="stmt"/>
        <line num="127" count="10" type="cond" truecount="2" falsecount="0"/>
        <line num="129" count="3" type="stmt"/>
      </file>
      <file name="ClassTicker.tsx" path="C:\Users\WIN10\האחסון שלי\projects\winwin\src\components\dashboard\ClassTicker.tsx">
        <metrics statements="64" coveredstatements="52" conditionals="59" coveredconditionals="36" methods="8" coveredmethods="6"/>
        <line num="10" count="1" type="stmt"/>
        <line num="17" count="1" type="stmt"/>
        <line num="18" count="2" type="stmt"/>
        <line num="19" count="2" type="stmt"/>
        <line num="20" count="2" type="stmt"/>
        <line num="21" count="2" type="stmt"/>
        <line num="23" count="2" type="stmt"/>
        <line num="24" count="2" type="stmt"/>
        <line num="27" count="2" type="stmt"/>
        <line num="28" count="12" type="stmt"/>
        <line num="29" count="12" type="stmt"/>
        <line num="30" count="12" type="stmt"/>
        <line num="31" count="12" type="stmt"/>
        <line num="34" count="2" type="stmt"/>
        <line num="35" count="1" type="cond" truecount="3" falsecount="1"/>
        <line num="36" count="0" type="stmt"/>
        <line num="37" count="0" type="stmt"/>
        <line num="40" count="1" type="stmt"/>
        <line num="41" count="1" type="cond" truecount="1" falsecount="1"/>
        <line num="42" count="1" type="stmt"/>
        <line num="43" count="1" type="cond" truecount="2" falsecount="0"/>
        <line num="44" count="5" type="stmt"/>
        <line num="45" count="5" type="stmt"/>
        <line num="49" count="1" type="stmt"/>
        <line num="50" count="1" type="stmt"/>
        <line num="52" count="1" type="stmt"/>
        <line num="53" count="1" type="stmt"/>
        <line num="54" count="1" type="stmt"/>
        <line num="56" count="1" type="stmt"/>
        <line num="57" count="1" type="cond" truecount="3" falsecount="1"/>
        <line num="61" count="2" type="cond" truecount="3" falsecount="1"/>
        <line num="63" count="2" type="stmt"/>
        <line num="64" count="12" type="cond" truecount="1" falsecount="1"/>
        <line num="66" count="12" type="stmt"/>
        <line num="67" count="12" type="stmt"/>
        <line num="68" count="12" type="cond" truecount="1" falsecount="1"/>
        <line num="70" count="12" type="cond" truecount="1" falsecount="1"/>
        <line num="71" count="12" type="cond" truecount="1" falsecount="1"/>
        <line num="72" count="12" type="stmt"/>
        <line num="73" count="12" type="cond" truecount="1" falsecount="1"/>
        <line num="74" count="12" type="cond" truecount="2" falsecount="0"/>
        <line num="77" count="12" type="stmt"/>
        <line num="79" count="12" type="stmt"/>
        <line num="80" count="12" type="stmt"/>
        <line num="81" count="12" type="stmt"/>
        <line num="82" count="12" type="stmt"/>
        <line num="84" count="12" type="cond" truecount="1" falsecount="1"/>
        <line num="85" count="0" type="stmt"/>
        <line num="86" count="0" type="stmt"/>
        <line num="87" count="0" type="stmt"/>
        <line num="88" count="0" type="stmt"/>
        <line num="89" count="12" type="cond" truecount="1" falsecount="1"/>
        <line num="90" count="0" type="stmt"/>
        <line num="91" count="0" type="stmt"/>
        <line num="92" count="0" type="stmt"/>
        <line num="93" count="0" type="stmt"/>
        <line num="96" count="12" type="cond" truecount="2" falsecount="0"/>
        <line num="98" count="12" type="cond" truecount="1" falsecount="1"/>
        <line num="108" count="12" type="cond" truecount="3" falsecount="1"/>
        <line num="112" count="12" type="stmt"/>
        <line num="249" count="2" type="stmt"/>
        <line num="252" count="0" type="stmt"/>
        <line num="253" count="0" type="stmt"/>
        <line num="273" count="12" type="stmt"/>
      </file>
      <file name="DashboardCardHeader.tsx" path="C:\Users\WIN10\האחסון שלי\projects\winwin\src\components\dashboard\DashboardCardHeader.tsx">
        <metrics statements="2" coveredstatements="2" conditionals="5" coveredconditionals="5" methods="1" coveredmethods="1"/>
        <line num="12" count="5" type="stmt"/>
        <line num="20" count="9" type="stmt"/>
      </file>
      <file name="LeaderIcon.tsx" path="C:\Users\WIN10\האחסון שלי\projects\winwin\src\components\dashboard\LeaderIcon.tsx">
        <metrics statements="16" coveredstatements="12" conditionals="10" coveredconditionals="8" methods="1" coveredmethods="1"/>
        <line num="9" count="1" type="stmt"/>
        <line num="14" count="4" type="stmt"/>
        <line num="15" count="4" type="stmt"/>
        <line num="17" count="4" type="cond" truecount="3" falsecount="1"/>
        <line num="19" count="0" type="stmt"/>
        <line num="20" count="0" type="stmt"/>
        <line num="21" count="0" type="stmt"/>
        <line num="23" count="1" type="stmt"/>
        <line num="24" count="1" type="stmt"/>
        <line num="25" count="1" type="stmt"/>
        <line num="28" count="3" type="stmt"/>
        <line num="29" count="3" type="stmt"/>
        <line num="30" count="3" type="stmt"/>
        <line num="34" count="4" type="cond" truecount="3" falsecount="1"/>
        <line num="35" count="0" type="stmt"/>
        <line num="38" count="4" type="stmt"/>
      </file>
      <file name="MissionMeter.tsx" path="C:\Users\WIN10\האחסון שלי\projects\winwin\src\components\dashboard\MissionMeter.tsx">
        <metrics statements="91" coveredstatements="73" conditionals="105" coveredconditionals="54" methods="17" coveredmethods="12"/>
        <line num="10" count="2" type="stmt"/>
        <line num="11" count="2" type="stmt"/>
        <line num="22" count="2" type="stmt"/>
        <line num="30" count="4" type="stmt"/>
        <line num="31" count="4" type="stmt"/>
        <line num="32" count="4" type="stmt"/>
        <line num="33" count="4" type="stmt"/>
        <line num="34" count="4" type="stmt"/>
        <line num="35" count="4" type="stmt"/>
        <line num="36" count="4" type="stmt"/>
        <line num="38" count="4" type="stmt"/>
        <line num="40" count="4" type="stmt"/>
        <line num="41" count="2" type="stmt"/>
        <line num="42" count="2" type="stmt"/>
        <line num="43" count="2" type="cond" truecount="2" falsecount="0"/>
        <line num="44" count="24" type="stmt"/>
        <line num="45" count="24" type="stmt"/>
        <line num="48" count="24" type="stmt"/>
        <line num="49" count="30" type="stmt"/>
        <line num="50" count="30" type="stmt"/>
        <line num="51" count="30" type="stmt"/>
        <line num="54" count="24" type="cond" truecount="2" falsecount="0"/>
        <line num="55" count="6" type="stmt"/>
        <line num="62" count="24" type="stmt"/>
        <line num="65" count="2" type="cond" truecount="1" falsecount="1"/>
        <line num="66" count="0" type="stmt"/>
        <line num="68" count="2" type="stmt"/>
        <line num="71" count="4" type="stmt"/>
        <line num="72" count="2" type="cond" truecount="1" falsecount="1"/>
        <line num="73" count="2" type="cond" truecount="1" falsecount="1"/>
        <line num="74" count="2" type="stmt"/>
        <line num="75" count="2" type="cond" truecount="1" falsecount="3"/>
        <line num="76" count="2" type="stmt"/>
        <line num="79" count="4" type="stmt"/>
        <line num="80" count="2" type="stmt"/>
        <line num="81" count="2" type="stmt"/>
        <line num="82" count="2" type="cond" truecount="1" falsecount="1"/>
        <line num="83" count="0" type="stmt"/>
        <line num="84" count="0" type="stmt"/>
        <line num="89" count="2" type="cond" truecount="1" falsecount="1"/>
        <line num="90" count="2" type="stmt"/>
        <line num="91" count="2" type="stmt"/>
        <line num="93" count="2" type="stmt"/>
        <line num="96" count="0" type="cond" truecount="0" falsecount="2"/>
        <line num="100" count="0" type="cond" truecount="0" falsecount="2"/>
        <line num="102" count="0" type="cond" truecount="0" falsecount="2"/>
        <line num="103" count="0" type="stmt"/>
        <line num="106" count="0" type="stmt"/>
        <line num="107" count="0" type="stmt"/>
        <line num="110" count="4" type="stmt"/>
        <line num="111" count="2" type="cond" truecount="1" falsecount="1"/>
        <line num="112" count="2" type="stmt"/>
        <line num="116" count="4" type="stmt"/>
        <line num="117" count="0" type="stmt"/>
        <line num="118" count="0" type="stmt"/>
        <line num="119" count="0" type="stmt"/>
        <line num="123" count="4" type="cond" truecount="1" falsecount="1"/>
        <line num="124" count="4" type="cond" truecount="1" falsecount="1"/>
        <line num="131" count="4" type="stmt"/>
        <line num="133" count="4" type="stmt"/>
        <line num="134" count="4" type="cond" truecount="1" falsecount="1"/>
        <line num="135" count="0" type="stmt"/>
        <line num="136" count="4" type="cond" truecount="1" falsecount="1"/>
        <line num="138" count="4" type="cond" truecount="1" falsecount="1"/>
        <line num="139" count="4" type="stmt"/>
        <line num="140" count="0" type="cond" truecount="0" falsecount="2"/>
        <line num="141" count="0" type="cond" truecount="0" falsecount="2"/>
        <line num="142" count="0" type="stmt"/>
        <line num="145" count="4" type="stmt"/>
        <line num="146" count="4" type="cond" truecount="2" falsecount="1"/>
        <line num="147" count="4" type="stmt"/>
        <line num="148" count="4" type="cond" truecount="2" falsecount="0"/>
        <line num="151" count="6" type="cond" truecount="2" falsecount="0"/>
        <line num="152" count="4" type="stmt"/>
        <line num="155" count="4" type="cond" truecount="3" falsecount="1"/>
        <line num="159" count="4" type="cond" truecount="1" falsecount="1"/>
        <line num="163" count="4" type="stmt"/>
        <line num="164" count="2" type="stmt"/>
        <line num="165" count="2" type="stmt"/>
        <line num="168" count="4" type="stmt"/>
        <line num="170" count="3" type="cond" truecount="4" falsecount="0"/>
        <line num="172" count="0" type="stmt"/>
        <line num="174" count="1" type="stmt"/>
        <line num="177" count="3" type="cond" truecount="4" falsecount="0"/>
        <line num="179" count="1" type="cond" truecount="1" falsecount="1"/>
        <line num="184" count="3" type="stmt"/>
        <line num="192" count="3" type="stmt"/>
        <line num="195" count="4" type="stmt"/>
        <line num="197" count="4" type="stmt"/>
        <line num="216" count="0" type="cond" truecount="0" falsecount="7"/>
        <line num="246" count="6" type="cond" truecount="1" falsecount="1"/>
      </file>
      <file name="StudentLeaderboard.tsx" path="C:\Users\WIN10\האחסון שלי\projects\winwin\src\components\dashboard\StudentLeaderboard.tsx">
        <metrics statements="36" coveredstatements="28" conditionals="58" coveredconditionals="43" methods="15" coveredmethods="6"/>
        <line num="11" count="2" type="stmt"/>
        <line num="30" count="2" type="stmt"/>
        <line num="31" count="3" type="stmt"/>
        <line num="32" count="3" type="stmt"/>
        <line num="33" count="3" type="stmt"/>
        <line num="34" count="3" type="stmt"/>
        <line num="36" count="3" type="stmt"/>
        <line num="38" count="3" type="stmt"/>
        <line num="45" count="3" type="cond" truecount="1" falsecount="1"/>
        <line num="47" count="3" type="stmt"/>
        <line num="48" count="3" type="stmt"/>
        <line num="50" count="3" type="stmt"/>
        <line num="51" count="3" type="stmt"/>
        <line num="52" count="5" type="cond" truecount="4" falsecount="1"/>
        <line num="53" count="1" type="cond" truecount="1" falsecount="1"/>
        <line num="54" count="1" type="stmt"/>
        <line num="58" count="3" type="stmt"/>
        <line num="59" count="3" type="cond" truecount="0" falsecount="4"/>
        <line num="60" count="3" type="stmt"/>
        <line num="63" count="3" type="stmt"/>
        <line num="64" count="3" type="cond" truecount="5" falsecount="0"/>
        <line num="65" count="1" type="stmt"/>
        <line num="66" count="0" type="cond" truecount="0" falsecount="2"/>
        <line num="68" count="1" type="stmt"/>
        <line num="71" count="3" type="stmt"/>
        <line num="72" count="0" type="stmt"/>
        <line num="73" count="0" type="stmt"/>
        <line num="74" count="0" type="stmt"/>
        <line num="77" count="3" type="cond" truecount="4" falsecount="0"/>
        <line num="78" count="3" type="cond" truecount="2" falsecount="0"/>
        <line num="80" count="3" type="stmt"/>
        <line num="84" count="0" type="stmt"/>
        <line num="85" count="0" type="stmt"/>
        <line num="96" count="0" type="stmt"/>
        <line num="104" count="0" type="stmt"/>
        <line num="120" count="3" type="stmt"/>
      </file>
    </package>
    <package name="src.components.lite">
      <metrics statements="69" coveredstatements="32" conditionals="86" coveredconditionals="22" methods="22" coveredmethods="4"/>
      <file name="LiteActionDock.tsx" path="C:\Users\WIN10\האחסון שלי\projects\winwin\src\components\lite\LiteActionDock.tsx">
        <metrics statements="45" coveredstatements="19" conditionals="38" coveredconditionals="6" methods="13" coveredmethods="3"/>
        <line num="11" count="2" type="stmt"/>
        <line num="22" count="2" type="stmt"/>
        <line num="23" count="2" type="stmt"/>
        <line num="24" count="2" type="stmt"/>
        <line num="25" count="2" type="stmt"/>
        <line num="26" count="2" type="stmt"/>
        <line num="27" count="2" type="stmt"/>
        <line num="29" count="2" type="stmt"/>
        <line num="30" count="2" type="stmt"/>
        <line num="32" count="2" type="stmt"/>
        <line num="33" count="2" type="cond" truecount="2" falsecount="2"/>
        <line num="34" count="0" type="stmt"/>
        <line num="38" count="2" type="stmt"/>
        <line num="39" count="2" type="cond" truecount="2" falsecount="2"/>
        <line num="40" count="0" type="stmt"/>
        <line num="44" count="2" type="stmt"/>
        <line num="45" count="0" type="stmt"/>
        <line num="46" count="0" type="stmt"/>
        <line num="47" count="0" type="stmt"/>
        <line num="48" count="0" type="stmt"/>
        <line num="51" count="2" type="stmt"/>
        <line num="52" count="0" type="cond" truecount="0" falsecount="2"/>
        <line num="53" count="0" type="stmt"/>
        <line num="54" count="0" type="cond" truecount="0" falsecount="4"/>
        <line num="55" count="0" type="stmt"/>
        <line num="56" count="0" type="stmt"/>
        <line num="57" count="0" type="stmt"/>
        <line num="58" count="0" type="stmt"/>
        <line num="59" count="0" type="stmt"/>
        <line num="60" count="0" type="stmt"/>
        <line num="64" count="2" type="stmt"/>
        <line num="65" count="2" type="cond" truecount="1" falsecount="1"/>
        <line num="66" count="2" type="stmt"/>
        <line num="68" count="2" type="stmt"/>
        <line num="96" count="0" type="stmt"/>
        <line num="100" count="0" type="stmt"/>
        <line num="114" count="0" type="stmt"/>
        <line num="128" count="0" type="stmt"/>
        <line num="129" count="0" type="stmt"/>
        <line num="130" count="0" type="cond" truecount="0" falsecount="6"/>
        <line num="131" count="0" type="stmt"/>
        <line num="134" count="0" type="stmt"/>
        <line num="147" count="0" type="stmt"/>
        <line num="157" count="0" type="stmt"/>
        <line num="158" count="0" type="stmt"/>
      </file>
      <file name="LiteLogin.tsx" path="C:\Users\WIN10\האחסון שלי\projects\winwin\src\components\lite\LiteLogin.tsx">
        <metrics statements="18" coveredstatements="12" conditionals="26" coveredconditionals="16" methods="6" coveredmethods="1"/>
        <line num="11" count="1" type="stmt"/>
        <line num="23" count="1" type="stmt"/>
        <line num="24" count="2" type="stmt"/>
        <line num="25" count="2" type="cond" truecount="2" falsecount="0"/>
        <line num="26" count="2" type="stmt"/>
[...]
        <line num="49" count="0" type="stmt"/>
        <line num="52" count="2" type="stmt"/>
        <line num="53" count="0" type="stmt"/>
        <line num="54" count="0" type="cond" truecount="0" falsecount="2"/>
        <line num="55" count="0" type="stmt"/>
        <line num="58" count="2" type="stmt"/>
        <line num="66" count="0" type="stmt"/>
      </file>
      <file name="useToast.tsx" path="C:\Users\WIN10\האחסון שלי\projects\winwin\src\hooks\useToast.tsx">
        <metrics statements="16" coveredstatements="9" conditionals="3" coveredconditionals="1" methods="11" coveredmethods="2"/>
        <line num="9" count="7" type="stmt"/>
        <line num="11" count="7" type="stmt"/>
        <line num="12" count="10" type="stmt"/>
        <line num="14" count="10" type="cond" truecount="0" falsecount="1"/>
        <line num="15" count="0" type="stmt"/>
        <line num="16" count="0" type="stmt"/>
        <line num="17" count="0" type="stmt"/>
        <line num="18" count="0" type="stmt"/>
        <line num="22" count="10" type="stmt"/>
        <line num="28" count="0" type="stmt"/>
        <line num="32" count="0" type="stmt"/>
        <line num="41" count="7" type="stmt"/>
        <line num="42" count="17" type="stmt"/>
        <line num="43" count="17" type="cond" truecount="1" falsecount="1"/>
        <line num="44" count="0" type="stmt"/>
        <line num="46" count="17" type="stmt"/>
      </file>
    </package>
    <package name="src.lib">
      <metrics statements="1" coveredstatements="1" conditionals="0" coveredconditionals="0" methods="1" coveredmethods="1"/>
      <file name="utils.ts" path="C:\Users\WIN10\האחסון שלי\projects\winwin\src\lib\utils.ts">
        <metrics statements="1" coveredstatements="1" conditionals="0" coveredconditionals="0" methods="1" coveredmethods="1"/>
        <line num="5" count="282" type="stmt"/>
      </file>
    </package>
    <package name="src.services">
      <metrics statements="99" coveredstatements="74" conditionals="74" coveredconditionals="42" methods="17" coveredmethods="12"/>
      <file name="geminiService.ts" path="C:\Users\WIN10\האחסון שלי\projects\winwin\src\services\geminiService.ts">
        <metrics statements="68" coveredstatements="43" conditionals="59" coveredconditionals="28" methods="9" coveredmethods="4"/>
        <line num="6" count="4" type="stmt"/>
        <line num="12" count="3" type="stmt"/>
        <line num="13" count="3" type="stmt"/>
        <line num="15" count="3" type="stmt"/>
        <line num="16" count="3" type="stmt"/>
        <line num="24" count="3" type="stmt"/>
        <line num="26" count="3" type="cond" truecount="1" falsecount="1"/>
        <line num="27" count="0" type="stmt"/>
        <line num="28" count="0" type="stmt"/>
        <line num="31" count="3" type="cond" truecount="2" falsecount="0"/>
        <line num="32" count="1" type="stmt"/>
        <line num="33" count="1" type="stmt"/>
        <line num="36" count="2" type="cond" truecount="1" falsecount="1"/>
        <line num="38" count="1" type="stmt"/>
        <line num="39" count="1" type="stmt"/>
        <line num="41" count="1" type="cond" truecount="1" falsecount="1"/>
        <line num="42" count="0" type="stmt"/>
        <line num="45" count="1" type="cond" truecount="1" falsecount="1"/>
        <line num="46" count="1" type="cond" truecount="3" falsecount="1"/>
        <line num="47" count="0" type="stmt"/>
        <line num="49" count="1" type="cond" truecount="1" falsecount="1"/>
        <line num="50" count="0" type="stmt"/>
        <line num="52" count="1" type="stmt"/>
        <line num="56" count="4" type="cond" truecount="1" falsecount="0"/>
        <line num="57" count="1" type="stmt"/>
        <line num="58" count="1" type="cond" truecount="1" falsecount="1"/>
        <line num="59" count="1" type="stmt"/>
        <line num="60" count="1" type="stmt"/>
        <line num="61" count="1" type="stmt"/>
        <line num="62" count="1" type="stmt"/>
        <line num="63" count="1" type="stmt"/>
        <line num="66" count="0" type="stmt"/>
        <line num="67" count="0" type="cond" truecount="0" falsecount="2"/>
        <line num="69" count="0" type="cond" truecount="0" falsecount="2"/>
        <line num="74" count="4" type="stmt"/>
        <line num="75" count="0" type="cond" truecount="0" falsecount="2"/>
        <line num="76" count="0" type="stmt"/>
        <line num="84" count="4" type="stmt"/>
        <line num="94" count="0" type="stmt"/>
        <line num="95" count="0" type="cond" truecount="0" falsecount="4"/>
        <line num="98" count="0" type="stmt"/>
        <line num="99" count="0" type="cond" truecount="0" falsecount="2"/>
        <line num="101" count="0" type="stmt"/>
        <line num="103" count="0" type="stmt"/>
        <line num="104" count="0" type="stmt"/>
        <line num="110" count="0" type="stmt"/>
        <line num="114" count="4" type="cond" truecount="0" falsecount="1"/>
        <line num="115" count="0" type="stmt"/>
        <line num="122" count="0" type="stmt"/>
        <line num="123" count="0" type="stmt"/>
        <line num="132" count="0" type="cond" truecount="0" falsecount="2"/>
        <line num="133" count="0" type="cond" truecount="0" falsecount="2"/>
        <line num="135" count="0" type="stmt"/>
        <line num="139" count="4" type="stmt"/>
        <line num="145" count="4" type="stmt"/>
        <line num="146" count="4" type="cond" truecount="4" falsecount="0"/>
        <line num="147" count="2" type="stmt"/>
        <line num="148" count="2" type="stmt"/>
        <line num="149" count="2" type="cond" truecount="2" falsecount="0"/>
        <line num="150" count="1" type="stmt"/>
        <line num="155" count="3" type="stmt"/>
        <line num="163" count="3" type="stmt"/>
        <line num="165" count="3" type="stmt"/>
        <line num="171" count="2" type="cond" truecount="3" falsecount="1"/>
        <line num="172" count="2" type="stmt"/>
        <line num="180" count="2" type="cond" truecount="1" falsecount="1"/>
        <line num="181" count="0" type="stmt"/>
        <line num="185" count="2" type="stmt"/>
      </file>
      <file name="store.ts" path="C:\Users\WIN10\האחסון שלי\projects\winwin\src\services\store.ts">
        <metrics statements="18" coveredstatements="18" conditionals="4" coveredconditionals="3" methods="7" coveredmethods="7"/>
        <line num="12" count="1" type="stmt"/>
        <line num="15" count="1" type="stmt"/>
        <line num="17" count="2" type="stmt"/>
        <line num="18" count="2" type="cond" truecount="2" falsecount="0"/>
        <line num="20" count="2" type="stmt"/>
        <line num="21" count="2" type="stmt"/>
        <line num="22" count="2" type="stmt"/>
        <line num="23" count="2" type="stmt"/>
        <line num="25" count="2" type="stmt"/>
        <line num="27" count="2" type="stmt"/>
        <line num="28" count="2" type="stmt"/>
        <line num="29" count="2" type="stmt"/>
        <line num="30" count="2" type="stmt"/>
        <line num="35" count="1" type="stmt"/>
        <line num="37" count="1" type="cond" truecount="1" falsecount="1"/>
        <line num="38" count="1" type="stmt"/>
        <line num="39" count="1" type="stmt"/>
        <line num="40" count="1" type="stmt"/>
      </file>
      <file name="useAuthPermissions.ts" path="C:\Users\WIN10\האחסון שלי\projects\winwin\src\services\useAuthPermissions.ts">
        <metrics statements="13" coveredstatements="13" conditionals="11" coveredconditionals="11" methods="1" coveredmethods="1"/>
        <line num="6" count="1" type="stmt"/>
        <line num="7" count="3" type="stmt"/>
        <line num="8" count="3" type="stmt"/>
        <line num="9" count="3" type="stmt"/>
        <line num="12" count="3" type="stmt"/>
        <line num="13" count="3" type="stmt"/>
        <line num="15" count="3" type="stmt"/>
        <line num="16" count="3" type="cond" truecount="3" falsecount="0"/>
        <line num="17" count="3" type="cond" truecount="2" falsecount="0"/>
        <line num="18" count="3" type="stmt"/>
        <line num="20" count="3" type="cond" truecount="3" falsecount="0"/>
        <line num="21" count="3" type="cond" truecount="3" falsecount="0"/>
        <line num="23" count="3" type="stmt"/>
      </file>
    </package>
    <package name="src.utils">
      <metrics statements="147" coveredstatements="70" conditionals="124" coveredconditionals="38" methods="31" coveredmethods="12"/>
      <file name="dateUtils.ts" path="C:\Users\WIN10\האחסון שלי\projects\winwin\src\utils\dateUtils.ts">
        <metrics statements="16" coveredstatements="1" conditionals="7" coveredconditionals="0" methods="1" coveredmethods="0"/>
        <line num="3" count="4" type="cond" truecount="0" falsecount="1"/>
        <line num="4" count="0" type="cond" truecount="0" falsecount="2"/>
        <line num="6" count="0" type="stmt"/>
        <line num="7" count="0" type="stmt"/>
        <line num="8" count="0" type="stmt"/>
        <line num="9" count="0" type="stmt"/>
        <line num="10" count="0" type="stmt"/>
        <line num="11" count="0" type="stmt"/>
        <line num="14" count="0" type="cond" truecount="0" falsecount="2"/>
        <line num="15" count="0" type="stmt"/>
        <line num="16" count="0" type="cond" truecount="0" falsecount="2"/>
        <line num="17" count="0" type="stmt"/>
        <line num="19" count="0" type="stmt"/>
        <line num="22" count="0" type="stmt"/>
        <line num="23" count="0" type="stmt"/>
        <line num="24" count="0" type="stmt"/>
      </file>
      <file name="errorUtils.ts" path="C:\Users\WIN10\האחסון שלי\projects\winwin\src\utils\errorUtils.ts">
        <metrics statements="14" coveredstatements="4" conditionals="25" coveredconditionals="0" methods="2" coveredmethods="1"/>
        <line num="8" count="7" type="stmt"/>
        <line num="9" count="24" type="stmt"/>
        <line num="11" count="24" type="cond" truecount="0" falsecount="1"/>
        <line num="12" count="0" type="cond" truecount="0" falsecount="2"/>
        <line num="14" count="0" type="stmt"/>
        <line num="17" count="0" type="cond" truecount="0" falsecount="4"/>
        <line num="19" count="0" type="cond" truecount="0" falsecount="4"/>
        <line num="20" count="0" type="cond" truecount="0" falsecount="2"/>
        <line num="23" count="0" type="cond" truecount="0" falsecount="4"/>
        <line num="24" count="0" type="cond" truecount="0" falsecount="2"/>
        <line num="27" count="0" type="cond" truecount="0" falsecount="2"/>
        <line num="28" count="0" type="cond" truecount="0" falsecount="2"/>
        <line num="31" count="0" type="cond" truecount="0" falsecount="2"/>
        <line num="34" count="24" type="stmt"/>
      </file>
      <file name="excelUtils.ts" path="C:\Users\WIN10\האחסון שלי\projects\winwin\src\utils\excelUtils.ts">
        <metrics statements="9" coveredstatements="1" conditionals="4" coveredconditionals="0" methods="1" coveredmethods="0"/>
        <line num="1" count="7" type="stmt"/>
        <line num="2" count="0" type="stmt"/>
        <line num="3" count="0" type="stmt"/>
        <line num="4" count="0" type="stmt"/>
        <line num="5" count="0" type="cond" truecount="0" falsecount="4"/>
        <line num="6" count="0" type="stmt"/>
        <line num="8" count="0" type="stmt"/>
        <line num="10" count="0" type="stmt"/>
        <line num="11" count="0" type="stmt"/>
      </file>
      <file name="haptics.ts" path="C:\Users\WIN10\האחסון שלי\projects\winwin\src\utils\haptics.ts">
        <metrics statements="11" coveredstatements="1" conditionals="8" coveredconditionals="0" methods="1" coveredmethods="0"/>
        <line num="2" count="2" type="stmt"/>
        <line num="3" count="0" type="cond" truecount="0" falsecount="4"/>
        <line num="4" count="0" type="cond" truecount="0" falsecount="4"/>
        <line num="7" count="0" type="stmt"/>
        <line num="8" count="0" type="stmt"/>
        <line num="11" count="0" type="stmt"/>
        <line num="12" count="0" type="stmt"/>
        <line num="15" count="0" type="stmt"/>
        <line num="16" count="0" type="stmt"/>
        <line num="19" count="0" type="stmt"/>
        <line num="20" count="0" type="stmt"/>
      </file>
      <file name="i18n.ts" path="C:\Users\WIN10\האחסון שלי\projects\winwin\src\utils\i18n.ts">
        <metrics statements="8" coveredstatements="8" conditionals="6" coveredconditionals="6" methods="2" coveredmethods="2"/>
        <line num="6" count="24" type="stmt"/>
        <line num="17" count="24" type="cond" truecount="1" falsecount="0"/>
        <line num="18" count="119" type="cond" truecount="3" falsecount="0"/>
        <line num="20" count="119" type="cond" truecount="2" falsecount="0"/>
        <line num="21" count="13" type="stmt"/>
        <line num="22" count="16" type="stmt"/>
        <line num="23" count="16" type="stmt"/>
        <line num="27" count="119" type="stmt"/>
      </file>
      <file name="logger.ts" path="C:\Users\WIN10\האחסון שלי\projects\winwin\src\utils\logger.ts">
        <metrics statements="20" coveredstatements="4" conditionals="16" coveredconditionals="0" methods="8" coveredmethods="0"/>
        <line num="4" count="2" type="stmt"/>
        <line num="5" count="0" type="cond" truecount="0" falsecount="2"/>
        <line num="8" count="2" type="stmt"/>
        <line num="10" count="0" type="cond" truecount="0" falsecount="2"/>
        <line num="11" count="0" type="cond" truecount="0" falsecount="2"/>
        <line num="13" count="0" type="stmt"/>
        <line num="16" count="2" type="stmt"/>
        <line num="17" count="0" type="stmt"/>
        <line num="18" count="0" type="stmt"/>
        <line num="19" count="0" type="stmt"/>
        <line num="20" count="0" type="cond" truecount="0" falsecount="2"/>
        <line num="24" count="2" type="stmt"/>
        <line num="26" count="0" type="cond" truecount="0" falsecount="2"/>
        <line num="27" count="0" type="stmt"/>
        <line num="31" count="0" type="cond" truecount="0" falsecount="2"/>
        <line num="32" count="0" type="stmt"/>
        <line num="36" count="0" type="cond" truecount="0" falsecount="2"/>
        <line num="37" count="0" type="stmt"/>
        <line num="41" count="0" type="cond" truecount="0" falsecount="2"/>
        <line num="42" count="0" type="stmt"/>
      </file>
      <file name="sharingUtils.ts" path="C:\Users\WIN10\האחסון שלי\projects\winwin\src\utils\sharingUtils.ts">
        <metrics statements="15" coveredstatements="15" conditionals="7" coveredconditionals="7" methods="1" coveredmethods="1"/>
        <line num="18" count="1" type="stmt"/>
        <line num="25" count="3" type="stmt"/>
        <line num="26" count="3" type="cond" truecount="4" falsecount="0"/>
        <line num="28" count="3" type="stmt"/>
        <line num="29" count="3" type="stmt"/>
        <line num="30" count="3" type="stmt"/>
        <line num="32" count="3" type="stmt"/>
        <line num="37" count="3" type="stmt"/>
        <line num="39" count="3" type="stmt"/>
        <line num="40" count="3" type="stmt"/>
        <line num="41" count="3" type="stmt"/>
        <line num="43" count="3" type="cond" truecount="2" falsecount="0"/>
        <line num="44" count="2" type="stmt"/>
        <line num="47" count="3" type="stmt"/>
        <line num="49" count="3" type="stmt"/>
      </file>
      <file name="stringUtils.ts" path="C:\Users\WIN10\האחסון שלי\projects\winwin\src\utils\stringUtils.ts">
        <metrics statements="43" coveredstatements="31" conditionals="47" coveredconditionals="24" methods="12" coveredmethods="7"/>
        <line num="7" count="20" type="cond" truecount="0" falsecount="1"/>
        <line num="8" count="0" type="cond" truecount="0" falsecount="2"/>
        <line num="9" count="0" type="stmt"/>
        <line num="10" count="0" type="cond" truecount="0" falsecount="2"/>
        <line num="16" count="20" type="stmt"/>
        <line num="17" count="0" type="cond" truecount="0" falsecount="2"/>
        <line num="18" count="0" type="stmt"/>
        <line num="24" count="20" type="stmt"/>
        <line num="25" count="0" type="cond" truecount="0" falsecount="2"/>
        <line num="26" count="0" type="stmt"/>
        <line num="27" count="0" type="stmt"/>
        <line num="34" count="20" type="stmt"/>
        <line num="35" count="72" type="cond" truecount="4" falsecount="0"/>
        <line num="36" count="64" type="cond" truecount="1" falsecount="3"/>
        <line num="37" count="72" type="stmt"/>
        <line num="43" count="20" type="stmt"/>
        <line num="44" count="0" type="cond" truecount="0" falsecount="2"/>
        <line num="46" count="0" type="stmt"/>
        <line num="47" count="0" type="cond" truecount="0" falsecount="2"/>
        <line num="53" count="20" type="stmt"/>
        <line num="61" count="8" type="cond" truecount="1" falsecount="1"/>
        <line num="64" count="8" type="stmt"/>
        <line num="70" count="8" type="cond" truecount="1" falsecount="1"/>
        <line num="71" count="16" type="cond" truecount="1" falsecount="1"/>
        <line num="73" count="8" type="cond" truecount="1" falsecount="1"/>
        <line num="74" count="8" type="stmt"/>
        <line num="75" count="8" type="stmt"/>
        <line num="82" count="42" type="cond" truecount="2" falsecount="0"/>
        <line num="83" count="8" type="stmt"/>
        <line num="89" count="42" type="cond" truecount="2" falsecount="0"/>
        <line num="90" count="8" type="stmt"/>
        <line num="96" count="8" type="cond" truecount="2" falsecount="0"/>
        <line num="98" count="8" type="cond" truecount="2" falsecount="0"/>
        <line num="99" count="3" type="cond" truecount="2" falsecount="0"/>
        <line num="100" count="2" type="stmt"/>
        <line num="101" count="2" type="stmt"/>
        <line num="103" count="1" type="stmt"/>
        <line num="107" count="8" type="cond" truecount="2" falsecount="0"/>
        <line num="108" count="2" type="cond" truecount="1" falsecount="1"/>
        <line num="109" count="2" type="stmt"/>
        <line num="110" count="2" type="stmt"/>
        <line num="112" count="0" type="stmt"/>
        <line num="116" count="8" type="stmt"/>
      </file>
      <file name="whatsappUtils.ts" path="C:\Users\WIN10\האחסון שלי\projects\winwin\src\utils\whatsappUtils.ts">
        <metrics statements="11" coveredstatements="5" conditionals="4" coveredconditionals="1" methods="3" coveredmethods="1"/>
        <line num="9" count="3" type="stmt"/>
        <line num="10" count="0" type="cond" truecount="0" falsecount="2"/>
        <line num="18" count="0" type="stmt"/>
        <line num="19" count="0" type="stmt"/>
        <line num="20" count="0" type="stmt"/>
        <line num="24" count="0" type="stmt"/>
        <line num="26" count="0" type="stmt"/>
        <line num="33" count="3" type="stmt"/>
        <line num="34" count="10" type="cond" truecount="1" falsecount="1"/>
        <line num="38" count="10" type="stmt"/>
        <line num="40" count="10" type="stmt"/>
      </file>
    </package>
    <package name="src.utils.translations">
      <metrics statements="2" coveredstatements="2" conditionals="0" coveredconditionals="0" methods="0" coveredmethods="0"/>
      <file name="en.ts" path="C:\Users\WIN10\האחסון שלי\projects\winwin\src\utils\translations\en.ts">
        <metrics statements="1" coveredstatements="1" conditionals="0" coveredconditionals="0" methods="0" coveredmethods="0"/>
        <line num="1" count="24" type="stmt"/>
      </file>
      <file name="he.ts" path="C:\Users\WIN10\האחסון שלי\projects\winwin\src\utils\translations\he.ts">
        <metrics statements="1" coveredstatements="1" conditionals="0" coveredconditionals="0" methods="0" coveredmethods="0"/>
        <line num="1" count="24" type="stmt"/>
      </file>
    </package>
  </project>
</coverage>
