{"C:\\Users\\WIN10\\האחסון שלי\\projects\\winwin\\config.ts": {"path":"C:\\Users\\WIN10\\האחסון שלי\\projects\\winwin\\config.ts","statementMap":{"0":{"start":{"line":3,"column":66},"end":{"line":13,"column":null}},"1":{"start":{"line":5,"column":2},"end":{"line":7,"column":null}},"2":{"start":{"line":6,"column":4},"end":{"line":6,"column":null}},"3":{"start":{"line":9,"column":2},"end":{"line":11,"column":null}},"4":{"start":{"line":10,"column":4},"end":{"line":10,"column":null}},"5":{"start":{"line":12,"column":2},"end":{"line":12,"column":null}},"6":{"start":{"line":15,"column":22},"end":{"line":22,"column":null}},"7":{"start":{"line":28,"column":27},"end":{"line":36,"column":null}},"8":{"start":{"line":30,"column":2},"end":{"line":33,"column":null}},"9":{"start":{"line":31,"column":22},"end":{"line":31,"column":null}},"10":{"start":{"line":32,"column":4},"end":{"line":32,"column":null}},"11":{"start":{"line":35,"column":2},"end":{"line":35,"column":null}},"12":{"start":{"line":41,"column":23},"end":{"line":48,"column":null}},"13":{"start":{"line":42,"column":2},"end":{"line":42,"column":null}},"14":{"start":{"line":42,"column":58},"end":{"line":42,"column":null}},"15":{"start":{"line":44,"column":24},"end":{"line":44,"column":null}},"16":{"start":{"line":45,"column":28},"end":{"line":45,"column":null}},"17":{"start":{"line":47,"column":2},"end":{"line":47,"column":null}}},"fnMap":{"0":{"name":"(anonymous_0)","decl":{"start":{"line":3,"column":66},"end":{"line":3,"column":null}},"loc":{"start":{"line":3,"column":66},"end":{"line":13,"column":null}},"line":3},"1":{"name":"(anonymous_1)","decl":{"start":{"line":28,"column":27},"end":{"line":28,"column":28}},"loc":{"start":{"line":28,"column":53},"end":{"line":36,"column":null}},"line":28},"2":{"name":"(anonymous_2)","decl":{"start":{"line":41,"column":23},"end":{"line":41,"column":24}},"loc":{"start":{"line":41,"column":83},"end":{"line":48,"column":null}},"line":41}},"branchMap":{"0":{"loc":{"start":{"line":3,"column":66},"end":{"line":3,"column":null}},"type":"default-arg","locations":[{"start":{"line":3,"column":66},"end":{"line":3,"column":null}}],"line":3},"1":{"loc":{"start":{"line":5,"column":2},"end":{"line":7,"column":null}},"type":"if","locations":[{"start":{"line":5,"column":2},"end":{"line":7,"column":null}},{"start":{},"end":{}}],"line":5},"2":{"loc":{"start":{"line":6,"column":12},"end":{"line":6,"column":null}},"type":"binary-expr","locations":[{"start":{"line":6,"column":12},"end":{"line":6,"column":55}},{"start":{"line":6,"column":55},"end":{"line":6,"column":87}},{"start":{"line":6,"column":87},"end":{"line":6,"column":null}}],"line":6},"3":{"loc":{"start":{"line":9,"column":2},"end":{"line":11,"column":null}},"type":"if","locations":[{"start":{"line":9,"column":2},"end":{"line":11,"column":null}},{"start":{},"end":{}}],"line":9},"4":{"loc":{"start":{"line":9,"column":6},"end":{"line":9,"column":53}},"type":"binary-expr","locations":[{"start":{"line":9,"column":6},"end":{"line":9,"column":40}},{"start":{"line":9,"column":40},"end":{"line":9,"column":53}}],"line":9},"5":{"loc":{"start":{"line":10,"column":11},"end":{"line":10,"column":null}},"type":"binary-expr","locations":[{"start":{"line":10,"column":11},"end":{"line":10,"column":31}},{"start":{"line":10,"column":31},"end":{"line":10,"column":null}}],"line":10},"6":{"loc":{"start":{"line":30,"column":2},"end":{"line":33,"column":null}},"type":"if","locations":[{"start":{"line":30,"column":2},"end":{"line":33,"column":null}},{"start":{},"end":{}}],"line":30},"7":{"loc":{"start":{"line":32,"column":11},"end":{"line":32,"column":null}},"type":"binary-expr","locations":[{"start":{"line":32,"column":11},"end":{"line":32,"column":40}},{"start":{"line":32,"column":40},"end":{"line":32,"column":null}}],"line":32},"8":{"loc":{"start":{"line":42,"column":2},"end":{"line":42,"column":null}},"type":"if","locations":[{"start":{"line":42,"column":2},"end":{"line":42,"column":null}},{"start":{},"end":{}}],"line":42},"9":{"loc":{"start":{"line":42,"column":6},"end":{"line":42,"column":58}},"type":"binary-expr","locations":[{"start":{"line":42,"column":6},"end":{"line":42,"column":31}},{"start":{"line":42,"column":31},"end":{"line":42,"column":58}}],"line":42},"10":{"loc":{"start":{"line":47,"column":9},"end":{"line":47,"column":null}},"type":"binary-expr","locations":[{"start":{"line":47,"column":9},"end":{"line":47,"column":38}},{"start":{"line":47,"column":38},"end":{"line":47,"column":71}},{"start":{"line":47,"column":71},"end":{"line":47,"column":null}}],"line":47}},"s":{"0":7,"1":14,"2":14,"3":0,"4":0,"5":0,"6":7,"7":7,"8":76,"9":66,"10":66,"11":10,"12":7,"13":6,"14":0,"15":6,"16":6,"17":6},"f":{"0":14,"1":76,"2":6},"b":{"0":[14],"1":[14,0],"2":[14,0,0],"3":[0,0],"4":[0,0],"5":[0,0],"6":[66,10],"7":[66,50],"8":[0,6],"9":[6,6],"10":[6,0,0]},"meta":{"lastBranch":11,"lastFunction":3,"lastStatement":18,"seen":{"s:3:66:13:Infinity":0,"f:3:66:3:Infinity":0,"b:3:66:3:Infinity":0,"b:5:2:7:Infinity:undefined:undefined:undefined:undefined":1,"s:5:2:7:Infinity":1,"s:6:4:6:Infinity":2,"b:6:12:6:55:6:55:6:87:6:87:6:Infinity":2,"b:9:2:11:Infinity:undefined:undefined:undefined:undefined":3,"s:9:2:11:Infinity":3,"b:9:6:9:40:9:40:9:53":4,"s:10:4:10:Infinity":4,"b:10:11:10:31:10:31:10:Infinity":5,"s:12:2:12:Infinity":5,"s:15:22:22:Infinity":6,"s:28:27:36:Infinity":7,"f:28:27:28:28":1,"b:30:2:33:Infinity:undefined:undefined:undefined:undefined":6,"s:30:2:33:Infinity":8,"s:31:22:31:Infinity":9,"s:32:4:32:Infinity":10,"b:32:11:32:40:32:40:32:Infinity":7,"s:35:2:35:Infinity":11,"s:41:23:48:Infinity":12,"f:41:23:41:24":2,"b:42:2:42:Infinity:undefined:undefined:undefined:undefined":8,"s:42:2:42:Infinity":13,"b:42:6:42:31:42:31:42:58":9,"s:42:58:42:Infinity":14,"s:44:24:44:Infinity":15,"s:45:28:45:Infinity":16,"s:47:2:47:Infinity":17,"b:47:9:47:38:47:38:47:71:47:71:47:Infinity":10}}}
,"C:\\Users\\WIN10\\האחסון שלי\\projects\\winwin\\supabaseClient.ts": {"path":"C:\\Users\\WIN10\\האחסון שלי\\projects\\winwin\\supabaseClient.ts","statementMap":{"0":{"start":{"line":11,"column":15},"end":{"line":23,"column":null}},"1":{"start":{"line":13,"column":2},"end":{"line":16,"column":null}},"2":{"start":{"line":14,"column":17},"end":{"line":14,"column":null}},"3":{"start":{"line":15,"column":4},"end":{"line":15,"column":null}},"4":{"start":{"line":18,"column":2},"end":{"line":21,"column":null}},"5":{"start":{"line":19,"column":16},"end":{"line":19,"column":null}},"6":{"start":{"line":20,"column":4},"end":{"line":20,"column":null}},"7":{"start":{"line":22,"column":2},"end":{"line":22,"column":null}},"8":{"start":{"line":26,"column":20},"end":{"line":26,"column":null}},"9":{"start":{"line":27,"column":20},"end":{"line":27,"column":null}},"10":{"start":{"line":30,"column":0},"end":{"line":40,"column":null}},"11":{"start":{"line":31,"column":18},"end":{"line":31,"column":null}},"12":{"start":{"line":32,"column":2},"end":{"line":32,"column":null}},"13":{"start":{"line":32,"column":20},"end":{"line":32,"column":null}},"14":{"start":{"line":33,"column":2},"end":{"line":33,"column":null}},"15":{"start":{"line":33,"column":20},"end":{"line":33,"column":null}},"16":{"start":{"line":35,"column":2},"end":{"line":35,"column":null}},"17":{"start":{"line":37,"column":2},"end":{"line":39,"column":null}},"18":{"start":{"line":38,"column":6},"end":{"line":38,"column":null}},"19":{"start":{"line":43,"column":13},"end":{"line":43,"column":null}},"20":{"start":{"line":50,"column":32},"end":{"line":57,"column":null}}},"fnMap":{"0":{"name":"(anonymous_0)","decl":{"start":{"line":11,"column":15},"end":{"line":11,"column":16}},"loc":{"start":{"line":11,"column":32},"end":{"line":23,"column":null}},"line":11},"1":{"name":"(anonymous_1)","decl":{"start":{"line":50,"column":32},"end":{"line":50,"column":38}},"loc":{"start":{"line":50,"column":32},"end":{"line":57,"column":null}},"line":50}},"branchMap":{"0":{"loc":{"start":{"line":13,"column":2},"end":{"line":16,"column":null}},"type":"if","locations":[{"start":{"line":13,"column":2},"end":{"line":16,"column":null}},{"start":{},"end":{}}],"line":13},"1":{"loc":{"start":{"line":14,"column":17},"end":{"line":14,"column":null}},"type":"binary-expr","locations":[{"start":{"line":14,"column":17},"end":{"line":14,"column":60}},{"start":{"line":14,"column":60},"end":{"line":14,"column":null}}],"line":14},"2":{"loc":{"start":{"line":15,"column":11},"end":{"line":15,"column":null}},"type":"cond-expr","locations":[{"start":{"line":15,"column":17},"end":{"line":15,"column":30}},{"start":{"line":15,"column":30},"end":{"line":15,"column":null}}],"line":15},"3":{"loc":{"start":{"line":18,"column":2},"end":{"line":21,"column":null}},"type":"if","locations":[{"start":{"line":18,"column":2},"end":{"line":21,"column":null}},{"start":{},"end":{}}],"line":18},"4":{"loc":{"start":{"line":18,"column":6},"end":{"line":18,"column":53}},"type":"binary-expr","locations":[{"start":{"line":18,"column":6},"end":{"line":18,"column":40}},{"start":{"line":18,"column":40},"end":{"line":18,"column":53}}],"line":18},"5":{"loc":{"start":{"line":20,"column":11},"end":{"line":20,"column":null}},"type":"cond-expr","locations":[{"start":{"line":20,"column":17},"end":{"line":20,"column":30}},{"start":{"line":20,"column":30},"end":{"line":20,"column":null}}],"line":20},"6":{"loc":{"start":{"line":30,"column":0},"end":{"line":40,"column":null}},"type":"if","locations":[{"start":{"line":30,"column":0},"end":{"line":40,"column":null}},{"start":{},"end":{}}],"line":30},"7":{"loc":{"start":{"line":30,"column":4},"end":{"line":30,"column":34}},"type":"binary-expr","locations":[{"start":{"line":30,"column":4},"end":{"line":30,"column":20}},{"start":{"line":30,"column":20},"end":{"line":30,"column":34}}],"line":30},"8":{"loc":{"start":{"line":32,"column":2},"end":{"line":32,"column":null}},"type":"if","locations":[{"start":{"line":32,"column":2},"end":{"line":32,"column":null}},{"start":{},"end":{}}],"line":32},"9":{"loc":{"start":{"line":33,"column":2},"end":{"line":33,"column":null}},"type":"if","locations":[{"start":{"line":33,"column":2},"end":{"line":33,"column":null}},{"start":{},"end":{}}],"line":33},"10":{"loc":{"start":{"line":37,"column":2},"end":{"line":39,"column":null}},"type":"if","locations":[{"start":{"line":37,"column":2},"end":{"line":39,"column":null}},{"start":{},"end":{}}],"line":37},"11":{"loc":{"start":{"line":37,"column":6},"end":{"line":37,"column":88}},"type":"binary-expr","locations":[{"start":{"line":37,"column":6},"end":{"line":37,"column":58}},{"start":{"line":37,"column":58},"end":{"line":37,"column":88}}],"line":37}},"s":{"0":2,"1":4,"2":4,"3":4,"4":0,"5":0,"6":0,"7":0,"8":2,"9":2,"10":2,"11":0,"12":0,"13":0,"14":0,"15":0,"16":0,"17":0,"18":0,"19":2,"20":0},"f":{"0":4,"1":0},"b":{"0":[4,0],"1":[4,0],"2":[4,0],"3":[0,0],"4":[0,0],"5":[0,0],"6":[0,2],"7":[2,2],"8":[0,0],"9":[0,0],"10":[0,0],"11":[0,0]},"meta":{"lastBranch":12,"lastFunction":2,"lastStatement":21,"seen":{"s:11:15:23:Infinity":0,"f:11:15:11:16":0,"b:13:2:16:Infinity:undefined:undefined:undefined:undefined":0,"s:13:2:16:Infinity":1,"s:14:17:14:Infinity":2,"b:14:17:14:60:14:60:14:Infinity":1,"s:15:4:15:Infinity":3,"b:15:17:15:30:15:30:15:Infinity":2,"b:18:2:21:Infinity:undefined:undefined:undefined:undefined":3,"s:18:2:21:Infinity":4,"b:18:6:18:40:18:40:18:53":4,"s:19:16:19:Infinity":5,"s:20:4:20:Infinity":6,"b:20:17:20:30:20:30:20:Infinity":5,"s:22:2:22:Infinity":7,"s:26:20:26:Infinity":8,"s:27:20:27:Infinity":9,"b:30:0:40:Infinity:undefined:undefined:undefined:undefined":6,"s:30:0:40:Infinity":10,"b:30:4:30:20:30:20:30:34":7,"s:31:18:31:Infinity":11,"b:32:2:32:Infinity:undefined:undefined:undefined:undefined":8,"s:32:2:32:Infinity":12,"s:32:20:32:Infinity":13,"b:33:2:33:Infinity:undefined:undefined:undefined:undefined":9,"s:33:2:33:Infinity":14,"s:33:20:33:Infinity":15,"s:35:2:35:Infinity":16,"b:37:2:39:Infinity:undefined:undefined:undefined:undefined":10,"s:37:2:39:Infinity":17,"b:37:6:37:58:37:58:37:88":11,"s:38:6:38:Infinity":18,"s:43:13:43:Infinity":19,"s:50:32:57:Infinity":20,"f:50:32:50:38":1}}}
,"C:\\Users\\WIN10\\האחסון שלי\\projects\\winwin\\components\\AdminPanel.tsx": {"path":"C:\\Users\\WIN10\\האחסון שלי\\projects\\winwin\\components\\AdminPanel.tsx","statementMap":{"0":{"start":{"line":18,"column":35},"end":{"line":18,"column":null}},"1":{"start":{"line":19,"column":18},"end":{"line":19,"column":null}},"2":{"start":{"line":21,"column":22},"end":{"line":21,"column":null}},"3":{"start":{"line":21,"column":39},"end":{"line":21,"column":245}},"4":{"start":{"line":21,"column":95},"end":{"line":21,"column":126}},"5":{"start":{"line":21,"column":128},"end":{"line":21,"column":177}},"6":{"start":{"line":21,"column":177},"end":{"line":21,"column":243}},"7":{"start":{"line":21,"column":201},"end":{"line":21,"column":240}},"8":{"start":{"line":22,"column":21},"end":{"line":22,"column":null}},"9":{"start":{"line":22,"column":38},"end":{"line":22,"column":240}},"10":{"start":{"line":22,"column":93},"end":{"line":22,"column":123}},"11":{"start":{"line":22,"column":125},"end":{"line":22,"column":173}},"12":{"start":{"line":22,"column":173},"end":{"line":22,"column":238}},"13":{"start":{"line":22,"column":197},"end":{"line":22,"column":235}},"14":{"start":{"line":23,"column":23},"end":{"line":23,"column":null}},"15":{"start":{"line":23,"column":40},"end":{"line":23,"column":250}},"16":{"start":{"line":23,"column":97},"end":{"line":23,"column":129}},"17":{"start":{"line":23,"column":131},"end":{"line":23,"column":181}},"18":{"start":{"line":23,"column":181},"end":{"line":23,"column":248}},"19":{"start":{"line":23,"column":205},"end":{"line":23,"column":245}},"20":{"start":{"line":24,"column":23},"end":{"line":24,"column":null}},"21":{"start":{"line":24,"column":40},"end":{"line":24,"column":250}},"22":{"start":{"line":24,"column":97},"end":{"line":24,"column":129}},"23":{"start":{"line":24,"column":131},"end":{"line":24,"column":181}},"24":{"start":{"line":24,"column":181},"end":{"line":24,"column":248}},"25":{"start":{"line":24,"column":205},"end":{"line":24,"column":245}},"26":{"start":{"line":25,"column":23},"end":{"line":25,"column":null}},"27":{"start":{"line":25,"column":40},"end":{"line":25,"column":250}},"28":{"start":{"line":25,"column":97},"end":{"line":25,"column":129}},"29":{"start":{"line":25,"column":131},"end":{"line":25,"column":181}},"30":{"start":{"line":25,"column":181},"end":{"line":25,"column":248}},"31":{"start":{"line":25,"column":205},"end":{"line":25,"column":245}},"32":{"start":{"line":27,"column":22},"end":{"line":27,"column":null}},"33":{"start":{"line":27,"column":39},"end":{"line":27,"column":245}},"34":{"start":{"line":27,"column":95},"end":{"line":27,"column":126}},"35":{"start":{"line":27,"column":128},"end":{"line":27,"column":177}},"36":{"start":{"line":27,"column":177},"end":{"line":27,"column":243}},"37":{"start":{"line":27,"column":201},"end":{"line":27,"column":240}},"38":{"start":{"line":28,"column":23},"end":{"line":28,"column":null}},"39":{"start":{"line":28,"column":40},"end":{"line":28,"column":250}},"40":{"start":{"line":28,"column":97},"end":{"line":28,"column":129}},"41":{"start":{"line":28,"column":131},"end":{"line":28,"column":181}},"42":{"start":{"line":28,"column":181},"end":{"line":28,"column":248}},"43":{"start":{"line":28,"column":205},"end":{"line":28,"column":245}},"44":{"start":{"line":29,"column":24},"end":{"line":29,"column":null}},"45":{"start":{"line":29,"column":41},"end":{"line":29,"column":255}},"46":{"start":{"line":29,"column":99},"end":{"line":29,"column":132}},"47":{"start":{"line":29,"column":134},"end":{"line":29,"column":185}},"48":{"start":{"line":29,"column":185},"end":{"line":29,"column":253}},"49":{"start":{"line":29,"column":209},"end":{"line":29,"column":250}},"50":{"start":{"line":30,"column":19},"end":{"line":30,"column":null}},"51":{"start":{"line":30,"column":36},"end":{"line":30,"column":230}},"52":{"start":{"line":30,"column":89},"end":{"line":30,"column":117}},"53":{"start":{"line":30,"column":119},"end":{"line":30,"column":165}},"54":{"start":{"line":30,"column":165},"end":{"line":30,"column":228}},"55":{"start":{"line":30,"column":189},"end":{"line":30,"column":225}},"56":{"start":{"line":31,"column":24},"end":{"line":31,"column":null}},"57":{"start":{"line":31,"column":41},"end":{"line":31,"column":255}},"58":{"start":{"line":31,"column":99},"end":{"line":31,"column":132}},"59":{"start":{"line":31,"column":134},"end":{"line":31,"column":185}},"60":{"start":{"line":31,"column":185},"end":{"line":31,"column":253}},"61":{"start":{"line":31,"column":209},"end":{"line":31,"column":250}},"62":{"start":{"line":34,"column":25},"end":{"line":36,"column":null}},"63":{"start":{"line":35,"column":2},"end":{"line":35,"column":null}},"64":{"start":{"line":53,"column":19},"end":{"line":61,"column":null}},"65":{"start":{"line":54,"column":12},"end":{"line":54,"column":null}},"66":{"start":{"line":55,"column":2},"end":{"line":59,"column":null}},"67":{"start":{"line":63,"column":51},"end":{"line":295,"column":null}},"68":{"start":{"line":66,"column":22},"end":{"line":66,"column":null}},"69":{"start":{"line":67,"column":42},"end":{"line":67,"column":null}},"70":{"start":{"line":68,"column":19},"end":{"line":68,"column":null}},"71":{"start":{"line":69,"column":33},"end":{"line":69,"column":null}},"72":{"start":{"line":70,"column":46},"end":{"line":70,"column":null}},"73":{"start":{"line":72,"column":8},"end":{"line":72,"column":null}},"74":{"start":{"line":73,"column":8},"end":{"line":73,"column":null}},"75":{"start":{"line":75,"column":8},"end":{"line":80,"column":null}},"76":{"start":{"line":76,"column":4},"end":{"line":76,"column":null}},"77":{"start":{"line":76,"column":39},"end":{"line":76,"column":null}},"78":{"start":{"line":77,"column":4},"end":{"line":77,"column":null}},"79":{"start":{"line":77,"column":26},"end":{"line":77,"column":null}},"80":{"start":{"line":78,"column":4},"end":{"line":78,"column":null}},"81":{"start":{"line":78,"column":20},"end":{"line":78,"column":null}},"82":{"start":{"line":79,"column":4},"end":{"line":79,"column":null}},"83":{"start":{"line":82,"column":29},"end":{"line":82,"column":null}},"84":{"start":{"line":84,"column":38},"end":{"line":84,"column":null}},"85":{"start":{"line":85,"column":217},"end":{"line":85,"column":null}},"86":{"start":{"line":87,"column":36},"end":{"line":89,"column":null}},"87":{"start":{"line":88,"column":4},"end":{"line":88,"column":null}},"88":{"start":{"line":91,"column":8},"end":{"line":91,"column":null}},"89":{"start":{"line":91,"column":46},"end":{"line":91,"column":103}},"90":{"start":{"line":91,"column":75},"end":{"line":91,"column":99}},"91":{"start":{"line":93,"column":26},"end":{"line":95,"column":null}},"92":{"start":{"line":94,"column":4},"end":{"line":94,"column":null}},"93":{"start":{"line":97,"column":25},"end":{"line":103,"column":null}},"94":{"start":{"line":98,"column":4},"end":{"line":98,"column":null}},"95":{"start":{"line":98,"column":28},"end":{"line":98,"column":null}},"96":{"start":{"line":98,"column":51},"end":{"line":98,"column":null}},"97":{"start":{"line":99,"column":4},"end":{"line":99,"column":null}},"98":{"start":{"line":99,"column":26},"end":{"line":99,"column":null}},"99":{"start":{"line":99,"column":49},"end":{"line":99,"column":null}},"100":{"start":{"line":100,"column":4},"end":{"line":100,"column":null}},"101":{"start":{"line":100,"column":25},"end":{"line":100,"column":null}},"102":{"start":{"line":100,"column":48},"end":{"line":100,"column":null}},"103":{"start":{"line":101,"column":4},"end":{"line":101,"column":null}},"104":{"start":{"line":101,"column":35},"end":{"line":101,"column":null}},"105":{"start":{"line":101,"column":58},"end":{"line":101,"column":null}},"106":{"start":{"line":102,"column":4},"end":{"line":102,"column":null}},"107":{"start":{"line":102,"column":24},"end":{"line":102,"column":null}},"108":{"start":{"line":102,"column":47},"end":{"line":102,"column":null}},"109":{"start":{"line":105,"column":24},"end":{"line":116,"column":null}},"110":{"start":{"line":106,"column":4},"end":{"line":106,"column":null}},"111":{"start":{"line":107,"column":4},"end":{"line":115,"column":null}},"112":{"start":{"line":108,"column":6},"end":{"line":108,"column":null}},"113":{"start":{"line":109,"column":6},"end":{"line":109,"column":null}},"114":{"start":{"line":111,"column":6},"end":{"line":111,"column":null}},"115":{"start":{"line":112,"column":6},"end":{"line":112,"column":null}},"116":{"start":{"line":114,"column":6},"end":{"line":114,"column":null}},"117":{"start":{"line":118,"column":8},"end":{"line":127,"column":null}},"118":{"start":{"line":119,"column":116},"end":{"line":125,"column":null}},"119":{"start":{"line":126,"column":4},"end":{"line":126,"column":null}},"120":{"start":{"line":129,"column":19},"end":{"line":137,"column":null}},"121":{"start":{"line":139,"column":26},"end":{"line":143,"column":null}},"122":{"start":{"line":140,"column":4},"end":{"line":140,"column":null}},"123":{"start":{"line":140,"column":22},"end":{"line":140,"column":null}},"124":{"start":{"line":141,"column":4},"end":{"line":141,"column":null}},"125":{"start":{"line":141,"column":36},"end":{"line":141,"column":null}},"126":{"start":{"line":142,"column":4},"end":{"line":142,"column":null}},"127":{"start":{"line":145,"column":2},"end":{"line":293,"column":null}},"128":{"start":{"line":232,"column":41},"end":{"line":232,"column":null}},"129":{"start":{"line":262,"column":95},"end":{"line":262,"column":123}},"130":{"start":{"line":276,"column":176},"end":{"line":276,"column":205}},"131":{"start":{"line":277,"column":137},"end":{"line":277,"column":168}},"132":{"start":{"line":278,"column":76},"end":{"line":278,"column":108}},"133":{"start":{"line":282,"column":138},"end":{"line":282,"column":178}},"134":{"start":{"line":282,"column":249},"end":{"line":282,"column":277}},"135":{"start":{"line":297,"column":53},"end":{"line":303,"column":null}},"136":{"start":{"line":298,"column":2},"end":{"line":301,"column":null}}},"fnMap":{"0":{"name":"(anonymous_0)","decl":{"start":{"line":21,"column":33},"end":{"line":21,"column":39}},"loc":{"start":{"line":21,"column":39},"end":{"line":21,"column":245}},"line":21},"1":{"name":"(anonymous_1)","decl":{"start":{"line":21,"column":84},"end":{"line":21,"column":93}},"loc":{"start":{"line":21,"column":95},"end":{"line":21,"column":126}},"line":21},"2":{"name":"(anonymous_2)","decl":{"start":{"line":21,"column":126},"end":{"line":21,"column":128}},"loc":{"start":{"line":21,"column":126},"end":{"line":21,"column":244}},"line":21},"3":{"name":"(anonymous_3)","decl":{"start":{"line":21,"column":195},"end":{"line":21,"column":201}},"loc":{"start":{"line":21,"column":201},"end":{"line":21,"column":240}},"line":21},"4":{"name":"(anonymous_4)","decl":{"start":{"line":22,"column":32},"end":{"line":22,"column":38}},"loc":{"start":{"line":22,"column":38},"end":{"line":22,"column":240}},"line":22},"5":{"name":"(anonymous_5)","decl":{"start":{"line":22,"column":82},"end":{"line":22,"column":91}},"loc":{"start":{"line":22,"column":93},"end":{"line":22,"column":123}},"line":22},"6":{"name":"(anonymous_6)","decl":{"start":{"line":22,"column":123},"end":{"line":22,"column":125}},"loc":{"start":{"line":22,"column":123},"end":{"line":22,"column":239}},"line":22},"7":{"name":"(anonymous_7)","decl":{"start":{"line":22,"column":191},"end":{"line":22,"column":197}},"loc":{"start":{"line":22,"column":197},"end":{"line":22,"column":235}},"line":22},"8":{"name":"(anonymous_8)","decl":{"start":{"line":23,"column":34},"end":{"line":23,"column":40}},"loc":{"start":{"line":23,"column":40},"end":{"line":23,"column":250}},"line":23},"9":{"name":"(anonymous_9)","decl":{"start":{"line":23,"column":86},"end":{"line":23,"column":95}},"loc":{"start":{"line":23,"column":97},"end":{"line":23,"column":129}},"line":23},"10":{"name":"(anonymous_10)","decl":{"start":{"line":23,"column":129},"end":{"line":23,"column":131}},"loc":{"start":{"line":23,"column":129},"end":{"line":23,"column":249}},"line":23},"11":{"name":"(anonymous_11)","decl":{"start":{"line":23,"column":199},"end":{"line":23,"column":205}},"loc":{"start":{"line":23,"column":205},"end":{"line":23,"column":245}},"line":23},"12":{"name":"(anonymous_12)","decl":{"start":{"line":24,"column":34},"end":{"line":24,"column":40}},"loc":{"start":{"line":24,"column":40},"end":{"line":24,"column":250}},"line":24},"13":{"name":"(anonymous_13)","decl":{"start":{"line":24,"column":86},"end":{"line":24,"column":95}},"loc":{"start":{"line":24,"column":97},"end":{"line":24,"column":129}},"line":24},"14":{"name":"(anonymous_14)","decl":{"start":{"line":24,"column":129},"end":{"line":24,"column":131}},"loc":{"start":{"line":24,"column":129},"end":{"line":24,"column":249}},"line":24},"15":{"name":"(anonymous_15)","decl":{"start":{"line":24,"column":199},"end":{"line":24,"column":205}},"loc":{"start":{"line":24,"column":205},"end":{"line":24,"column":245}},"line":24},"16":{"name":"(anonymous_16)","decl":{"start":{"line":25,"column":34},"end":{"line":25,"column":40}},"loc":{"start":{"line":25,"column":40},"end":{"line":25,"column":250}},"line":25},"17":{"name":"(anonymous_17)","decl":{"start":{"line":25,"column":86},"end":{"line":25,"column":95}},"loc":{"start":{"line":25,"column":97},"end":{"line":25,"column":129}},"line":25},"18":{"name":"(anonymous_18)","decl":{"start":{"line":25,"column":129},"end":{"line":25,"column":131}},"loc":{"start":{"line":25,"column":129},"end":{"line":25,"column":249}},"line":25},"19":{"name":"(anonymous_19)","decl":{"start":{"line":25,"column":199},"end":{"line":25,"column":205}},"loc":{"start":{"line":25,"column":205},"end":{"line":25,"column":245}},"line":25},"20":{"name":"(anonymous_20)","decl":{"start":{"line":27,"column":33},"end":{"line":27,"column":39}},"loc":{"start":{"line":27,"column":39},"end":{"line":27,"column":245}},"line":27},"21":{"name":"(anonymous_21)","decl":{"start":{"line":27,"column":84},"end":{"line":27,"column":93}},"loc":{"start":{"line":27,"column":95},"end":{"line":27,"column":126}},"line":27},"22":{"name":"(anonymous_22)","decl":{"start":{"line":27,"column":126},"end":{"line":27,"column":128}},"loc":{"start":{"line":27,"column":126},"end":{"line":27,"column":244}},"line":27},"23":{"name":"(anonymous_23)","decl":{"start":{"line":27,"column":195},"end":{"line":27,"column":201}},"loc":{"start":{"line":27,"column":201},"end":{"line":27,"column":240}},"line":27},"24":{"name":"(anonymous_24)","decl":{"start":{"line":28,"column":34},"end":{"line":28,"column":40}},"loc":{"start":{"line":28,"column":40},"end":{"line":28,"column":250}},"line":28},"25":{"name":"(anonymous_25)","decl":{"start":{"line":28,"column":86},"end":{"line":28,"column":95}},"loc":{"start":{"line":28,"column":97},"end":{"line":28,"column":129}},"line":28},"26":{"name":"(anonymous_26)","decl":{"start":{"line":28,"column":129},"end":{"line":28,"column":131}},"loc":{"start":{"line":28,"column":129},"end":{"line":28,"column":249}},"line":28},"27":{"name":"(anonymous_27)","decl":{"start":{"line":28,"column":199},"end":{"line":28,"column":205}},"loc":{"start":{"line":28,"column":205},"end":{"line":28,"column":245}},"line":28},"28":{"name":"(anonymous_28)","decl":{"start":{"line":29,"column":35},"end":{"line":29,"column":41}},"loc":{"start":{"line":29,"column":41},"end":{"line":29,"column":255}},"line":29},"29":{"name":"(anonymous_29)","decl":{"start":{"line":29,"column":88},"end":{"line":29,"column":97}},"loc":{"start":{"line":29,"column":99},"end":{"line":29,"column":132}},"line":29},"30":{"name":"(anonymous_30)","decl":{"start":{"line":29,"column":132},"end":{"line":29,"column":134}},"loc":{"start":{"line":29,"column":132},"end":{"line":29,"column":254}},"line":29},"31":{"name":"(anonymous_31)","decl":{"start":{"line":29,"column":203},"end":{"line":29,"column":209}},"loc":{"start":{"line":29,"column":209},"end":{"line":29,"column":250}},"line":29},"32":{"name":"(anonymous_32)","decl":{"start":{"line":30,"column":30},"end":{"line":30,"column":36}},"loc":{"start":{"line":30,"column":36},"end":{"line":30,"column":230}},"line":30},"33":{"name":"(anonymous_33)","decl":{"start":{"line":30,"column":78},"end":{"line":30,"column":87}},"loc":{"start":{"line":30,"column":89},"end":{"line":30,"column":117}},"line":30},"34":{"name":"(anonymous_34)","decl":{"start":{"line":30,"column":117},"end":{"line":30,"column":119}},"loc":{"start":{"line":30,"column":117},"end":{"line":30,"column":229}},"line":30},"35":{"name":"(anonymous_35)","decl":{"start":{"line":30,"column":183},"end":{"line":30,"column":189}},"loc":{"start":{"line":30,"column":189},"end":{"line":30,"column":225}},"line":30},"36":{"name":"(anonymous_36)","decl":{"start":{"line":31,"column":35},"end":{"line":31,"column":41}},"loc":{"start":{"line":31,"column":41},"end":{"line":31,"column":255}},"line":31},"37":{"name":"(anonymous_37)","decl":{"start":{"line":31,"column":88},"end":{"line":31,"column":97}},"loc":{"start":{"line":31,"column":99},"end":{"line":31,"column":132}},"line":31},"38":{"name":"(anonymous_38)","decl":{"start":{"line":31,"column":132},"end":{"line":31,"column":134}},"loc":{"start":{"line":31,"column":132},"end":{"line":31,"column":254}},"line":31},"39":{"name":"(anonymous_39)","decl":{"start":{"line":31,"column":203},"end":{"line":31,"column":209}},"loc":{"start":{"line":31,"column":209},"end":{"line":31,"column":250}},"line":31},"40":{"name":"(anonymous_40)","decl":{"start":{"line":34,"column":25},"end":{"line":34,"column":26}},"loc":{"start":{"line":34,"column":61},"end":{"line":36,"column":null}},"line":34},"41":{"name":"(anonymous_41)","decl":{"start":{"line":53,"column":19},"end":{"line":53,"column":25}},"loc":{"start":{"line":53,"column":25},"end":{"line":61,"column":null}},"line":53},"42":{"name":"(anonymous_42)","decl":{"start":{"line":63,"column":51},"end":{"line":63,"column":52}},"loc":{"start":{"line":65,"column":6},"end":{"line":295,"column":null}},"line":65},"43":{"name":"(anonymous_43)","decl":{"start":{"line":75,"column":28},"end":{"line":75,"column":34}},"loc":{"start":{"line":75,"column":34},"end":{"line":80,"column":5}},"line":75},"44":{"name":"(anonymous_44)","decl":{"start":{"line":87,"column":36},"end":{"line":87,"column":43}},"loc":{"start":{"line":87,"column":91},"end":{"line":89,"column":null}},"line":87},"45":{"name":"(anonymous_45)","decl":{"start":{"line":91,"column":40},"end":{"line":91,"column":46}},"loc":{"start":{"line":91,"column":46},"end":{"line":91,"column":103}},"line":91},"46":{"name":"(anonymous_46)","decl":{"start":{"line":91,"column":61},"end":{"line":91,"column":62}},"loc":{"start":{"line":91,"column":75},"end":{"line":91,"column":99}},"line":91},"47":{"name":"(anonymous_47)","decl":{"start":{"line":93,"column":26},"end":{"line":93,"column":27}},"loc":{"start":{"line":93,"column":44},"end":{"line":95,"column":null}},"line":93},"48":{"name":"(anonymous_48)","decl":{"start":{"line":97,"column":25},"end":{"line":97,"column":26}},"loc":{"start":{"line":97,"column":43},"end":{"line":103,"column":null}},"line":97},"49":{"name":"(anonymous_49)","decl":{"start":{"line":98,"column":45},"end":{"line":98,"column":51}},"loc":{"start":{"line":98,"column":51},"end":{"line":98,"column":null}},"line":98},"50":{"name":"(anonymous_50)","decl":{"start":{"line":99,"column":43},"end":{"line":99,"column":49}},"loc":{"start":{"line":99,"column":49},"end":{"line":99,"column":null}},"line":99},"51":{"name":"(anonymous_51)","decl":{"start":{"line":100,"column":42},"end":{"line":100,"column":48}},"loc":{"start":{"line":100,"column":48},"end":{"line":100,"column":null}},"line":100},"52":{"name":"(anonymous_52)","decl":{"start":{"line":101,"column":52},"end":{"line":101,"column":58}},"loc":{"start":{"line":101,"column":58},"end":{"line":101,"column":null}},"line":101},"53":{"name":"(anonymous_53)","decl":{"start":{"line":102,"column":41},"end":{"line":102,"column":47}},"loc":{"start":{"line":102,"column":47},"end":{"line":102,"column":null}},"line":102},"54":{"name":"(anonymous_54)","decl":{"start":{"line":105,"column":24},"end":{"line":105,"column":36}},"loc":{"start":{"line":105,"column":36},"end":{"line":116,"column":null}},"line":105},"55":{"name":"(anonymous_55)","decl":{"start":{"line":118,"column":31},"end":{"line":118,"column":37}},"loc":{"start":{"line":118,"column":37},"end":{"line":127,"column":5}},"line":118},"56":{"name":"(anonymous_56)","decl":{"start":{"line":139,"column":42},"end":{"line":139,"column":50}},"loc":{"start":{"line":139,"column":50},"end":{"line":143,"column":3}},"line":139},"57":{"name":"(anonymous_57)","decl":{"start":{"line":232,"column":35},"end":{"line":232,"column":41}},"loc":{"start":{"line":232,"column":41},"end":{"line":232,"column":null}},"line":232},"58":{"name":"(anonymous_58)","decl":{"start":{"line":262,"column":89},"end":{"line":262,"column":95}},"loc":{"start":{"line":262,"column":95},"end":{"line":262,"column":123}},"line":262},"59":{"name":"(anonymous_59)","decl":{"start":{"line":276,"column":170},"end":{"line":276,"column":176}},"loc":{"start":{"line":276,"column":176},"end":{"line":276,"column":205}},"line":276},"60":{"name":"(anonymous_60)","decl":{"start":{"line":277,"column":131},"end":{"line":277,"column":137}},"loc":{"start":{"line":277,"column":137},"end":{"line":277,"column":168}},"line":277},"61":{"name":"(anonymous_61)","decl":{"start":{"line":278,"column":70},"end":{"line":278,"column":76}},"loc":{"start":{"line":278,"column":76},"end":{"line":278,"column":108}},"line":278},"62":{"name":"(anonymous_62)","decl":{"start":{"line":282,"column":109},"end":{"line":282,"column":110}},"loc":{"start":{"line":282,"column":138},"end":{"line":282,"column":178}},"line":282},"63":{"name":"(anonymous_63)","decl":{"start":{"line":282,"column":243},"end":{"line":282,"column":249}},"loc":{"start":{"line":282,"column":249},"end":{"line":282,"column":277}},"line":282},"64":{"name":"(anonymous_64)","decl":{"start":{"line":297,"column":53},"end":{"line":297,"column":54}},"loc":{"start":{"line":297,"column":64},"end":{"line":303,"column":null}},"line":297}},"branchMap":{"0":{"loc":{"start":{"line":73,"column":8},"end":{"line":73,"column":null}},"type":"binary-expr","locations":[{"start":{"line":73,"column":8},"end":{"line":73,"column":49}},{"start":{"line":73,"column":44},"end":{"line":73,"column":null}}],"line":73},"1":{"loc":{"start":{"line":76,"column":4},"end":{"line":76,"column":null}},"type":"if","locations":[{"start":{"line":76,"column":4},"end":{"line":76,"column":null}},{"start":{},"end":{}}],"line":76},"2":{"loc":{"start":{"line":77,"column":4},"end":{"line":77,"column":null}},"type":"if","locations":[{"start":{"line":77,"column":4},"end":{"line":77,"column":null}},{"start":{},"end":{}}],"line":77},"3":{"loc":{"start":{"line":78,"column":4},"end":{"line":78,"column":null}},"type":"if","locations":[{"start":{"line":78,"column":4},"end":{"line":78,"column":null}},{"start":{},"end":{}}],"line":78},"4":{"loc":{"start":{"line":79,"column":11},"end":{"line":79,"column":null}},"type":"cond-expr","locations":[{"start":{"line":79,"column":32},"end":{"line":79,"column":45}},{"start":{"line":79,"column":45},"end":{"line":79,"column":null}}],"line":79},"5":{"loc":{"start":{"line":79,"column":11},"end":{"line":79,"column":32}},"type":"binary-expr","locations":[{"start":{"line":79,"column":11},"end":{"line":79,"column":22}},{"start":{"line":79,"column":22},"end":{"line":79,"column":32}}],"line":79},"6":{"loc":{"start":{"line":91,"column":82},"end":{"line":91,"column":99}},"type":"binary-expr","locations":[{"start":{"line":91,"column":82},"end":{"line":91,"column":95}},{"start":{"line":91,"column":95},"end":{"line":91,"column":99}}],"line":91},"7":{"loc":{"start":{"line":98,"column":4},"end":{"line":98,"column":null}},"type":"if","locations":[{"start":{"line":98,"column":4},"end":{"line":98,"column":null}},{"start":{},"end":{}}],"line":98},"8":{"loc":{"start":{"line":99,"column":4},"end":{"line":99,"column":null}},"type":"if","locations":[{"start":{"line":99,"column":4},"end":{"line":99,"column":null}},{"start":{},"end":{}}],"line":99},"9":{"loc":{"start":{"line":100,"column":4},"end":{"line":100,"column":null}},"type":"if","locations":[{"start":{"line":100,"column":4},"end":{"line":100,"column":null}},{"start":{},"end":{}}],"line":100},"10":{"loc":{"start":{"line":101,"column":4},"end":{"line":101,"column":null}},"type":"if","locations":[{"start":{"line":101,"column":4},"end":{"line":101,"column":null}},{"start":{},"end":{}}],"line":101},"11":{"loc":{"start":{"line":102,"column":4},"end":{"line":102,"column":null}},"type":"if","locations":[{"start":{"line":102,"column":4},"end":{"line":102,"column":null}},{"start":{},"end":{}}],"line":102},"12":{"loc":{"start":{"line":126,"column":11},"end":{"line":126,"column":null}},"type":"binary-expr","locations":[{"start":{"line":126,"column":11},"end":{"line":126,"column":33}},{"start":{"line":126,"column":33},"end":{"line":126,"column":null}}],"line":126},"13":{"loc":{"start":{"line":140,"column":4},"end":{"line":140,"column":null}},"type":"if","locations":[{"start":{"line":140,"column":4},"end":{"line":140,"column":null}},{"start":{},"end":{}}],"line":140},"14":{"loc":{"start":{"line":141,"column":4},"end":{"line":141,"column":null}},"type":"if","locations":[{"start":{"line":141,"column":4},"end":{"line":141,"column":null}},{"start":{},"end":{}}],"line":141},"15":{"loc":{"start":{"line":141,"column":8},"end":{"line":141,"column":36}},"type":"binary-expr","locations":[{"start":{"line":141,"column":8},"end":{"line":141,"column":26}},{"start":{"line":141,"column":26},"end":{"line":141,"column":36}}],"line":141},"16":{"loc":{"start":{"line":147,"column":31},"end":{"line":147,"column":77}},"type":"binary-expr","locations":[{"start":{"line":147,"column":31},"end":{"line":147,"column":62}},{"start":{"line":147,"column":62},"end":{"line":147,"column":77}}],"line":147},"17":{"loc":{"start":{"line":153,"column":25},"end":{"line":153,"column":null}},"type":"cond-expr","locations":[{"start":{"line":153,"column":35},"end":{"line":153,"column":65}},{"start":{"line":153,"column":65},"end":{"line":153,"column":null}}],"line":153},"18":{"loc":{"start":{"line":153,"column":65},"end":{"line":153,"column":null}},"type":"cond-expr","locations":[{"start":{"line":153,"column":75},"end":{"line":153,"column":100}},{"start":{"line":153,"column":100},"end":{"line":153,"column":null}}],"line":153},"19":{"loc":{"start":{"line":170,"column":110},"end":{"line":170,"column":151}},"type":"binary-expr","locations":[{"start":{"line":170,"column":110},"end":{"line":170,"column":135}},{"start":{"line":170,"column":135},"end":{"line":170,"column":151}}],"line":170},"20":{"loc":{"start":{"line":182,"column":49},"end":{"line":182,"column":83}},"type":"cond-expr","locations":[{"start":{"line":182,"column":64},"end":{"line":182,"column":81}},{"start":{"line":182,"column":81},"end":{"line":182,"column":83}}],"line":182},"21":{"loc":{"start":{"line":192,"column":19},"end":{"line":192,"column":null}},"type":"cond-expr","locations":[{"start":{"line":192,"column":29},"end":{"line":192,"column":59}},{"start":{"line":192,"column":59},"end":{"line":192,"column":null}}],"line":192},"22":{"loc":{"start":{"line":192,"column":59},"end":{"line":192,"column":null}},"type":"cond-expr","locations":[{"start":{"line":192,"column":69},"end":{"line":192,"column":94}},{"start":{"line":192,"column":94},"end":{"line":192,"column":null}}],"line":192},"23":{"loc":{"start":{"line":195,"column":175},"end":{"line":195,"column":249}},"type":"cond-expr","locations":[{"start":{"line":195,"column":185},"end":{"line":195,"column":218}},{"start":{"line":195,"column":218},"end":{"line":195,"column":249}}],"line":195},"24":{"loc":{"start":{"line":196,"column":17},"end":{"line":196,"column":null}},"type":"binary-expr","locations":[{"start":{"line":196,"column":17},"end":{"line":196,"column":60}},{"start":{"line":196,"column":60},"end":{"line":196,"column":null}}],"line":196},"25":{"loc":{"start":{"line":220,"column":23},"end":{"line":220,"column":null}},"type":"binary-expr","locations":[{"start":{"line":220,"column":23},"end":{"line":220,"column":39}},{"start":{"line":220,"column":39},"end":{"line":220,"column":null}}],"line":220},"26":{"loc":{"start":{"line":229,"column":21},"end":{"line":233,"column":null}},"type":"binary-expr","locations":[{"start":{"line":229,"column":21},"end":{"line":229,"column":null}},{"start":{"line":230,"column":22},"end":{"line":233,"column":null}}],"line":229},"27":{"loc":{"start":{"line":236,"column":21},"end":{"line":240,"column":null}},"type":"binary-expr","locations":[{"start":{"line":236,"column":21},"end":{"line":236,"column":44}},{"start":{"line":236,"column":44},"end":{"line":236,"column":null}},{"start":{"line":237,"column":22},"end":{"line":240,"column":null}}],"line":236},"28":{"loc":{"start":{"line":239,"column":32},"end":{"line":239,"column":72}},"type":"cond-expr","locations":[{"start":{"line":239,"column":52},"end":{"line":239,"column":62}},{"start":{"line":239,"column":62},"end":{"line":239,"column":72}}],"line":239},"29":{"loc":{"start":{"line":248,"column":23},"end":{"line":258,"column":null}},"type":"binary-expr","locations":[{"start":{"line":248,"column":23},"end":{"line":248,"column":51}},{"start":{"line":248,"column":51},"end":{"line":248,"column":null}},{"start":{"line":249,"column":24},"end":{"line":258,"column":null}}],"line":248},"30":{"loc":{"start":{"line":252,"column":38},"end":{"line":252,"column":null}},"type":"binary-expr","locations":[{"start":{"line":252,"column":38},"end":{"line":252,"column":56}},{"start":{"line":252,"column":56},"end":{"line":252,"column":null}}],"line":252},"31":{"loc":{"start":{"line":260,"column":23},"end":{"line":268,"column":null}},"type":"binary-expr","locations":[{"start":{"line":260,"column":23},"end":{"line":260,"column":null}},{"start":{"line":261,"column":24},"end":{"line":268,"column":null}}],"line":260},"32":{"loc":{"start":{"line":264,"column":37},"end":{"line":264,"column":null}},"type":"binary-expr","locations":[{"start":{"line":264,"column":37},"end":{"line":264,"column":55}},{"start":{"line":264,"column":55},"end":{"line":264,"column":null}}],"line":264},"33":{"loc":{"start":{"line":264,"column":55},"end":{"line":264,"column":null}},"type":"cond-expr","locations":[{"start":{"line":264,"column":76},"end":{"line":264,"column":92}},{"start":{"line":264,"column":92},"end":{"line":264,"column":null}}],"line":264},"34":{"loc":{"start":{"line":270,"column":23},"end":{"line":271,"column":null}},"type":"binary-expr","locations":[{"start":{"line":270,"column":23},"end":{"line":270,"column":48}},{"start":{"line":270,"column":48},"end":{"line":270,"column":null}},{"start":{"line":271,"column":24},"end":{"line":271,"column":null}}],"line":270},"35":{"loc":{"start":{"line":274,"column":23},"end":{"line":279,"column":null}},"type":"binary-expr","locations":[{"start":{"line":274,"column":23},"end":{"line":274,"column":58}},{"start":{"line":274,"column":58},"end":{"line":274,"column":null}},{"start":{"line":275,"column":24},"end":{"line":279,"column":null}}],"line":274},"36":{"loc":{"start":{"line":281,"column":23},"end":{"line":282,"column":null}},"type":"binary-expr","locations":[{"start":{"line":281,"column":23},"end":{"line":281,"column":null}},{"start":{"line":282,"column":24},"end":{"line":282,"column":null}}],"line":281}},"s":{"0":2,"1":2,"2":2,"3":0,"4":0,"5":0,"6":0,"7":0,"8":2,"9":0,"10":0,"11":0,"12":0,"13":0,"14":2,"15":2,"16":0,"17":0,"18":0,"19":0,"20":2,"21":0,"22":0,"23":0,"24":0,"25":0,"26":2,"27":0,"28":0,"29":0,"30":0,"31":0,"32":2,"33":0,"34":0,"35":0,"36":0,"37":0,"38":2,"39":0,"40":0,"41":0,"42":0,"43":0,"44":2,"45":0,"46":0,"47":0,"48":0,"49":0,"50":2,"51":2,"52":0,"53":0,"54":0,"55":0,"56":2,"57":2,"58":0,"59":0,"60":0,"61":0,"62":2,"63":0,"64":2,"65":5,"66":5,"67":2,"68":5,"69":5,"70":5,"71":5,"72":5,"73":5,"74":5,"75":5,"76":5,"77":1,"78":4,"79":4,"80":0,"81":0,"82":0,"83":5,"84":5,"85":5,"86":5,"87":0,"88":5,"89":5,"90":0,"91":5,"92":0,"93":5,"94":0,"95":0,"96":0,"97":0,"98":0,"99":0,"100":0,"101":0,"102":0,"103":0,"104":0,"105":0,"106":0,"107":0,"108":0,"109":5,"110":0,"111":0,"112":0,"113":0,"114":0,"115":0,"116":0,"117":5,"118":5,"119":5,"120":5,"121":5,"122":35,"123":10,"124":25,"125":0,"126":25,"127":5,"128":0,"129":0,"130":0,"131":0,"132":0,"133":0,"134":0,"135":2,"136":5},"f":{"0":0,"1":0,"2":0,"3":0,"4":0,"5":0,"6":0,"7":0,"8":2,"9":0,"10":0,"11":0,"12":0,"13":0,"14":0,"15":0,"16":0,"17":0,"18":0,"19":0,"20":0,"21":0,"22":0,"23":0,"24":0,"25":0,"26":0,"27":0,"28":0,"29":0,"30":0,"31":0,"32":2,"33":0,"34":0,"35":0,"36":2,"37":0,"38":0,"39":0,"40":0,"41":5,"42":5,"43":5,"44":0,"45":5,"46":0,"47":0,"48":0,"49":0,"50":0,"51":0,"52":0,"53":0,"54":0,"55":5,"56":35,"57":0,"58":0,"59":0,"60":0,"61":0,"62":0,"63":0,"64":5},"b":{"0":[5,5],"1":[1,4],"2":[4,0],"3":[0,0],"4":[0,0],"5":[0,0],"6":[0,0],"7":[0,0],"8":[0,0],"9":[0,0],"10":[0,0],"11":[0,0],"12":[5,0],"13":[10,25],"14":[0,25],"15":[25,15],"16":[5,0],"17":[0,5],"18":[5,0],"19":[5,0],"20":[0,5],"21":[0,5],"22":[5,0],"23":[0,5],"24":[5,0],"25":[5,5],"26":[5,0],"27":[5,5,0],"28":[0,0],"29":[5,5,5],"30":[5,0],"31":[5,0],"32":[0,0],"33":[0,0],"34":[5,0,0],"35":[5,0,0],"36":[5,0]},"meta":{"lastBranch":37,"lastFunction":65,"lastStatement":137,"seen":{"s:18:35:18:Infinity":0,"s:19:18:19:Infinity":1,"s:21:22:21:Infinity":2,"f:21:33:21:39":0,"s:21:39:21:245":3,"f:21:84:21:93":1,"s:21:95:21:126":4,"f:21:126:21:128":2,"s:21:128:21:177":5,"s:21:177:21:243":6,"f:21:195:21:201":3,"s:21:201:21:240":7,"s:22:21:22:Infinity":8,"f:22:32:22:38":4,"s:22:38:22:240":9,"f:22:82:22:91":5,"s:22:93:22:123":10,"f:22:123:22:125":6,"s:22:125:22:173":11,"s:22:173:22:238":12,"f:22:191:22:197":7,"s:22:197:22:235":13,"s:23:23:23:Infinity":14,"f:23:34:23:40":8,"s:23:40:23:250":15,"f:23:86:23:95":9,"s:23:97:23:129":16,"f:23:129:23:131":10,"s:23:131:23:181":17,"s:23:181:23:248":18,"f:23:199:23:205":11,"s:23:205:23:245":19,"s:24:23:24:Infinity":20,"f:24:34:24:40":12,"s:24:40:24:250":21,"f:24:86:24:95":13,"s:24:97:24:129":22,"f:24:129:24:131":14,"s:24:131:24:181":23,"s:24:181:24:248":24,"f:24:199:24:205":15,"s:24:205:24:245":25,"s:25:23:25:Infinity":26,"f:25:34:25:40":16,"s:25:40:25:250":27,"f:25:86:25:95":17,"s:25:97:25:129":28,"f:25:129:25:131":18,"s:25:131:25:181":29,"s:25:181:25:248":30,"f:25:199:25:205":19,"s:25:205:25:245":31,"s:27:22:27:Infinity":32,"f:27:33:27:39":20,"s:27:39:27:245":33,"f:27:84:27:93":21,"s:27:95:27:126":34,"f:27:126:27:128":22,"s:27:128:27:177":35,"s:27:177:27:243":36,"f:27:195:27:201":23,"s:27:201:27:240":37,"s:28:23:28:Infinity":38,"f:28:34:28:40":24,"s:28:40:28:250":39,"f:28:86:28:95":25,"s:28:97:28:129":40,"f:28:129:28:131":26,"s:28:131:28:181":41,"s:28:181:28:248":42,"f:28:199:28:205":27,"s:28:205:28:245":43,"s:29:24:29:Infinity":44,"f:29:35:29:41":28,"s:29:41:29:255":45,"f:29:88:29:97":29,"s:29:99:29:132":46,"f:29:132:29:134":30,"s:29:134:29:185":47,"s:29:185:29:253":48,"f:29:203:29:209":31,"s:29:209:29:250":49,"s:30:19:30:Infinity":50,"f:30:30:30:36":32,"s:30:36:30:230":51,"f:30:78:30:87":33,"s:30:89:30:117":52,"f:30:117:30:119":34,"s:30:119:30:165":53,"s:30:165:30:228":54,"f:30:183:30:189":35,"s:30:189:30:225":55,"s:31:24:31:Infinity":56,"f:31:35:31:41":36,"s:31:41:31:255":57,"f:31:88:31:97":37,"s:31:99:31:132":58,"f:31:132:31:134":38,"s:31:134:31:185":59,"s:31:185:31:253":60,"f:31:203:31:209":39,"s:31:209:31:250":61,"s:34:25:36:Infinity":62,"f:34:25:34:26":40,"s:35:2:35:Infinity":63,"s:53:19:61:Infinity":64,"f:53:19:53:25":41,"s:54:12:54:Infinity":65,"s:55:2:59:Infinity":66,"s:63:51:295:Infinity":67,"f:63:51:63:52":42,"s:66:22:66:Infinity":68,"s:67:42:67:Infinity":69,"s:68:19:68:Infinity":70,"s:69:33:69:Infinity":71,"s:70:46:70:Infinity":72,"s:72:8:72:Infinity":73,"s:73:8:73:Infinity":74,"b:73:8:73:49:73:44:73:Infinity":0,"s:75:8:80:Infinity":75,"f:75:28:75:34":43,"b:76:4:76:Infinity:undefined:undefined:undefined:undefined":1,"s:76:4:76:Infinity":76,"s:76:39:76:Infinity":77,"b:77:4:77:Infinity:undefined:undefined:undefined:undefined":2,"s:77:4:77:Infinity":78,"s:77:26:77:Infinity":79,"b:78:4:78:Infinity:undefined:undefined:undefined:undefined":3,"s:78:4:78:Infinity":80,"s:78:20:78:Infinity":81,"s:79:4:79:Infinity":82,"b:79:32:79:45:79:45:79:Infinity":4,"b:79:11:79:22:79:22:79:32":5,"s:82:29:82:Infinity":83,"s:84:38:84:Infinity":84,"s:85:217:85:Infinity":85,"s:87:36:89:Infinity":86,"f:87:36:87:43":44,"s:88:4:88:Infinity":87,"s:91:8:91:Infinity":88,"f:91:40:91:46":45,"s:91:46:91:103":89,"f:91:61:91:62":46,"s:91:75:91:99":90,"b:91:82:91:95:91:95:91:99":6,"s:93:26:95:Infinity":91,"f:93:26:93:27":47,"s:94:4:94:Infinity":92,"s:97:25:103:Infinity":93,"f:97:25:97:26":48,"b:98:4:98:Infinity:undefined:undefined:undefined:undefined":7,"s:98:4:98:Infinity":94,"s:98:28:98:Infinity":95,"f:98:45:98:51":49,"s:98:51:98:Infinity":96,"b:99:4:99:Infinity:undefined:undefined:undefined:undefined":8,"s:99:4:99:Infinity":97,"s:99:26:99:Infinity":98,"f:99:43:99:49":50,"s:99:49:99:Infinity":99,"b:100:4:100:Infinity:undefined:undefined:undefined:undefined":9,"s:100:4:100:Infinity":100,"s:100:25:100:Infinity":101,"f:100:42:100:48":51,"s:100:48:100:Infinity":102,"b:101:4:101:Infinity:undefined:undefined:undefined:undefined":10,"s:101:4:101:Infinity":103,"s:101:35:101:Infinity":104,"f:101:52:101:58":52,"s:101:58:101:Infinity":105,"b:102:4:102:Infinity:undefined:undefined:undefined:undefined":11,"s:102:4:102:Infinity":106,"s:102:24:102:Infinity":107,"f:102:41:102:47":53,"s:102:47:102:Infinity":108,"s:105:24:116:Infinity":109,"f:105:24:105:36":54,"s:106:4:106:Infinity":110,"s:107:4:115:Infinity":111,"s:108:6:108:Infinity":112,"s:109:6:109:Infinity":113,"s:111:6:111:Infinity":114,"s:112:6:112:Infinity":115,"s:114:6:114:Infinity":116,"s:118:8:127:Infinity":117,"f:118:31:118:37":55,"s:119:116:125:Infinity":118,"s:126:4:126:Infinity":119,"b:126:11:126:33:126:33:126:Infinity":12,"s:129:19:137:Infinity":120,"s:139:26:143:Infinity":121,"f:139:42:139:50":56,"b:140:4:140:Infinity:undefined:undefined:undefined:undefined":13,"s:140:4:140:Infinity":122,"s:140:22:140:Infinity":123,"b:141:4:141:Infinity:undefined:undefined:undefined:undefined":14,"s:141:4:141:Infinity":124,"b:141:8:141:26:141:26:141:36":15,"s:141:36:141:Infinity":125,"s:142:4:142:Infinity":126,"s:145:2:293:Infinity":127,"b:147:31:147:62:147:62:147:77":16,"b:153:35:153:65:153:65:153:Infinity":17,"b:153:75:153:100:153:100:153:Infinity":18,"b:170:110:170:135:170:135:170:151":19,"b:182:64:182:81:182:81:182:83":20,"b:192:29:192:59:192:59:192:Infinity":21,"b:192:69:192:94:192:94:192:Infinity":22,"b:195:185:195:218:195:218:195:249":23,"b:196:17:196:60:196:60:196:Infinity":24,"b:220:23:220:39:220:39:220:Infinity":25,"b:229:21:229:Infinity:230:22:233:Infinity":26,"f:232:35:232:41":57,"s:232:41:232:Infinity":128,"b:236:21:236:44:236:44:236:Infinity:237:22:240:Infinity":27,"b:239:52:239:62:239:62:239:72":28,"b:248:23:248:51:248:51:248:Infinity:249:24:258:Infinity":29,"b:252:38:252:56:252:56:252:Infinity":30,"b:260:23:260:Infinity:261:24:268:Infinity":31,"f:262:89:262:95":58,"s:262:95:262:123":129,"b:264:37:264:55:264:55:264:Infinity":32,"b:264:76:264:92:264:92:264:Infinity":33,"b:270:23:270:48:270:48:270:Infinity:271:24:271:Infinity":34,"b:274:23:274:58:274:58:274:Infinity:275:24:279:Infinity":35,"f:276:170:276:176":59,"s:276:176:276:205":130,"f:277:131:277:137":60,"s:277:137:277:168":131,"f:278:70:278:76":61,"s:278:76:278:108":132,"b:281:23:281:Infinity:282:24:282:Infinity":36,"f:282:109:282:110":62,"s:282:138:282:178":133,"f:282:243:282:249":63,"s:282:249:282:277":134,"s:297:53:303:Infinity":135,"f:297:53:297:54":64,"s:298:2:301:Infinity":136}}}
,"C:\\Users\\WIN10\\האחסון שלי\\projects\\winwin\\components\\admin\\AdminMobileMenu.tsx": {"path":"C:\\Users\\WIN10\\האחסון שלי\\projects\\winwin\\components\\admin\\AdminMobileMenu.tsx","statementMap":{"0":{"start":{"line":10,"column":18},"end":{"line":10,"column":null}},"1":{"start":{"line":29,"column":63},"end":{"line":194,"column":null}},"2":{"start":{"line":45,"column":17},"end":{"line":45,"column":null}},"3":{"start":{"line":46,"column":29},"end":{"line":46,"column":null}},"4":{"start":{"line":47,"column":33},"end":{"line":47,"column":null}},"5":{"start":{"line":48,"column":23},"end":{"line":48,"column":null}},"6":{"start":{"line":49,"column":8},"end":{"line":49,"column":null}},"7":{"start":{"line":50,"column":16},"end":{"line":50,"column":null}},"8":{"start":{"line":52,"column":23},"end":{"line":56,"column":null}},"9":{"start":{"line":53,"column":4},"end":{"line":53,"column":null}},"10":{"start":{"line":53,"column":24},"end":{"line":53,"column":null}},"11":{"start":{"line":54,"column":4},"end":{"line":54,"column":null}},"12":{"start":{"line":54,"column":59},"end":{"line":54,"column":null}},"13":{"start":{"line":55,"column":4},"end":{"line":55,"column":null}},"14":{"start":{"line":59,"column":2},"end":{"line":71,"column":null}},"15":{"start":{"line":60,"column":4},"end":{"line":66,"column":null}},"16":{"start":{"line":61,"column":6},"end":{"line":61,"column":null}},"17":{"start":{"line":62,"column":6},"end":{"line":62,"column":null}},"18":{"start":{"line":64,"column":6},"end":{"line":64,"column":null}},"19":{"start":{"line":65,"column":6},"end":{"line":65,"column":null}},"20":{"start":{"line":67,"column":4},"end":{"line":70,"column":null}},"21":{"start":{"line":68,"column":6},"end":{"line":68,"column":null}},"22":{"start":{"line":69,"column":6},"end":{"line":69,"column":null}},"23":{"start":{"line":73,"column":26},"end":{"line":76,"column":null}},"24":{"start":{"line":74,"column":4},"end":{"line":74,"column":null}},"25":{"start":{"line":75,"column":4},"end":{"line":75,"column":null}},"26":{"start":{"line":78,"column":6},"end":{"line":193,"column":null}},"27":{"start":{"line":83,"column":41},"end":{"line":83,"column":null}},"28":{"start":{"line":122,"column":38},"end":{"line":136,"column":null}},"29":{"start":{"line":127,"column":57},"end":{"line":127,"column":null}},"30":{"start":{"line":144,"column":59},"end":{"line":144,"column":78}},"31":{"start":{"line":144,"column":78},"end":{"line":144,"column":96}},"32":{"start":{"line":152,"column":63},"end":{"line":152,"column":90}},"33":{"start":{"line":152,"column":90},"end":{"line":152,"column":108}},"34":{"start":{"line":166,"column":59},"end":{"line":166,"column":74}},"35":{"start":{"line":166,"column":74},"end":{"line":166,"column":92}},"36":{"start":{"line":173,"column":59},"end":{"line":173,"column":78}},"37":{"start":{"line":173,"column":78},"end":{"line":173,"column":96}}},"fnMap":{"0":{"name":"(anonymous_0)","decl":{"start":{"line":29,"column":63},"end":{"line":29,"column":64}},"loc":{"start":{"line":44,"column":6},"end":{"line":194,"column":null}},"line":44},"1":{"name":"(anonymous_1)","decl":{"start":{"line":52,"column":23},"end":{"line":52,"column":29}},"loc":{"start":{"line":52,"column":29},"end":{"line":56,"column":null}},"line":52},"2":{"name":"(anonymous_2)","decl":{"start":{"line":59,"column":12},"end":{"line":59,"column":18}},"loc":{"start":{"line":59,"column":18},"end":{"line":71,"column":5}},"line":59},"3":{"name":"(anonymous_3)","decl":{"start":{"line":67,"column":11},"end":{"line":67,"column":17}},"loc":{"start":{"line":67,"column":17},"end":{"line":70,"column":null}},"line":67},"4":{"name":"(anonymous_4)","decl":{"start":{"line":73,"column":26},"end":{"line":73,"column":27}},"loc":{"start":{"line":73,"column":42},"end":{"line":76,"column":null}},"line":73},"5":{"name":"(anonymous_5)","decl":{"start":{"line":83,"column":35},"end":{"line":83,"column":41}},"loc":{"start":{"line":83,"column":41},"end":{"line":83,"column":null}},"line":83},"6":{"name":"(anonymous_6)","decl":{"start":{"line":121,"column":55},"end":{"line":121,"column":56}},"loc":{"start":{"line":122,"column":38},"end":{"line":136,"column":null}},"line":122},"7":{"name":"(anonymous_7)","decl":{"start":{"line":127,"column":51},"end":{"line":127,"column":57}},"loc":{"start":{"line":127,"column":57},"end":{"line":127,"column":null}},"line":127},"8":{"name":"(anonymous_8)","decl":{"start":{"line":144,"column":51},"end":{"line":144,"column":57}},"loc":{"start":{"line":144,"column":57},"end":{"line":144,"column":null}},"line":144},"9":{"name":"(anonymous_9)","decl":{"start":{"line":152,"column":55},"end":{"line":152,"column":61}},"loc":{"start":{"line":152,"column":61},"end":{"line":152,"column":null}},"line":152},"10":{"name":"(anonymous_10)","decl":{"start":{"line":166,"column":51},"end":{"line":166,"column":57}},"loc":{"start":{"line":166,"column":57},"end":{"line":166,"column":null}},"line":166},"11":{"name":"(anonymous_11)","decl":{"start":{"line":173,"column":51},"end":{"line":173,"column":57}},"loc":{"start":{"line":173,"column":57},"end":{"line":173,"column":null}},"line":173}},"branchMap":{"0":{"loc":{"start":{"line":48,"column":23},"end":{"line":48,"column":null}},"type":"binary-expr","locations":[{"start":{"line":48,"column":23},"end":{"line":48,"column":35}},{"start":{"line":48,"column":35},"end":{"line":48,"column":null}}],"line":48},"1":{"loc":{"start":{"line":49,"column":8},"end":{"line":49,"column":null}},"type":"binary-expr","locations":[{"start":{"line":49,"column":8},"end":{"line":49,"column":51}},{"start":{"line":49,"column":46},"end":{"line":49,"column":null}}],"line":49},"2":{"loc":{"start":{"line":53,"column":4},"end":{"line":53,"column":null}},"type":"if","locations":[{"start":{"line":53,"column":4},"end":{"line":53,"column":null}},{"start":{},"end":{}}],"line":53},"3":{"loc":{"start":{"line":54,"column":4},"end":{"line":54,"column":null}},"type":"if","locations":[{"start":{"line":54,"column":4},"end":{"line":54,"column":null}},{"start":{},"end":{}}],"line":54},"4":{"loc":{"start":{"line":54,"column":8},"end":{"line":54,"column":59}},"type":"binary-expr","locations":[{"start":{"line":54,"column":8},"end":{"line":54,"column":36}},{"start":{"line":54,"column":36},"end":{"line":54,"column":59}}],"line":54},"5":{"loc":{"start":{"line":60,"column":4},"end":{"line":66,"column":null}},"type":"if","locations":[{"start":{"line":60,"column":4},"end":{"line":66,"column":null}},{"start":{"line":63,"column":11},"end":{"line":66,"column":null}}],"line":60},"6":{"loc":{"start":{"line":86,"column":27},"end":{"line":86,"column":null}},"type":"cond-expr","locations":[{"start":{"line":86,"column":36},"end":{"line":86,"column":68}},{"start":{"line":86,"column":68},"end":{"line":86,"column":null}}],"line":86},"7":{"loc":{"start":{"line":95,"column":31},"end":{"line":95,"column":null}},"type":"binary-expr","locations":[{"start":{"line":95,"column":31},"end":{"line":95,"column":48}},{"start":{"line":95,"column":48},"end":{"line":95,"column":null}}],"line":95},"8":{"loc":{"start":{"line":98,"column":173},"end":{"line":98,"column":290}},"type":"cond-expr","locations":[{"start":{"line":98,"column":190},"end":{"line":98,"column":241}},{"start":{"line":98,"column":241},"end":{"line":98,"column":290}}],"line":98},"9":{"loc":{"start":{"line":99,"column":27},"end":{"line":99,"column":null}},"type":"binary-expr","locations":[{"start":{"line":99,"column":27},"end":{"line":99,"column":70}},{"start":{"line":99,"column":70},"end":{"line":99,"column":null}}],"line":99},"10":{"loc":{"start":{"line":105,"column":19},"end":{"line":190,"column":null}},"type":"binary-expr","locations":[{"start":{"line":105,"column":19},"end":{"line":105,"column":null}},{"start":{"line":106,"column":22},"end":{"line":190,"column":null}}],"line":105},"11":{"loc":{"start":{"line":107,"column":52},"end":{"line":107,"column":77}},"type":"cond-expr","locations":[{"start":{"line":107,"column":60},"end":{"line":107,"column":69}},{"start":{"line":107,"column":69},"end":{"line":107,"column":77}}],"line":107},"12":{"loc":{"start":{"line":109,"column":49},"end":{"line":109,"column":74}},"type":"cond-expr","locations":[{"start":{"line":109,"column":57},"end":{"line":109,"column":66}},{"start":{"line":109,"column":66},"end":{"line":109,"column":74}}],"line":109},"13":{"loc":{"start":{"line":122,"column":38},"end":{"line":136,"column":null}},"type":"cond-expr","locations":[{"start":{"line":123,"column":40},"end":{"line":123,"column":null}},{"start":{"line":125,"column":38},"end":{"line":136,"column":null}}],"line":122},"14":{"loc":{"start":{"line":129,"column":48},"end":{"line":131,"column":null}},"type":"cond-expr","locations":[{"start":{"line":130,"column":52},"end":{"line":130,"column":null}},{"start":{"line":131,"column":52},"end":{"line":131,"column":null}}],"line":129},"15":{"loc":{"start":{"line":134,"column":84},"end":{"line":134,"column":175}},"type":"cond-expr","locations":[{"start":{"line":134,"column":108},"end":{"line":134,"column":149}},{"start":{"line":134,"column":149},"end":{"line":134,"column":175}}],"line":134},"16":{"loc":{"start":{"line":142,"column":58},"end":{"line":142,"column":104}},"type":"cond-expr","locations":[{"start":{"line":142,"column":75},"end":{"line":142,"column":91}},{"start":{"line":142,"column":91},"end":{"line":142,"column":104}}],"line":142},"17":{"loc":{"start":{"line":150,"column":39},"end":{"line":160,"column":null}},"type":"binary-expr","locations":[{"start":{"line":150,"column":39},"end":{"line":150,"column":null}},{"start":{"line":151,"column":42},"end":{"line":160,"column":null}}],"line":150},"18":{"loc":{"start":{"line":153,"column":178},"end":{"line":155,"column":null}},"type":"cond-expr","locations":[{"start":{"line":154,"column":52},"end":{"line":154,"column":null}},{"start":{"line":155,"column":52},"end":{"line":155,"column":null}}],"line":153},"19":{"loc":{"start":{"line":158,"column":47},"end":{"line":158,"column":null}},"type":"cond-expr","locations":[{"start":{"line":158,"column":58},"end":{"line":158,"column":96}},{"start":{"line":158,"column":96},"end":{"line":158,"column":null}}],"line":158},"20":{"loc":{"start":{"line":159,"column":83},"end":{"line":159,"column":134}},"type":"cond-expr","locations":[{"start":{"line":159,"column":94},"end":{"line":159,"column":116}},{"start":{"line":159,"column":116},"end":{"line":159,"column":134}}],"line":159},"21":{"loc":{"start":{"line":169,"column":43},"end":{"line":169,"column":null}},"type":"cond-expr","locations":[{"start":{"line":169,"column":62},"end":{"line":169,"column":111}},{"start":{"line":169,"column":111},"end":{"line":169,"column":null}}],"line":169},"22":{"loc":{"start":{"line":170,"column":79},"end":{"line":170,"column":145}},"type":"cond-expr","locations":[{"start":{"line":170,"column":98},"end":{"line":170,"column":123}},{"start":{"line":170,"column":123},"end":{"line":170,"column":145}}],"line":170},"23":{"loc":{"start":{"line":176,"column":77},"end":{"line":176,"column":111}},"type":"cond-expr","locations":[{"start":{"line":176,"column":92},"end":{"line":176,"column":109}},{"start":{"line":176,"column":109},"end":{"line":176,"column":111}}],"line":176}},"s":{"0":1,"1":1,"2":1,"3":1,"4":1,"5":1,"6":1,"7":1,"8":1,"9":1,"10":0,"11":1,"12":1,"13":0,"14":1,"15":1,"16":1,"17":1,"18":0,"19":0,"20":1,"21":1,"22":1,"23":1,"24":0,"25":0,"26":1,"27":0,"28":0,"29":0,"30":0,"31":0,"32":0,"33":0,"34":1,"35":1,"36":0,"37":0},"f":{"0":1,"1":1,"2":1,"3":1,"4":0,"5":0,"6":0,"7":0,"8":0,"9":0,"10":1,"11":0},"b":{"0":[1,1],"1":[1,1],"2":[0,1],"3":[1,0],"4":[1,0],"5":[1,0],"6":[1,0],"7":[1,0],"8":[0,1],"9":[1,0],"10":[1,1],"11":[1,0],"12":[1,0],"13":[0,0],"14":[0,0],"15":[0,0],"16":[0,1],"17":[1,0],"18":[0,0],"19":[0,0],"20":[0,0],"21":[0,1],"22":[0,1],"23":[0,1]},"meta":{"lastBranch":24,"lastFunction":12,"lastStatement":38,"seen":{"s:10:18:10:Infinity":0,"s:29:63:194:Infinity":1,"f:29:63:29:64":0,"s:45:17:45:Infinity":2,"s:46:29:46:Infinity":3,"s:47:33:47:Infinity":4,"s:48:23:48:Infinity":5,"b:48:23:48:35:48:35:48:Infinity":0,"s:49:8:49:Infinity":6,"b:49:8:49:51:49:46:49:Infinity":1,"s:50:16:50:Infinity":7,"s:52:23:56:Infinity":8,"f:52:23:52:29":1,"b:53:4:53:Infinity:undefined:undefined:undefined:undefined":2,"s:53:4:53:Infinity":9,"s:53:24:53:Infinity":10,"b:54:4:54:Infinity:undefined:undefined:undefined:undefined":3,"s:54:4:54:Infinity":11,"b:54:8:54:36:54:36:54:59":4,"s:54:59:54:Infinity":12,"s:55:4:55:Infinity":13,"s:59:2:71:Infinity":14,"f:59:12:59:18":2,"b:60:4:66:Infinity:63:11:66:Infinity":5,"s:60:4:66:Infinity":15,"s:61:6:61:Infinity":16,"s:62:6:62:Infinity":17,"s:64:6:64:Infinity":18,"s:65:6:65:Infinity":19,"s:67:4:70:Infinity":20,"f:67:11:67:17":3,"s:68:6:68:Infinity":21,"s:69:6:69:Infinity":22,"s:73:26:76:Infinity":23,"f:73:26:73:27":4,"s:74:4:74:Infinity":24,"s:75:4:75:Infinity":25,"s:78:6:193:Infinity":26,"f:83:35:83:41":5,"s:83:41:83:Infinity":27,"b:86:36:86:68:86:68:86:Infinity":6,"b:95:31:95:48:95:48:95:Infinity":7,"b:98:190:98:241:98:241:98:290":8,"b:99:27:99:70:99:70:99:Infinity":9,"b:105:19:105:Infinity:106:22:190:Infinity":10,"b:107:60:107:69:107:69:107:77":11,"b:109:57:109:66:109:66:109:74":12,"f:121:55:121:56":6,"s:122:38:136:Infinity":28,"b:123:40:123:Infinity:125:38:136:Infinity":13,"f:127:51:127:57":7,"s:127:57:127:Infinity":29,"b:130:52:130:Infinity:131:52:131:Infinity":14,"b:134:108:134:149:134:149:134:175":15,"b:142:75:142:91:142:91:142:104":16,"f:144:51:144:57":8,"s:144:59:144:78":30,"s:144:78:144:96":31,"b:150:39:150:Infinity:151:42:160:Infinity":17,"f:152:55:152:61":9,"s:152:63:152:90":32,"s:152:90:152:108":33,"b:154:52:154:Infinity:155:52:155:Infinity":18,"b:158:58:158:96:158:96:158:Infinity":19,"b:159:94:159:116:159:116:159:134":20,"f:166:51:166:57":10,"s:166:59:166:74":34,"s:166:74:166:92":35,"b:169:62:169:111:169:111:169:Infinity":21,"b:170:98:170:123:170:123:170:145":22,"f:173:51:173:57":11,"s:173:59:173:78":36,"s:173:78:173:96":37,"b:176:92:176:109:176:109:176:111":23}}}
,"C:\\Users\\WIN10\\האחסון שלי\\projects\\winwin\\components\\admin\\AdminSidebar.tsx": {"path":"C:\\Users\\WIN10\\האחסון שלי\\projects\\winwin\\components\\admin\\AdminSidebar.tsx","statementMap":{"0":{"start":{"line":19,"column":57},"end":{"line":126,"column":null}},"1":{"start":{"line":30,"column":12},"end":{"line":30,"column":null}},"2":{"start":{"line":31,"column":29},"end":{"line":31,"column":null}},"3":{"start":{"line":32,"column":50},"end":{"line":32,"column":null}},"4":{"start":{"line":34,"column":29},"end":{"line":44,"column":null}},"5":{"start":{"line":35,"column":4},"end":{"line":35,"column":null}},"6":{"start":{"line":36,"column":20},"end":{"line":36,"column":null}},"7":{"start":{"line":37,"column":4},"end":{"line":43,"column":null}},"8":{"start":{"line":38,"column":6},"end":{"line":38,"column":null}},"9":{"start":{"line":39,"column":6},"end":{"line":39,"column":null}},"10":{"start":{"line":39,"column":23},"end":{"line":39,"column":54}},"11":{"start":{"line":41,"column":6},"end":{"line":41,"column":null}},"12":{"start":{"line":42,"column":6},"end":{"line":42,"column":null}},"13":{"start":{"line":42,"column":23},"end":{"line":42,"column":54}},"14":{"start":{"line":47,"column":2},"end":{"line":124,"column":null}},"15":{"start":{"line":53,"column":12},"end":{"line":74,"column":null}},"16":{"start":{"line":58,"column":31},"end":{"line":58,"column":null}},"17":{"start":{"line":59,"column":36},"end":{"line":59,"column":null}},"18":{"start":{"line":110,"column":31},"end":{"line":110,"column":null}}},"fnMap":{"0":{"name":"(anonymous_0)","decl":{"start":{"line":19,"column":57},"end":{"line":19,"column":58}},"loc":{"start":{"line":29,"column":6},"end":{"line":126,"column":null}},"line":29},"1":{"name":"(anonymous_1)","decl":{"start":{"line":34,"column":29},"end":{"line":34,"column":41}},"loc":{"start":{"line":34,"column":41},"end":{"line":44,"column":null}},"line":34},"2":{"name":"(anonymous_2)","decl":{"start":{"line":39,"column":17},"end":{"line":39,"column":23}},"loc":{"start":{"line":39,"column":23},"end":{"line":39,"column":54}},"line":39},"3":{"name":"(anonymous_3)","decl":{"start":{"line":42,"column":17},"end":{"line":42,"column":23}},"loc":{"start":{"line":42,"column":23},"end":{"line":42,"column":54}},"line":42},"4":{"name":"(anonymous_4)","decl":{"start":{"line":52,"column":31},"end":{"line":52,"column":32}},"loc":{"start":{"line":53,"column":12},"end":{"line":74,"column":null}},"line":53},"5":{"name":"(anonymous_5)","decl":{"start":{"line":58,"column":25},"end":{"line":58,"column":31}},"loc":{"start":{"line":58,"column":31},"end":{"line":58,"column":null}},"line":58},"6":{"name":"(anonymous_6)","decl":{"start":{"line":59,"column":30},"end":{"line":59,"column":36}},"loc":{"start":{"line":59,"column":36},"end":{"line":59,"column":null}},"line":59},"7":{"name":"(anonymous_7)","decl":{"start":{"line":110,"column":25},"end":{"line":110,"column":31}},"loc":{"start":{"line":110,"column":31},"end":{"line":110,"column":null}},"line":110}},"branchMap":{"0":{"loc":{"start":{"line":37,"column":4},"end":{"line":43,"column":null}},"type":"if","locations":[{"start":{"line":37,"column":4},"end":{"line":43,"column":null}},{"start":{"line":40,"column":11},"end":{"line":43,"column":null}}],"line":37},"1":{"loc":{"start":{"line":53,"column":12},"end":{"line":74,"column":null}},"type":"cond-expr","locations":[{"start":{"line":54,"column":14},"end":{"line":54,"column":null}},{"start":{"line":56,"column":14},"end":{"line":74,"column":null}}],"line":53},"2":{"loc":{"start":{"line":60,"column":30},"end":{"line":60,"column":null}},"type":"cond-expr","locations":[{"start":{"line":60,"column":54},"end":{"line":60,"column":63}},{"start":{"line":60,"column":63},"end":{"line":60,"column":null}}],"line":60},"3":{"loc":{"start":{"line":61,"column":156},"end":{"line":63,"column":null}},"type":"cond-expr","locations":[{"start":{"line":62,"column":20},"end":{"line":62,"column":null}},{"start":{"line":63,"column":20},"end":{"line":63,"column":null}}],"line":61},"4":{"loc":{"start":{"line":66,"column":67},"end":{"line":66,"column":223}},"type":"cond-expr","locations":[{"start":{"line":66,"column":91},"end":{"line":66,"column":132}},{"start":{"line":66,"column":132},"end":{"line":66,"column":223}}],"line":66},"5":{"loc":{"start":{"line":69,"column":19},"end":{"line":69,"column":null}},"type":"binary-expr","locations":[{"start":{"line":69,"column":19},"end":{"line":69,"column":36}},{"start":{"line":69,"column":36},"end":{"line":69,"column":null}}],"line":69},"6":{"loc":{"start":{"line":71,"column":17},"end":{"line":72,"column":null}},"type":"binary-expr","locations":[{"start":{"line":71,"column":17},"end":{"line":71,"column":null}},{"start":{"line":72,"column":18},"end":{"line":72,"column":null}}],"line":71},"7":{"loc":{"start":{"line":85,"column":11},"end":{"line":85,"column":null}},"type":"cond-expr","locations":[{"start":{"line":85,"column":30},"end":{"line":85,"column":79}},{"start":{"line":85,"column":79},"end":{"line":85,"column":null}}],"line":85},"8":{"loc":{"start":{"line":86,"column":17},"end":{"line":86,"column":83}},"type":"cond-expr","locations":[{"start":{"line":86,"column":36},"end":{"line":86,"column":61}},{"start":{"line":86,"column":61},"end":{"line":86,"column":83}}],"line":86},"9":{"loc":{"start":{"line":108,"column":13},"end":{"line":115,"column":null}},"type":"binary-expr","locations":[{"start":{"line":108,"column":13},"end":{"line":108,"column":null}},{"start":{"line":109,"column":14},"end":{"line":115,"column":null}}],"line":108},"10":{"loc":{"start":{"line":111,"column":99},"end":{"line":111,"column":275}},"type":"cond-expr","locations":[{"start":{"line":111,"column":110},"end":{"line":111,"column":150}},{"start":{"line":111,"column":150},"end":{"line":111,"column":275}}],"line":111},"11":{"loc":{"start":{"line":112,"column":23},"end":{"line":112,"column":null}},"type":"cond-expr","locations":[{"start":{"line":112,"column":34},"end":{"line":112,"column":56}},{"start":{"line":112,"column":56},"end":{"line":112,"column":null}}],"line":112},"12":{"loc":{"start":{"line":114,"column":17},"end":{"line":114,"column":null}},"type":"cond-expr","locations":[{"start":{"line":114,"column":28},"end":{"line":114,"column":66}},{"start":{"line":114,"column":66},"end":{"line":114,"column":null}}],"line":114},"13":{"loc":{"start":{"line":117,"column":214},"end":{"line":117,"column":268}},"type":"cond-expr","locations":[{"start":{"line":117,"column":249},"end":{"line":117,"column":266}},{"start":{"line":117,"column":266},"end":{"line":117,"column":268}}],"line":117}},"s":{"0":1,"1":1,"2":1,"3":1,"4":1,"5":0,"6":0,"7":0,"8":0,"9":0,"10":0,"11":0,"12":0,"13":0,"14":1,"15":0,"16":0,"17":0,"18":0},"f":{"0":1,"1":0,"2":0,"3":0,"4":0,"5":0,"6":0,"7":0},"b":{"0":[0,0],"1":[0,0],"2":[0,0],"3":[0,0],"4":[0,0],"5":[0,0],"6":[0,0],"7":[1,0],"8":[1,0],"9":[1,0],"10":[0,0],"11":[0,0],"12":[0,0],"13":[0,1]},"meta":{"lastBranch":14,"lastFunction":8,"lastStatement":19,"seen":{"s:19:57:126:Infinity":0,"f:19:57:19:58":0,"s:30:12:30:Infinity":1,"s:31:29:31:Infinity":2,"s:32:50:32:Infinity":3,"s:34:29:44:Infinity":4,"f:34:29:34:41":1,"s:35:4:35:Infinity":5,"s:36:20:36:Infinity":6,"b:37:4:43:Infinity:40:11:43:Infinity":0,"s:37:4:43:Infinity":7,"s:38:6:38:Infinity":8,"s:39:6:39:Infinity":9,"f:39:17:39:23":2,"s:39:23:39:54":10,"s:41:6:41:Infinity":11,"s:42:6:42:Infinity":12,"f:42:17:42:23":3,"s:42:23:42:54":13,"s:47:2:124:Infinity":14,"f:52:31:52:32":4,"s:53:12:74:Infinity":15,"b:54:14:54:Infinity:56:14:74:Infinity":1,"f:58:25:58:31":5,"s:58:31:58:Infinity":16,"f:59:30:59:36":6,"s:59:36:59:Infinity":17,"b:60:54:60:63:60:63:60:Infinity":2,"b:62:20:62:Infinity:63:20:63:Infinity":3,"b:66:91:66:132:66:132:66:223":4,"b:69:19:69:36:69:36:69:Infinity":5,"b:71:17:71:Infinity:72:18:72:Infinity":6,"b:85:30:85:79:85:79:85:Infinity":7,"b:86:36:86:61:86:61:86:83":8,"b:108:13:108:Infinity:109:14:115:Infinity":9,"f:110:25:110:31":7,"s:110:31:110:Infinity":18,"b:111:110:111:150:111:150:111:275":10,"b:112:34:112:56:112:56:112:Infinity":11,"b:114:28:114:66:114:66:114:Infinity":12,"b:117:249:117:266:117:266:117:268":13}}}
,"C:\\Users\\WIN10\\האחסון שלי\\projects\\winwin\\components\\admin\\AiSettings.tsx": {"path":"C:\\Users\\WIN10\\האחסון שלי\\projects\\winwin\\components\\admin\\AiSettings.tsx","statementMap":{"0":{"start":{"line":13,"column":18},"end":{"line":13,"column":null}},"1":{"start":{"line":20,"column":23},"end":{"line":20,"column":null}},"2":{"start":{"line":40,"column":53},"end":{"line":298,"column":null}},"3":{"start":{"line":41,"column":31},"end":{"line":41,"column":null}},"4":{"start":{"line":42,"column":24},"end":{"line":42,"column":null}},"5":{"start":{"line":43,"column":61},"end":{"line":43,"column":null}},"6":{"start":{"line":45,"column":40},"end":{"line":45,"column":null}},"7":{"start":{"line":46,"column":32},"end":{"line":46,"column":null}},"8":{"start":{"line":47,"column":36},"end":{"line":47,"column":null}},"9":{"start":{"line":48,"column":40},"end":{"line":48,"column":null}},"10":{"start":{"line":50,"column":32},"end":{"line":50,"column":null}},"11":{"start":{"line":51,"column":34},"end":{"line":51,"column":null}},"12":{"start":{"line":52,"column":36},"end":{"line":52,"column":null}},"13":{"start":{"line":53,"column":30},"end":{"line":53,"column":null}},"14":{"start":{"line":55,"column":4},"end":{"line":59,"column":null}},"15":{"start":{"line":56,"column":8},"end":{"line":56,"column":null}},"16":{"start":{"line":57,"column":8},"end":{"line":57,"column":null}},"17":{"start":{"line":58,"column":8},"end":{"line":58,"column":null}},"18":{"start":{"line":61,"column":10},"end":{"line":71,"column":null}},"19":{"start":{"line":62,"column":30},"end":{"line":62,"column":null}},"20":{"start":{"line":63,"column":32},"end":{"line":63,"column":null}},"21":{"start":{"line":64,"column":30},"end":{"line":64,"column":null}},"22":{"start":{"line":66,"column":30},"end":{"line":66,"column":null}},"23":{"start":{"line":67,"column":30},"end":{"line":67,"column":null}},"24":{"start":{"line":68,"column":32},"end":{"line":68,"column":null}},"25":{"start":{"line":70,"column":8},"end":{"line":70,"column":null}},"26":{"start":{"line":73,"column":29},"end":{"line":79,"column":null}},"27":{"start":{"line":74,"column":8},"end":{"line":74,"column":null}},"28":{"start":{"line":75,"column":8},"end":{"line":78,"column":null}},"29":{"start":{"line":76,"column":12},"end":{"line":76,"column":null}},"30":{"start":{"line":77,"column":12},"end":{"line":77,"column":null}},"31":{"start":{"line":81,"column":26},"end":{"line":90,"column":null}},"32":{"start":{"line":82,"column":8},"end":{"line":89,"column":null}},"33":{"start":{"line":87,"column":16},"end":{"line":87,"column":null}},"34":{"start":{"line":87,"column":49},"end":{"line":87,"column":57}},"35":{"start":{"line":92,"column":33},"end":{"line":99,"column":null}},"36":{"start":{"line":93,"column":8},"end":{"line":93,"column":null}},"37":{"start":{"line":94,"column":8},"end":{"line":94,"column":null}},"38":{"start":{"line":95,"column":23},"end":{"line":95,"column":null}},"39":{"start":{"line":96,"column":8},"end":{"line":96,"column":null}},"40":{"start":{"line":97,"column":8},"end":{"line":97,"column":null}},"41":{"start":{"line":98,"column":8},"end":{"line":98,"column":null}},"42":{"start":{"line":98,"column":25},"end":{"line":98,"column":46}},"43":{"start":{"line":101,"column":23},"end":{"line":125,"column":null}},"44":{"start":{"line":102,"column":8},"end":{"line":102,"column":null}},"45":{"start":{"line":103,"column":8},"end":{"line":103,"column":null}},"46":{"start":{"line":104,"column":8},"end":{"line":124,"column":null}},"47":{"start":{"line":105,"column":30},"end":{"line":113,"column":null}},"48":{"start":{"line":115,"column":12},"end":{"line":115,"column":null}},"49":{"start":{"line":115,"column":23},"end":{"line":115,"column":null}},"50":{"start":{"line":116,"column":12},"end":{"line":116,"column":null}},"51":{"start":{"line":117,"column":12},"end":{"line":117,"column":null}},"52":{"start":{"line":118,"column":12},"end":{"line":118,"column":null}},"53":{"start":{"line":118,"column":27},"end":{"line":118,"column":null}},"54":{"start":{"line":119,"column":12},"end":{"line":119,"column":null}},"55":{"start":{"line":119,"column":29},"end":{"line":119,"column":47}},"56":{"start":{"line":121,"column":12},"end":{"line":121,"column":null}},"57":{"start":{"line":123,"column":12},"end":{"line":123,"column":null}},"58":{"start":{"line":127,"column":4},"end":{"line":296,"column":null}},"59":{"start":{"line":174,"column":47},"end":{"line":174,"column":null}},"60":{"start":{"line":209,"column":43},"end":{"line":209,"column":null}},"61":{"start":{"line":232,"column":43},"end":{"line":232,"column":null}},"62":{"start":{"line":248,"column":32},"end":{"line":253,"column":null}},"63":{"start":{"line":250,"column":59},"end":{"line":250,"column":78}}},"fnMap":{"0":{"name":"(anonymous_0)","decl":{"start":{"line":40,"column":53},"end":{"line":40,"column":54}},"loc":{"start":{"line":40,"column":82},"end":{"line":298,"column":null}},"line":40},"1":{"name":"(anonymous_1)","decl":{"start":{"line":55,"column":14},"end":{"line":55,"column":20}},"loc":{"start":{"line":55,"column":20},"end":{"line":59,"column":7}},"line":55},"2":{"name":"(anonymous_2)","decl":{"start":{"line":61,"column":31},"end":{"line":61,"column":37}},"loc":{"start":{"line":61,"column":37},"end":{"line":71,"column":7}},"line":61},"3":{"name":"(anonymous_3)","decl":{"start":{"line":73,"column":29},"end":{"line":73,"column":30}},"loc":{"start":{"line":73,"column":53},"end":{"line":79,"column":null}},"line":73},"4":{"name":"(anonymous_4)","decl":{"start":{"line":81,"column":26},"end":{"line":81,"column":27}},"loc":{"start":{"line":81,"column":42},"end":{"line":90,"column":null}},"line":81},"5":{"name":"(anonymous_5)","decl":{"start":{"line":86,"column":23},"end":{"line":86,"column":29}},"loc":{"start":{"line":86,"column":29},"end":{"line":88,"column":null}},"line":86},"6":{"name":"(anonymous_6)","decl":{"start":{"line":87,"column":44},"end":{"line":87,"column":49}},"loc":{"start":{"line":87,"column":49},"end":{"line":87,"column":57}},"line":87},"7":{"name":"(anonymous_7)","decl":{"start":{"line":92,"column":33},"end":{"line":92,"column":45}},"loc":{"start":{"line":92,"column":45},"end":{"line":99,"column":null}},"line":92},"8":{"name":"(anonymous_8)","decl":{"start":{"line":98,"column":19},"end":{"line":98,"column":25
[...]
,"C:\\Users\\WIN10\\האחסון שלי\\projects\\winwin\\utils\\i18n.ts": {"path":"C:\\Users\\WIN10\\האחסון שלי\\projects\\winwin\\utils\\i18n.ts","statementMap":{"0":{"start":{"line":6,"column":28},"end":{"line":9,"column":null}},"1":{"start":{"line":17,"column":17},"end":{"line":27,"column":null}},"2":{"start":{"line":18,"column":16},"end":{"line":18,"column":null}},"3":{"start":{"line":20,"column":4},"end":{"line":24,"column":null}},"4":{"start":{"line":21,"column":8},"end":{"line":23,"column":null}},"5":{"start":{"line":22,"column":12},"end":{"line":22,"column":null}},"6":{"start":{"line":26,"column":4},"end":{"line":26,"column":null}}},"fnMap":{"0":{"name":"(anonymous_0)","decl":{"start":{"line":17,"column":17},"end":{"line":17,"column":18}},"loc":{"start":{"line":17,"column":103},"end":{"line":27,"column":null}},"line":17},"1":{"name":"(anonymous_1)","decl":{"start":{"line":21,"column":39},"end":{"line":21,"column":40}},"loc":{"start":{"line":21,"column":51},"end":{"line":23,"column":9}},"line":21}},"branchMap":{"0":{"loc":{"start":{"line":17,"column":39},"end":{"line":17,"column":62}},"type":"default-arg","locations":[{"start":{"line":17,"column":56},"end":{"line":17,"column":62}}],"line":17},"1":{"loc":{"start":{"line":18,"column":16},"end":{"line":18,"column":null}},"type":"binary-expr","locations":[{"start":{"line":18,"column":16},"end":{"line":18,"column":52}},{"start":{"line":18,"column":52},"end":{"line":18,"column":87}},{"start":{"line":18,"column":87},"end":{"line":18,"column":null}}],"line":18},"2":{"loc":{"start":{"line":20,"column":4},"end":{"line":24,"column":null}},"type":"if","locations":[{"start":{"line":20,"column":4},"end":{"line":24,"column":null}},{"start":{},"end":{}}],"line":20}},"s":{"0":10,"1":10,"2":54,"3":54,"4":0,"5":0,"6":54},"f":{"0":54,"1":0},"b":{"0":[54],"1":[54,1,1],"2":[0,54]},"meta":{"lastBranch":3,"lastFunction":2,"lastStatement":7,"seen":{"s:6:28:9:Infinity":0,"s:17:17:27:Infinity":1,"f:17:17:17:18":0,"b:17:56:17:62":0,"s:18:16:18:Infinity":2,"b:18:16:18:52:18:52:18:87:18:87:18:Infinity":1,"b:20:4:24:Infinity:undefined:undefined:undefined:undefined":2,"s:20:4:24:Infinity":3,"s:21:8:23:Infinity":4,"f:21:39:21:40":1,"s:22:12:22:Infinity":5,"s:26:4:26:Infinity":6}}}
,"C:\\Users\\WIN10\\האחסון שלי\\projects\\winwin\\utils\\stringUtils.ts": {"path":"C:\\Users\\WIN10\\האחסון שלי\\projects\\winwin\\utils\\stringUtils.ts","statementMap":{"0":{"start":{"line":7,"column":31},"end":{"line":11,"column":null}},"1":{"start":{"line":8,"column":4},"end":{"line":8,"column":null}},"2":{"start":{"line":8,"column":14},"end":{"line":8,"column":null}},"3":{"start":{"line":9,"column":16},"end":{"line":9,"column":null}},"4":{"start":{"line":10,"column":4},"end":{"line":10,"column":null}},"5":{"start":{"line":16,"column":26},"end":{"line":19,"column":null}},"6":{"start":{"line":17,"column":4},"end":{"line":17,"column":null}},"7":{"start":{"line":17,"column":16},"end":{"line":17,"column":null}},"8":{"start":{"line":18,"column":4},"end":{"line":18,"column":null}},"9":{"start":{"line":24,"column":31},"end":{"line":29,"column":null}},"10":{"start":{"line":25,"column":4},"end":{"line":25,"column":null}},"11":{"start":{"line":25,"column":14},"end":{"line":25,"column":null}},"12":{"start":{"line":26,"column":4},"end":{"line":28,"column":null}},"13":{"start":{"line":27,"column":21},"end":{"line":27,"column":79}},"14":{"start":{"line":34,"column":38},"end":{"line":38,"column":null}},"15":{"start":{"line":35,"column":4},"end":{"line":35,"column":null}},"16":{"start":{"line":35,"column":31},"end":{"line":35,"column":null}},"17":{"start":{"line":36,"column":16},"end":{"line":36,"column":null}},"18":{"start":{"line":37,"column":4},"end":{"line":37,"column":null}},"19":{"start":{"line":43,"column":36},"end":{"line":48,"column":null}},"20":{"start":{"line":44,"column":4},"end":{"line":44,"column":null}},"21":{"start":{"line":44,"column":16},"end":{"line":44,"column":null}},"22":{"start":{"line":46,"column":20},"end":{"line":46,"column":null}},"23":{"start":{"line":47,"column":4},"end":{"line":47,"column":null}},"24":{"start":{"line":53,"column":32},"end":{"line":117,"column":null}},"25":{"start":{"line":61,"column":4},"end":{"line":61,"column":null}},"26":{"start":{"line":61,"column":15},"end":{"line":61,"column":null}},"27":{"start":{"line":64,"column":17},"end":{"line":67,"column":null}},"28":{"start":{"line":70,"column":18},"end":{"line":70,"column":null}},"29":{"start":{"line":71,"column":21},"end":{"line":71,"column":null}},"30":{"start":{"line":71,"column":37},"end":{"line":71,"column":64}},"31":{"start":{"line":73,"column":4},"end":{"line":79,"column":null}},"32":{"start":{"line":74,"column":26},"end":{"line":74,"column":null}},"33":{"start":{"line":75,"column":8},"end":{"line":78,"column":null}},"34":{"start":{"line":82,"column":25},"end":{"line":82,"column":null}},"35":{"start":{"line":82,"column":43},"end":{"line":82,"column":null}},"36":{"start":{"line":82,"column":67},"end":{"line":82,"column":82}},"37":{"start":{"line":83,"column":4},"end":{"line":86,"column":null}},"38":{"start":{"line":89,"column":27},"end":{"line":89,"column":null}},"39":{"start":{"line":89,"column":45},"end":{"line":89,"column":null}},"40":{"start":{"line":89,"column":67},"end":{"line":89,"column":82}},"41":{"start":{"line":90,"column":4},"end":{"line":93,"column":null}},"42":{"start":{"line":96,"column":17},"end":{"line":96,"column":null}},"43":{"start":{"line":98,"column":4},"end":{"line":105,"column":null}},"44":{"start":{"line":99,"column":8},"end":{"line":104,"column":null}},"45":{"start":{"line":100,"column":32},"end":{"line":100,"column":null}},"46":{"start":{"line":101,"column":12},"end":{"line":101,"column":null}},"47":{"start":{"line":103,"column":12},"end":{"line":103,"column":null}},"48":{"start":{"line":107,"column":4},"end":{"line":114,"column":null}},"49":{"start":{"line":108,"column":8},"end":{"line":113,"column":null}},"50":{"start":{"line":109,"column":18},"end":{"line":109,"column":null}},"51":{"start":{"line":110,"column":12},"end":{"line":110,"column":null}},"52":{"start":{"line":112,"column":12},"end":{"line":112,"column":null}},"53":{"start":{"line":116,"column":4},"end":{"line":116,"column":null}}},"fnMap":{"0":{"name":"(anonymous_0)","decl":{"start":{"line":7,"column":31},"end":{"line":7,"column":32}},"loc":{"start":{"line":7,"column":70},"end":{"line":11,"column":null}},"line":7},"1":{"name":"(anonymous_1)","decl":{"start":{"line":16,"column":26},"end":{"line":16,"column":27}},"loc":{"start":{"line":16,"column":50},"end":{"line":19,"column":null}},"line":16},"2":{"name":"(anonymous_2)","decl":{"start":{"line":24,"column":31},"end":{"line":24,"column":32}},"loc":{"start":{"line":24,"column":56},"end":{"line":29,"column":null}},"line":24},"3":{"name":"(anonymous_3)","decl":{"start":{"line":27,"column":13},"end":{"line":27,"column":21}},"loc":{"start":{"line":27,"column":21},"end":{"line":27,"column":79}},"line":27},"4":{"name":"(anonymous_4)","decl":{"start":{"line":34,"column":38},"end":{"line":34,"column":39}},"loc":{"start":{"line":34,"column":74},"end":{"line":38,"column":null}},"line":34},"5":{"name":"(anonymous_5)","decl":{"start":{"line":43,"column":36},"end":{"line":43,"column":37}},"loc":{"start":{"line":43,"column":63},"end":{"line":48,"column":null}},"line":43},"6":{"name":"(anonymous_6)","decl":{"start":{"line":53,"column":32},"end":{"line":53,"column":null}},"loc":{"start":{"line":60,"column":13},"end":{"line":117,"column":null}},"line":60},"7":{"name":"(anonymous_7)","decl":{"start":{"line":71,"column":32},"end":{"line":71,"column":37}},"loc":{"start":{"line":71,"column":37},"end":{"line":71,"column":64}},"line":71},"8":{"name":"(anonymous_8)","decl":{"start":{"line":82,"column":25},"end":{"line":82,"column":26}},"loc":{"start":{"line":82,"column":43},"end":{"line":82,"column":null}},"line":82},"9":{"name":"(anonymous_9)","decl":{"start":{"line":82,"column":62},"end":{"line":82,"column":67}},"loc":{"start":{"line":82,"column":67},"end":{"line":82,"column":82}},"line":82},"10":{"name":"(anonymous_10)","decl":{"start":{"line":89,"column":27},"end":{"line":89,"column":28}},"loc":{"start":{"line":89,"column":45},"end":{"line":89,"column":null}},"line":89},"11":{"name":"(anonymous_11)","decl":{"start":{"line":89,"column":62},"end":{"line":89,"column":67}},"loc":{"start":{"line":89,"column":67},"end":{"line":89,"column":82}},"line":89}},"branchMap":{"0":{"loc":{"start":{"line":7,"column":42},"end":{"line":7,"column":70}},"type":"default-arg","locations":[{"start":{"line":7,"column":52},"end":{"line":7,"column":70}}],"line":7},"1":{"loc":{"start":{"line":8,"column":4},"end":{"line":8,"column":null}},"type":"if","locations":[{"start":{"line":8,"column":4},"end":{"line":8,"column":null}},{"start":{},"end":{}}],"line":8},"2":{"loc":{"start":{"line":10,"column":11},"end":{"line":10,"column":null}},"type":"cond-expr","locations":[{"start":{"line":10,"column":21},"end":{"line":10,"column":41}},{"start":{"line":10,"column":41},"end":{"line":10,"column":null}}],"line":10},"3":{"loc":{"start":{"line":17,"column":4},"end":{"line":17,"column":null}},"type":"if","locations":[{"start":{"line":17,"column":4},"end":{"line":17,"column":null}},{"start":{},"end":{}}],"line":17},"4":{"loc":{"start":{"line":25,"column":4},"end":{"line":25,"column":null}},"type":"if","locations":[{"start":{"line":25,"column":4},"end":{"line":25,"column":null}},{"start":{},"end":{}}],"line":25},"5":{"loc":{"start":{"line":35,"column":4},"end":{"line":35,"column":null}},"type":"if","locations":[{"start":{"line":35,"column":4},"end":{"line":35,"column":null}},{"start":{},"end":{}}],"line":35},"6":{"loc":{"start":{"line":35,"column":8},"end":{"line":35,"column":31}},"type":"binary-expr","locations":[{"start":{"line":35,"column":8},"end":{"line":35,"column":18}},{"start":{"line":35,"column":18},"end":{"line":35,"column":31}}],"line":35},"7":{"loc":{"start":{"line":36,"column":16},"end":{"line":36,"column":null}},"type":"cond-expr","locations":[{"start":{"line":36,"column":44},"end":{"line":36,"column":69}},{"start":{"line":36,"column":69},"end":{"line":36,"column":null}}],"line":36},"8":{"loc":{"start":{"line":36,"column":44},"end":{"line":36,"column":69}},"type":"binary-expr","locations":[{"start":{"line":36,"column":44},"end":{"line":36,"column":65}},{"start":{"line":36,"column":65},"end":{"line":36,"column":69}}],"line":36},"9":{"loc":{"start":{"line":44,"column":4},"end":{"line":44,"column":null}},"type":"if","locations":[{"start":{"line":44,"column":4},"end":{"line":44,"column":null}},{"start":{},"end":{}}],"line":44},"10":{"loc":{"start":{"line":47,"column":11},"end":{"line":47,"column":null}},"type":"binary-expr","locations":[{"start":{"line":47,"column":11},"end":{"line":47,"column":34}},{"start":{"line":47,"column":34},"end":{"line":47,"column":null}}],"line":47},"11":{"loc":{"start":{"line":61,"column":4},"end":{"line":61,"column":null}},"type":"if","locations":[{"start":{"line":61,"column":4},"end":{"line":61,"column":null}},{"start":{},"end":{}}],"line":61},"12":{"loc":{"start":{"line":65,"column":34},"end":{"line":65,"column":60}},"type":"binary-expr","locations":[{"start":{"line":65,"column":34},"end":{"line":65,"column":58}},{"start":{"line":65,"column":58},"end":{"line":65,"column":60}}],"line":65},"13":{"loc":{"start":{"line":66,"column":34},"end":{"line":66,"column":65}},"type":"binary-expr","locations":[{"start":{"line":66,"column":34},"end":{"line":66,"column":63}},{"start":{"line":66,"column":63},"end":{"line":66,"column":65}}],"line":66},"14":{"loc":{"start":{"line":70,"column":18},"end":{"line":70,"column":null}},"type":"binary-expr","locations":[{"start":{"line":70,"column":18},"end":{"line":70,"column":43}},{"start":{"line":70,"column":43},"end":{"line":70,"column":null}}],"line":70},"15":{"loc":{"start":{"line":71,"column":21},"end":{"line":71,"column":null}},"type":"binary-expr","locations":[{"start":{"line":71,"column":21},"end":{"line":71,"column":69}},{"start":{"line":71,"column":69},"end":{"line":71,"column":null}}],"line":71},"16":{"loc":{"start":{"line":73,"column":4},"end":{"line":79,"column":null}},"type":"if","locations":[{"start":{"line":73,"column":4},"end":{"line":79,"column":null}},{"start":{},"end":{}}],"line":73},"17":{"loc":{"start":{"line":82,"column":43},"end":{"line":82,"column":null}},"type":"binary-expr","locations":[{"start":{"line":82,"column":43},"end":{"line":82,"column":93}},{"start":{"line":82,"column":93},"end":{"line":82,"column":null}}],"line":82},"18":{"loc":{"start":{"line":89,"column":45},"end":{"line":89,"column":null}},"type":"binary-expr","locations":[{"start":{"line":89,"column":45},"end":{"line":89,"column":93}},{"start":{"line":89,"column":93},"end":{"line":89,"column":null}}],"line":89},"19":{"loc":{"start":{"line":96,"column":17},"end":{"line":96,"column":null}},"type":"binary-expr","locations":[{"start":{"line":96,"column":17},"end":{"line":96,"column":31}},{"start":{"line":96,"column":31},"end":{"line":96,"column":null}}],"line":96},"20":{"loc":{"start":{"line":98,"column":4},"end":{"line":105,"column":null}},"type":"if","locations":[{"start":{"line":98,"column":4},"end":{"line":105,"column":null}},{"start":{},"end":{}}],"line":98},"21":{"loc":{"start":{"line":99,"column":8},"end":{"line":104,"column":null}},"type":"if","locations":[{"start":{"line":99,"column":8},"end":{"line":104,"column":null}},{"start":{"line":102,"column":15},"end":{"line":104,"column":null}}],"line":99},"22":{"loc":{"start":{"line":107,"column":4},"end":{"line":114,"column":null}},"type":"if","locations":[{"start":{"line":107,"column":4},"end":{"line":114,"column":null}},{"start":{},"end":{}}],"line":107},"23":{"loc":{"start":{"line":108,"column":8},"end":{"line":113,"column":null}},"type":"if","locations":[{"start":{"line":108,"column":8},"end":{"line":113,"column":null}},{"start":{"line":111,"column":15},"end":{"line":113,"column":null}}],"line":108}},"s":{"0":8,"1":0,"2":0,"3":0,"4":0,"5":8,"6":0,"7":0,"8":0,"9":8,"10":0,"11":0,"12":0,"13":0,"14":8,"15":33,"16":2,"17":31,"18":33,"19":8,"20":0,"21":0,"22":0,"23":0,"24":8,"25":8,"26":0,"27":8,"28":8,"29":8,"30":16,"31":8,"32":8,"33":8,"34":8,"35":24,"36":42,"37":8,"38":8,"39":24,"40":42,"41":8,"42":8,"43":8,"44":3,"45":2,"46":2,"47":1,"48":8,"49":2,"50":2,"51":2,"52":0,"53":8},"f":{"0":0,"1":0,"2":0,"3":0,"4":33,"5":0,"6":8,"7":16,"8":24,"9":42,"10":24,"11":42},"b":{"0":[0],"1":[0,0],"2":[0,0],"3":[0,0],"4":[0,0],"5":[2,31],"6":[33,3],"7":[0,31],"8":[0,0],"9":[0,0],"10":[0,0],"11":[0,8],"12":[8,0],"13":[8,0],"14":[8,0],"15":[8,0],"16":[8,0],"17":[24,3],"18":[24,3],"19":[8,6],"20":[3,5],"21":[2,1],"22":[2,6],"23":[2,0]},"meta":{"lastBranch":24,"lastFunction":12,"lastStatement":54,"seen":{"s:7:31:11:Infinity":0,"f:7:31:7:32":0,"b:7:52:7:70":0,"b:8:4:8:Infinity:undefined:undefined:undefined:undefined":1,"s:8:4:8:Infinity":1,"s:8:14:8:Infinity":2,"s:9:16:9:Infinity":3,"s:10:4:10:Infinity":4,"b:10:21:10:41:10:41:10:Infinity":2,"s:16:26:19:Infinity":5,"f:16:26:16:27":1,"b:17:4:17:Infinity:undefined:undefined:undefined:undefined":3,"s:17:4:17:Infinity":6,"s:17:16:17:Infinity":7,"s:18:4:18:Infinity":8,"s:24:31:29:Infinity":9,"f:24:31:24:32":2,"b:25:4:25:Infinity:undefined:undefined:undefined:undefined":4,"s:25:4:25:Infinity":10,"s:25:14:25:Infinity":11,"s:26:4:28:Infinity":12,"f:27:13:27:21":3,"s:27:21:27:79":13,"s:34:38:38:Infinity":14,"f:34:38:34:39":4,"b:35:4:35:Infinity:undefined:undefined:undefined:undefined":5,"s:35:4:35:Infinity":15,"b:35:8:35:18:35:18:35:31":6,"s:35:31:35:Infinity":16,"s:36:16:36:Infinity":17,"b:36:44:36:69:36:69:36:Infinity":7,"b:36:44:36:65:36:65:36:69":8,"s:37:4:37:Infinity":18,"s:43:36:48:Infinity":19,"f:43:36:43:37":5,"b:44:4:44:Infinity:undefined:undefined:undefined:undefined":9,"s:44:4:44:Infinity":20,"s:44:16:44:Infinity":21,"s:46:20:46:Infinity":22,"s:47:4:47:Infinity":23,"b:47:11:47:34:47:34:47:Infinity":10,"s:53:32:117:Infinity":24,"f:53:32:53:Infinity":6,"b:61:4:61:Infinity:undefined:undefined:undefined:undefined":11,"s:61:4:61:Infinity":25,"s:61:15:61:Infinity":26,"s:64:17:67:Infinity":27,"b:65:34:65:58:65:58:65:60":12,"b:66:34:66:63:66:63:66:65":13,"s:70:18:70:Infinity":28,"b:70:18:70:43:70:43:70:Infinity":14,"s:71:21:71:Infinity":29,"b:71:21:71:69:71:69:71:Infinity":15,"f:71:32:71:37":7,"s:71:37:71:64":30,"b:73:4:79:Infinity:undefined:undefined:undefined:undefined":16,"s:73:4:79:Infinity":31,"s:74:26:74:Infinity":32,"s:75:8:78:Infinity":33,"s:82:25:82:Infinity":34,"f:82:25:82:26":8,"s:82:43:82:Infinity":35,"b:82:43:82:93:82:93:82:Infinity":17,"f:82:62:82:67":9,"s:82:67:82:82":36,"s:83:4:86:Infinity":37,"s:89:27:89:Infinity":38,"f:89:27:89:28":10,"s:89:45:89:Infinity":39,"b:89:45:89:93:89:93:89:Infinity":18,"f:89:62:89:67":11,"s:89:67:89:82":40,"s:90:4:93:Infinity":41,"s:96:17:96:Infinity":42,"b:96:17:96:31:96:31:96:Infinity":19,"b:98:4:105:Infinity:undefined:undefined:undefined:undefined":20,"s:98:4:105:Infinity":43,"b:99:8:104:Infinity:102:15:104:Infinity":21,"s:99:8:104:Infinity":44,"s:100:32:100:Infinity":45,"s:101:12:101:Infinity":46,"s:103:12:103:Infinity":47,"b:107:4:114:Infinity:undefined:undefined:undefined:undefined":22,"s:107:4:114:Infinity":48,"b:108:8:113:Infinity:111:15:113:Infinity":23,"s:108:8:113:Infinity":49,"s:109:18:109:Infinity":50,"s:110:12:110:Infinity":51,"s:112:12:112:Infinity":52,"s:116:4:116:Infinity":53}}}
,"C:\\Users\\WIN10\\האחסון שלי\\projects\\winwin\\utils\\translations\\en.ts": {"path":"C:\\Users\\WIN10\\האחסון שלי\\projects\\winwin\\utils\\translations\\en.ts","statementMap":{"0":{"start":{"line":1,"column":18},"end":{"line":528,"column":null}}},"fnMap":{},"branchMap":{},"s":{"0":10},"f":{},"b":{},"meta":{"lastBranch":0,"lastFunction":0,"lastStatement":1,"seen":{"s:1:18:528:Infinity":0}}}
,"C:\\Users\\WIN10\\האחסון שלי\\projects\\winwin\\utils\\translations\\he.ts": {"path":"C:\\Users\\WIN10\\האחסון שלי\\projects\\winwin\\utils\\translations\\he.ts","statementMap":{"0":{"start":{"line":1,"column":18},"end":{"line":557,"column":null}}},"fnMap":{},"branchMap":{},"s":{"0":10},"f":{},"b":{},"meta":{"lastBranch":0,"lastFunction":0,"lastStatement":1,"seen":{"s:1:18:557:Infinity":0}}}
}
